#
# A fatal error has been detected by the Java Runtime Environment:
#
#  SIGSEGV (0xb) at pc=0x00007fff886ac8f2, pid=2493, tid=1299
#
# JRE version: 7.0_07-b10
# Java VM: Java HotSpot(TM) 64-Bit Server VM (23.3-b01 mixed mode bsd-amd64 compressed oops)
# Problematic frame:
# C  [libGPUSupportMercury.dylib+0xb8f2]  gldAttachDrawable+0x60
#
# Failed to write core dump. Core dumps have been disabled. To enable core dumping, try "ulimit -c unlimited" before starting Java again
#
# If you would like to submit a bug report, please visit:
#   http://bugreport.sun.com/bugreport/crash.jsp
# The crash happened outside the Java Virtual Machine in native code.
# See problematic frame for where to report the bug.
#

---------------  T H R E A D  ---------------

Current thread (0x00007fe922089800):  JavaThread "AppKit Thread" daemon [_thread_in_native, id=1299, stack(0x00007fff58f87000,0x00007fff59007000)]

siginfo:si_signo=SIGSEGV: si_errno=0, si_code=0 (SEGV0), si_addr=0x0000000000000000

Registers:
RAX=0xe000000000000000, RBX=0x000000000000271e, RCX=0x0000000000000000, RDX=0x00007fe920673db8
RSP=0x00007fff59001530, RBP=0x00007fff59001630, RSI=0x0000000000000050, RDI=0x00007fff784ec070
R8 =0x00007fe923809e60, R9 =0x00007fe923000000, R10=0x000000000000003c, R11=0x0000000000000206
R12=0x0000000000002718, R13=0x00007fe9208cfe00, R14=0x0000000000000050, R15=0x0000000000000000
RIP=0x00007fff886ac8f2, EFLAGS=0x0000000000010212, ERR=0x0000000000000000
  TRAPNO=0x000000000000000d

Top of Stack: (sp=0x00007fff59001530)
0x00007fff59001530:   00007fff590015a4 00007fe92062c320
0x00007fff59001540:   ffffffffffffffff 0000206000000040
0x00007fff59001550:   00007fe92062c338 00007fff8c28b69f
0x00007fff59001560:   0000000000000000 e000000000000000
0x00007fff59001570:   0000000300000003 00007fff590016b8
0x00007fff59001580:   00007fff59001644 000000000002a98f
0x00007fff59001590:   00007fff5900163c 00007fff59001640
0x00007fff590015a0:   00007fff59001620 00007fff94f44168
0x00007fff590015b0:   0000000000000000 0000000000000614
0x00007fff590015c0:   0000003400001200 0000020b00000000
0x00007fff590015d0:   00007fff59001600 00007fff94ef403c
0x00007fff590015e0:   00007fff59001630 0000000000000614
0x00007fff590015f0:   00000000042801c0 000000003c5a901a
0x00007fff59001600:   e500a99595eb0866 00007fe923800000
0x00007fff59001610:   0000000000002718 0000000000000000
0x00007fff59001620:   0000000000000050 0000000000000000
0x00007fff59001630:   00007fff59001680 00007fff936a87e4
0x00007fff59001640:   00007fe923809e60 0000000000000000
0x00007fff59001650:   00007fe920673db8 00007fe920781cc0
0x00007fff59001660:   0000000000000000 00007fe9220c7550
0x00007fff59001670:   00007fe9220c5600 00007fff784ec070
0x00007fff59001680:   00007fff59001770 00007fff877eb7ac
0x00007fff59001690:   4096800000000000 408b800000000000
0x00007fff590016a0:   4072a00000000000 4089000000000000
0x00007fff590016b0:   4089b00000000000 0000000000000000
0x00007fff590016c0:   4036000000000000 4089000000000000
0x00007fff590016d0:   4089000000000000 0000000000000000
0x00007fff590016e0:   0000000000000000 0000000000000001
0x00007fff590016f0:   00007fe920673db8 0000000000000001
0x00007fff59001700:   00007fff59001770 00007fff877f064c
0x00007fff59001710:   0000000100000003 00007fe9220c7550
0x00007fff59001720:   00007fe9220c7488 0000000295ccffff 

Instructions: (pc=0x00007fff886ac8f2)
0x00007fff886ac8d2:   48 85 d2 b8 01 00 00 00 bb 15 27 00 00 0f 44 d8
0x00007fff886ac8e2:   e9 7f 01 00 00 49 8b 45 08 48 89 85 38 ff ff ff
0x00007fff886ac8f2:   48 8b 00 48 89 85 30 ff ff ff 83 fe 4f 0f 8f fd
0x00007fff886ac902:   00 00 00 48 89 d0 bb 15 27 00 00 83 fe 35 0f 84 

Register to memory mapping:

RAX=0xe000000000000000 is an unknown value
RBX=0x000000000000271e is an unknown value
RCX=0x0000000000000000 is an unknown value
RDX=0x00007fe920673db8 is an unknown value
RSP=0x00007fff59001530 is pointing into the stack for thread: 0x00007fe922089800
RBP=0x00007fff59001630 is pointing into the stack for thread: 0x00007fe922089800
RSI=0x0000000000000050 is an unknown value
RDI=0x00007fff784ec070: __stack_chk_guard+0 in /usr/lib/system/libsystem_c.dylib at 0x00007fff92d91000
R8 =0x00007fe923809e60 is an unknown value
R9 =0x00007fe923000000 is an unknown value
R10=0x000000000000003c is an unknown value
R11=0x0000000000000206 is an unknown value
R12=0x0000000000002718 is an unknown value
R13=0x00007fe9208cfe00 is an unknown value
R14=0x0000000000000050 is an unknown value
R15=0x0000000000000000 is an unknown value


Stack: [0x00007fff58f87000,0x00007fff59007000],  sp=0x00007fff59001530,  free space=489k
Native frames: (J=compiled Java code, j=interpreted, Vv=VM code, C=native code)
C  [libGPUSupportMercury.dylib+0xb8f2]  gldAttachDrawable+0x60
C  [GLEngine+0x167e4]  gliAttachDrawableWithOptions+0x101
C  [OpenGL+0x37ac]  glcGetIOAccelService+0xe03
C  [OpenGL+0x73f3]  CGLSetPBuffer+0xb90
C  [OpenGL+0x7716]  CGLSetSurface+0x124
C  [AppKit+0x57bf47]  NSOpenGLContextAttachOnScreenViewSurface+0x109
C  [AppKit+0x2c66ab]  -[NSOpenGLContext setView:]+0x83
C  [liblwjgl.jnilib+0x9f3e]  -[MacOSXOpenGLView lockFocus]+0x6e
C  [AppKit+0x14e775]  -[NSView _recursiveDisplayRectIfNeededIgnoringOpacity:isVisibleRect:rectIsVisibleRectForView:topView:]+0x740
C  [AppKit+0x14f7d0]  -[NSView _recursiveDisplayRectIfNeededIgnoringOpacity:isVisibleRect:rectIsVisibleRectForView:topView:]+0x179b
C  [AppKit+0x14db23]  -[NSThemeFrame _recursiveDisplayRectIfNeededIgnoringOpacity:isVisibleRect:rectIsVisibleRectForView:topView:]+0x14d
C  [AppKit+0x14a67b]  -[NSView _displayRectIgnoringOpacity:isVisibleRect:rectIsVisibleRectForView:]+0xac9
C  [AppKit+0x12907a]  -[NSView displayIfNeeded]+0x754
C  [AppKit+0x146575]  -[NSWindow displayIfNeeded]+0xe8
C  [AppKit+0x183772]  _handleWindowNeedsDisplayOrLayoutOrUpdateConstraints+0x3a8
C  [AppKit+0x748cf1]  __83-[NSWindow _postWindowNeedsDisplayOrLayoutOrUpdateConstraintsUnlessPostingDisabled]_block_invoke1523+0x2e
C  [CoreFoundation+0x7fd87]  __CFRUNLOOP_IS_CALLING_OUT_TO_AN_OBSERVER_CALLBACK_FUNCTION__+0x17
C  [CoreFoundation+0x7fce0]  __CFRunLoopDoObservers+0x170
C  [CoreFoundation+0x71de8]  __CFRunLoopRun+0x368
C  [CoreFoundation+0x71838]  CFRunLoopRunSpecific+0x128
C  [HIToolbox+0x2e43f]  RunCurrentEventLoopInMode+0xeb
C  [HIToolbox+0x2e0be]  ReceiveNextEventCommon+0xb3
C  [HIToolbox+0x2dffb]  _BlockUntilNextEventMatchingListInModeWithFilter+0x47
C  [AppKit+0x246d1]  _DPSNextEvent+0x3c4
C  [AppKit+0x23e80]  -[NSApplication nextEventMatchingMask:untilDate:inMode:dequeue:]+0xc2
C  [libosxapp.dylib+0x1b56]  -[NSApplicationAWT nextEventMatchingMask:untilDate:inMode:dequeue:]+0x7c
C  [AppKit+0x17e23]  -[NSApplication run]+0x252
C  [libosxapp.dylib+0x19b9]  +[NSApplicationAWT runAWTLoopWithApp:]+0x9c
C  [liblwawt.dylib+0xda5a]  -[AWTStarter starter:]+0x637
C  [Foundation+0x65f4c]  __NSThreadPerformPerform+0x125
C  [CoreFoundation+0x80661]  __CFRUNLOOP_IS_CALLING_OUT_TO_A_SOURCE0_PERFORM_FUNCTION__+0x11
C  [CoreFoundation+0x727ed]  __CFRunLoopDoSources0+0x10d
C  [CoreFoundation+0x71e1f]  __CFRunLoopRun+0x39f
C  [CoreFoundation+0x71838]  CFRunLoopRunSpecific+0x128
C  [java+0x74bc]  CreateExecutionEnvironment+0x367
C  [java+0x1cac]  JLI_Launch+0x7a0
C  [java+0x7819]  main+0x65
C  [java+0x1504]  start+0x34


---------------  P R O C E S S  ---------------

Java Threads: ( => current thread )
  0x00007fe922046000 JavaThread "AWT-Shutdown" [_thread_blocked, id=101263, stack(0x000000010d816000,0x000000010d916000)]
=>0x00007fe922089800 JavaThread "AppKit Thread" daemon [_thread_in_native, id=1299, stack(0x00007fff58f87000,0x00007fff59007000)]
  0x00007fe921867800 JavaThread "Service Thread" daemon [_thread_blocked, id=13571, stack(0x000000010d373000,0x000000010d473000)]
  0x00007fe921867000 JavaThread "C2 CompilerThread1" daemon [_thread_blocked, id=13315, stack(0x000000010d270000,0x000000010d370000)]
  0x00007fe921866000 JavaThread "C2 CompilerThread0" daemon [_thread_blocked, id=13079, stack(0x000000010d16d000,0x000000010d26d000)]
  0x00007fe92185e000 JavaThread "Signal Dispatcher" daemon [_thread_blocked, id=9235, stack(0x000000010d06a000,0x000000010d16a000)]
  0x00007fe92080f800 JavaThread "Finalizer" daemon [_thread_blocked, id=8707, stack(0x000000010b7b4000,0x000000010b8b4000)]
  0x00007fe92080f000 JavaThread "Reference Handler" daemon [_thread_blocked, id=8451, stack(0x000000010b6b1000,0x000000010b7b1000)]
  0x00007fe921801000 JavaThread "main" [_thread_in_native, id=4355, stack(0x00000001080a8000,0x00000001081a8000)]

Other Threads:
  0x00007fe92080b000 VMThread [stack: 0x000000010b5ae000,0x000000010b6ae000] [id=8195]
  0x00007fe92185f000 WatcherThread [stack: 0x000000010d476000,0x000000010d576000] [id=13827]

VM state:not at safepoint (normal execution)

VM Mutex/Monitor currently owned by a thread: None

Heap
 def new generation   total 5824K, used 4827K [0x00000007e7c00000, 0x00000007e8250000, 0x00000007ee200000)
  eden space 5184K,  93% used [0x00000007e7c00000, 0x00000007e80b6d80, 0x00000007e8110000)
  from space 640K,   0% used [0x00000007e8110000, 0x00000007e8110000, 0x00000007e81b0000)
  to   space 640K,   0% used [0x00000007e81b0000, 0x00000007e81b0000, 0x00000007e8250000)
 tenured generation   total 13056K, used 0K [0x00000007ee200000, 0x00000007eeec0000, 0x00000007fae00000)
   the space 13056K,   0% used [0x00000007ee200000, 0x00000007ee200000, 0x00000007ee200200, 0x00000007eeec0000)
 compacting perm gen  total 21248K, used 5071K [0x00000007fae00000, 0x00000007fc2c0000, 0x0000000800000000)
   the space 21248K,  23% used [0x00000007fae00000, 0x00000007fb2f3f10, 0x00000007fb2f4000, 0x00000007fc2c0000)
No shared spaces configured.

Card table byte_map: [0x000000010b26a000,0x000000010b32d000] byte_map_base: 0x000000010732c000

Polling page: 0x0000000106d48000

Code Cache  [0x00000001081aa000, 0x000000010841a000, 0x000000010b1aa000)
 total_blobs=313 nmethods=38 adapters=228 free_code_cache=48679Kb largest_free_block=49817536

Compilation events (10 events):
Event: 1.676 Thread 0x00007fe921866000 nmethod 31 0x0000000108220d90 code [0x0000000108220ec0, 0x0000000108220f38]
Event: 1.677 Thread 0x00007fe921867000 nmethod 32 0x0000000108220fd0 code [0x0000000108221120, 0x0000000108221218]
Event: 1.679 Thread 0x00007fe921866000   33   !         org.lwjgl.opengl.Sync::sync (125 bytes)
Event: 1.691 Thread 0x00007fe921866000 nmethod 33 0x000000010821d250 code [0x000000010821d440, 0x000000010821ddb0]
Event: 2.199 Thread 0x00007fe921866000   37             org.lwjgl.opengl.GLContext::getCapabilitiesImpl (23 bytes)
Event: 2.199 Thread 0x00007fe921867000   36             org.lwjgl.opengl.GLContext::getCapabilities (20 bytes)
Event: 2.199 Thread 0x00007fe921866000 nmethod 37 0x000000010821cc50 code [0x000000010821cda0, 0x000000010821ce38]
Event: 2.199 Thread 0x00007fe921867000 nmethod 36 0x000000010821f310 code [0x000000010821f460, 0x000000010821f518]
Event: 2.199 Thread 0x00007fe921866000   38             org.lwjgl.BufferChecks::checkFunctionAddress (23 bytes)
Event: 2.200 Thread 0x00007fe921866000 nmethod 38 0x000000010821f110 code [0x000000010821f240, 0x000000010821f298]

GC Heap History (0 events):
No events

Deoptimization events (0 events):
No events

Internal exceptions (10 events):
Event: 1.004 Thread 0x00007fe921801000 Threw 0x00000007e8031730 at /HUDSON/workspace/jdk7u7-2-build-macosx-amd64-product/jdk7u7/hotspot/src/share/vm/prims/jvm.cpp:1166
Event: 1.004 Thread 0x00007fe921801000 Threw 0x00000007e8037cf8 at /HUDSON/workspace/jdk7u7-2-build-macosx-amd64-product/jdk7u7/hotspot/src/share/vm/prims/jvm.cpp:1166
Event: 1.006 Thread 0x00007fe921801000 Threw 0x00000007e80509a0 at /HUDSON/workspace/jdk7u7-2-build-macosx-amd64-product/jdk7u7/hotspot/src/share/vm/prims/jvm.cpp:1166
Event: 1.006 Thread 0x00007fe921801000 Threw 0x00000007e8054ab8 at /HUDSON/workspace/jdk7u7-2-build-macosx-amd64-product/jdk7u7/hotspot/src/share/vm/prims/jvm.cpp:1166
Event: 1.010 Thread 0x00007fe921801000 Threw 0x00000007e806cad0 at /HUDSON/workspace/jdk7u7-2-build-macosx-amd64-product/jdk7u7/hotspot/src/share/vm/prims/jvm.cpp:1166
Event: 1.010 Thread 0x00007fe921801000 Threw 0x00000007e8072fa8 at /HUDSON/workspace/jdk7u7-2-build-macosx-amd64-product/jdk7u7/hotspot/src/share/vm/prims/jvm.cpp:1166
Event: 1.020 Thread 0x00007fe921801000 Threw 0x00000007e8077ee8 at /HUDSON/workspace/jdk7u7-2-build-macosx-amd64-product/jdk7u7/hotspot/src/share/vm/prims/jvm.cpp:1166
Event: 1.025 Thread 0x00007fe921801000 Threw 0x00000007e8082320 at /HUDSON/workspace/jdk7u7-2-build-macosx-amd64-product/jdk7u7/hotspot/src/share/vm/prims/jvm.cpp:1166
Event: 1.026 Thread 0x00007fe921801000 Threw 0x00000007e80876b8 at /HUDSON/workspace/jdk7u7-2-build-macosx-amd64-product/jdk7u7/hotspot/src/share/vm/prims/jvm.cpp:1166
Event: 3.385 Thread 0x00007fe921801000 Threw 0x00000007e808fcb8 at /HUDSON/workspace/jdk7u7-2-build-macosx-amd64-product/jdk7u7/hotspot/src/share/vm/prims/jvm.cpp:1166

Events (10 events):
Event: 2.781 loading class 0x00007fe9204289a0
Event: 2.781 loading class 0x00007fe9204289a0 done
Event: 2.781 loading class 0x00007fe920576900
Event: 2.781 loading class 0x00007fe920576900 done
Event: 2.781 loading class 0x00007fe92062a8e0
Event: 2.781 loading class 0x00007fe92062a8e0 done
Event: 2.781 Thread 0x00007fe922046000 Thread exited: 0x00007fe922046000
Event: 3.273 Thread 0x00007fe922046000 Thread added: 0x00007fe922046000
Event: 3.385 loading class 0x00007fe92065eba0
Event: 3.385 loading class 0x00007fe92065eba0 done


Dynamic libraries:
0x00000000067c5000 	/System/Library/Frameworks/Cocoa.framework/Versions/A/Cocoa
0x00000000067c5000 	/System/Library/Frameworks/Security.framework/Versions/A/Security
0x00000000067c5000 	/System/Library/Frameworks/ApplicationServices.framework/Versions/A/ApplicationServices
0x00000000067c5000 	/usr/lib/libz.1.dylib
0x00000000067c5000 	/usr/lib/libSystem.B.dylib
0x00000000067c5000 	/usr/lib/libobjc.A.dylib
0x00000000067c5000 	/System/Library/Frameworks/CoreFoundation.framework/Versions/A/CoreFoundation
0x00000000067c5000 	/System/Library/Frameworks/AppKit.framework/Versions/C/AppKit
0x00000000067c5000 	/System/Library/Frameworks/CoreData.framework/Versions/A/CoreData
0x00000000067c5000 	/System/Library/Frameworks/Foundation.framework/Versions/C/Foundation
0x00000000067c5000 	/System/Library/PrivateFrameworks/RemoteViewServices.framework/Versions/A/RemoteViewServices
0x00000000067c5000 	/System/Library/PrivateFrameworks/UIFoundation.framework/Versions/A/UIFoundation
0x00000000067c5000 	/System/Library/Frameworks/IOSurface.framework/Versions/A/IOSurface
0x00000000067c5000 	/System/Library/Frameworks/AudioToolbox.framework/Versions/A/AudioToolbox
0x00000000067c5000 	/System/Library/Frameworks/AudioUnit.framework/Versions/A/AudioUnit
0x00000000067c5000 	/System/Library/PrivateFrameworks/DataDetectorsCore.framework/Versions/A/DataDetectorsCore
0x00000000067c5000 	/System/Library/PrivateFrameworks/DesktopServicesPriv.framework/Versions/A/DesktopServicesPriv
0x00000000067c5000 	/System/Library/Frameworks/Carbon.framework/Versions/A/Frameworks/HIToolbox.framework/Versions/A/HIToolbox
0x00000000067c5000 	/System/Library/Frameworks/QuartzCore.framework/Versions/A/QuartzCore
0x00000000067c5000 	/System/Library/Frameworks/Carbon.framework/Versions/A/Frameworks/SpeechRecognition.framework/Versions/A/SpeechRecognition
0x00000000067c5000 	/usr/lib/libauto.dylib
0x00000000067c5000 	/usr/lib/libicucore.A.dylib
0x00000000067c5000 	/usr/lib/libxml2.2.dylib
0x00000000067c5000 	/System/Library/PrivateFrameworks/CoreUI.framework/Versions/A/CoreUI
0x00000000067c5000 	/System/Library/Frameworks/CoreAudio.framework/Versions/A/CoreAudio
0x00000000067c5000 	/System/Library/Frameworks/DiskArbitration.framework/Versions/A/DiskArbitration
0x00000000067c5000 	/usr/lib/liblangid.dylib
0x00000000067c5000 	/System/Library/PrivateFrameworks/MultitouchSupport.framework/Versions/A/MultitouchSupport
0x00000000067c5000 	/System/Library/Frameworks/IOKit.framework/Versions/A/IOKit
0x00000000067c5000 	/usr/lib/libDiagnosticMessagesClient.dylib
0x00000000067c5000 	/System/Library/Frameworks/CoreServices.framework/Versions/A/CoreServices
0x00000000067c5000 	/System/Library/PrivateFrameworks/PerformanceAnalysis.framework/Versions/A/PerformanceAnalysis
0x00000000067c5000 	/System/Library/PrivateFrameworks/GenerationalStorage.framework/Versions/A/GenerationalStorage
0x00000000067c5000 	/System/Library/Frameworks/OpenGL.framework/Versions/A/OpenGL
0x00000000067c5000 	/System/Library/PrivateFrameworks/Sharing.framework/Versions/A/Sharing
0x00000000067c5000 	/System/Library/Frameworks/CoreGraphics.framework/Versions/A/CoreGraphics
0x00000000067c5000 	/System/Library/Frameworks/CoreText.framework/Versions/A/CoreText
0x00000000067c5000 	/System/Library/Frameworks/ImageIO.framework/Versions/A/ImageIO
0x00000000067c5000 	/usr/lib/libextension.dylib
0x00000000067c5000 	/System/Library/PrivateFrameworks/Backup.framework/Versions/A/Backup
0x00000000067c5000 	/usr/lib/libarchive.2.dylib
0x00000000067c5000 	/System/Library/Frameworks/CFNetwork.framework/Versions/A/CFNetwork
0x00000000067c5000 	/System/Library/Frameworks/SystemConfiguration.framework/Versions/A/SystemConfiguration
0x00000000067c5000 	/usr/lib/libCRFSuite.dylib
0x00000000067c5000 	/usr/lib/libc++.1.dylib
0x00000000067c5000 	/usr/lib/libc++abi.dylib
0x00000000067c5000 	/usr/lib/system/libcache.dylib
0x00000000067c5000 	/usr/lib/system/libcommonCrypto.dylib
0x00000000067c5000 	/usr/lib/system/libcompiler_rt.dylib
0x00000000067c5000 	/usr/lib/system/libcopyfile.dylib
0x00000000067c5000 	/usr/lib/system/libcorecrypto.dylib
0x00000000067c5000 	/usr/lib/system/libdispatch.dylib
0x00000000067c5000 	/usr/lib/system/libdyld.dylib
0x00000000067c5000 	/usr/lib/system/libkeymgr.dylib
0x00000000067c5000 	/usr/lib/system/liblaunch.dylib
0x00000000067c5000 	/usr/lib/system/libmacho.dylib
0x00000000067c5000 	/usr/lib/system/libquarantine.dylib
0x00000000067c5000 	/usr/lib/system/libremovefile.dylib
0x00000000067c5000 	/usr/lib/system/libsystem_asl.dylib
0x00000000067c5000 	/usr/lib/system/libsystem_blocks.dylib
0x00000000067c5000 	/usr/lib/system/libsystem_c.dylib
0x00000000067c5000 	/usr/lib/system/libsystem_configuration.dylib
0x00000000067c5000 	/usr/lib/system/libsystem_coreservices.dylib
0x00000000067c5000 	/usr/lib/system/libsystem_coretls.dylib
0x00000000067c5000 	/usr/lib/system/libsystem_dnssd.dylib
0x00000000067c5000 	/usr/lib/system/libsystem_info.dylib
0x00000000067c5000 	/usr/lib/system/libsystem_kernel.dylib
0x00000000067c5000 	/usr/lib/system/libsystem_m.dylib
0x00000000067c5000 	/usr/lib/system/libsystem_malloc.dylib
0x00000000067c5000 	/usr/lib/system/libsystem_network.dylib
0x00000000067c5000 	/usr/lib/system/libsystem_networkextension.dylib
0x00000000067c5000 	/usr/lib/system/libsystem_notify.dylib
0x00000000067c5000 	/usr/lib/system/libsystem_platform.dylib
0x00000000067c5000 	/usr/lib/system/libsystem_pthread.dylib
0x00000000067c5000 	/usr/lib/system/libsystem_sandbox.dylib
0x00000000067c5000 	/usr/lib/system/libsystem_secinit.dylib
0x00000000067c5000 	/usr/lib/system/libsystem_stats.dylib
0x00000000067c5000 	/usr/lib/system/libsystem_trace.dylib
0x00000000067c5000 	/usr/lib/system/libunc.dylib
0x00000000067c5000 	/usr/lib/system/libunwind.dylib
0x00000000067c5000 	/usr/lib/system/libxpc.dylib
0x00000000067c5000 	/usr/lib/libbz2.1.0.dylib
0x00000000067c5000 	/usr/lib/liblzma.5.dylib
0x00000000067c5000 	/usr/lib/libbsm.0.dylib
0x00000000067c5000 	/usr/lib/libsqlite3.dylib
0x00000000067c5000 	/usr/lib/system/libkxld.dylib
0x00000000067c5000 	/usr/lib/libxar.1.dylib
0x00000000067c5000 	/usr/lib/libpam.2.dylib
0x00000000067c5000 	/usr/lib/libOpenScriptingUtil.dylib
0x00000000067c5000 	/System/Library/Frameworks/CoreServices.framework/Versions/A/Frameworks/FSEvents.framework/Versions/A/FSEvents
0x00000000067c5000 	/System/Library/Frameworks/CoreServices.framework/Versions/A/Frameworks/CarbonCore.framework/Versions/A/CarbonCore
0x00000000067c5000 	/System/Library/Frameworks/CoreServices.framework/Versions/A/Frameworks/Metadata.framework/Versions/A/Metadata
0x00000000067c5000 	/System/Library/Frameworks/CoreServices.framework/Versions/A/Frameworks/OSServices.framework/Versions/A/OSServices
0x00000000067c5000 	/System/Library/Frameworks/CoreServices.framework/Versions/A/Frameworks/SearchKit.framework/Versions/A/SearchKit
0x00000000067c5000 	/System/Library/Frameworks/CoreServices.framework/Versions/A/Frameworks/AE.framework/Versions/A/AE
0x00000000067c5000 	/System/Library/Frameworks/CoreServices.framework/Versions/A/Frameworks/LaunchServices.framework/Versions/A/LaunchServices
0x00000000067c5000 	/System/Library/Frameworks/CoreServices.framework/Versions/A/Frameworks/DictionaryServices.framework/Versions/A/DictionaryServices
0x00000000067c5000 	/System/Library/Frameworks/NetFS.framework/Versions/A/NetFS
0x00000000067c5000 	/System/Library/PrivateFrameworks/NetAuth.framework/Versions/A/NetAuth
0x00000000067c5000 	/System/Library/PrivateFrameworks/login.framework/Versions/A/Frameworks/loginsupport.framework/Versions/A/loginsupport
0x00000000067c5000 	/System/Library/PrivateFrameworks/TCC.framework/Versions/A/TCC
0x00000000067c5000 	/usr/lib/libmecabra.dylib
0x00000000067c5000 	/System/Library/PrivateFrameworks/LanguageModeling.framework/Versions/A/LanguageModeling
0x00000000067c5000 	/usr/lib/libcmph.dylib
0x00000000067c5000 	/usr/lib/libiconv.2.dylib
0x00000000067c5000 	/System/Library/Frameworks/OpenDirectory.framework/Versions/A/Frameworks/CFOpenDirectory.framework/Versions/A/CFOpenDirectory
0x00000000067c5000 	/System/Library/Frameworks/ServiceManagement.framework/Versions/A/ServiceManagement
0x00000000067c5000 	/usr/lib/libxslt.1.dylib
0x00000000067c5000 	/System/Library/Frameworks/Carbon.framework/Versions/A/Frameworks/Ink.framework/Versions/A/Ink
0x00000000067c5000 	/System/Library/Frameworks/ApplicationServices.framework/Versions/A/Frameworks/ATS.framework/Versions/A/ATS
0x00000000067c5000 	/System/Library/Frameworks/ApplicationServices.framework/Versions/A/Frameworks/ColorSync.framework/Versions/A/ColorSync
0x00000000067c5000 	/System/Library/Frameworks/ApplicationServices.framework/Versions/A/Frameworks/HIServices.framework/Versions/A/HIServices
0x00000000067c5000 	/System/Library/Frameworks/ApplicationServices.framework/Versions/A/Frameworks/LangAnalysis.framework/Versions/A/LangAnalysis
0x00000000067c5000 	/System/Library/Frameworks/ApplicationServices.framework/Versions/A/Frameworks/PrintCore.framework/Versions/A/PrintCore
0x00000000067c5000 	/System/Library/Frameworks/ApplicationServices.framework/Versions/A/Frameworks/QD.framework/Versions/A/QD
0x00000000067c5000 	/System/Library/Frameworks/ApplicationServices.framework/Versions/A/Frameworks/SpeechSynthesis.framework/Versions/A/SpeechSynthesis
0x00000000067c5000 	/System/Library/Frameworks/Accelerate.framework/Versions/A/Accelerate
0x00000000067c5000 	/System/Library/Frameworks/Accelerate.framework/Versions/A/Frameworks/vImage.framework/Versions/A/vImage
0x00000000067c5000 	/System/Library/Frameworks/Accelerate.framework/Versions/A/Frameworks/vecLib.framework/Versions/A/vecLib
0x00000000067c5000 	/System/Library/Frameworks/Accelerate.framework/Versions/A/Frameworks/vecLib.framework/Versions/A/libvDSP.dylib
0x00000000067c5000 	/System/Library/Frameworks/Accelerate.framework/Versions/A/Frameworks/vecLib.framework/Versions/A/libvMisc.dylib
0x00000000067c5000 	/System/Library/Frameworks/Accelerate.framework/Versions/A/Frameworks/vecLib.framework/Versions/A/libLAPACK.dylib
0x00000000067c5000 	/System/Library/Frameworks/Accelerate.framework/Versions/A/Frameworks/vecLib.framework/Versions/A/libBLAS.dylib
0x00000000067c5000 	/System/Library/Frameworks/Accelerate.framework/Versions/A/Frameworks/vecLib.framework/Versions/A/libLinearAlgebra.dylib
0x00000000067c5000 	/System/Library/Frameworks/ApplicationServices.framework/Versions/A/Frameworks/ATS.framework/Versions/A/Resources/libFontParser.dylib
0x00000000067c5000 	/System/Library/Frameworks/ApplicationServices.framework/Versions/A/Frameworks/ATS.framework/Versions/A/Resources/libFontRegistry.dylib
0x00000000067c5000 	/System/Library/PrivateFrameworks/AppleVPA.framework/Versions/A/AppleVPA
0x00000000067c5000 	/System/Library/PrivateFrameworks/AppleJPEG.framework/Versions/A/AppleJPEG
0x00000000067c5000 	/System/Library/Frameworks/ImageIO.framework/Versions/A/Resources/libJPEG.dylib
0x00000000067c5000 	/System/Library/Frameworks/ImageIO.framework/Versions/A/Resources/libTIFF.dylib
0x00000000067c5000 	/System/Library/Frameworks/ImageIO.framework/Versions/A/Resources/libPng.dylib
0x00000000067c5000 	/System/Library/Frameworks/ImageIO.framework/Versions/A/Resources/libGIF.dylib
0x00000000067c5000 	/System/Library/Frameworks/ImageIO.framework/Versions/A/Resources/libJP2.dylib
0x00000000067c5000 	/System/Library/Frameworks/ImageIO.framework/Versions/A/Resources/libRadiance.dylib
0x00000000067c5000 	/System/Library/Frameworks/CoreVideo.framework/Versions/A/CoreVideo
0x00000000067c5000 	/System/Library/Frameworks/OpenGL.framework/Versions/A/Libraries/libGLU.dylib
0x00000000067c5000 	/System/Library/Frameworks/OpenGL.framework/Versions/A/Libraries/libGFXShared.dylib
0x00000000067c5000 	/System/Library/Frameworks/OpenGL.framework/Versions/A/Libraries/libGL.dylib
0x00000000067c5000 	/System/Library/Frameworks/OpenGL.framework/Versions/A/Libraries/libGLImage.dylib
0x00000000067c5000 	/System/Library/Frameworks/OpenGL.framework/Versions/A/Libraries/libCVMSPluginSupport.dylib
0x00000000067c5000 	/System/Library/Frameworks/OpenGL.framework/Versions/A/Libraries/libCoreVMClient.dylib
0x00000000067c5000 	/usr/lib/libcups.2.dylib
0x00000000067c5000 	/System/Library/Frameworks/Kerberos.framework/Versions/A/Kerberos
0x00000000067c5000 	/System/Library/Frameworks/GSS.framework/Versions/A/GSS
0x00000000067c5000 	/usr/lib/libresolv.9.dylib
0x00000000067c5000 	/System/Library/PrivateFrameworks/Heimdal.framework/Versions/A/Heimdal
0x00000000067c5000 	/usr/lib/libheimdal-asn1.dylib
0x00000000067c5000 	/System/Library/Frameworks/OpenDirectory.framework/Versions/A/OpenDirectory
0x00000000067c5000 	/System/Library/PrivateFrameworks/CommonAuth.framework/Versions/A/CommonAuth
0x00000000067c5000 	/System/Library/Frameworks/SecurityFoundation.framework/Versions/A/SecurityFoundation
0x00000000067c5000 	/System/Library/Frameworks/QuartzCore.framework/Versions/A/Frameworks/CoreImage.framework/Versions/A/CoreImage
0x00000000067c5000 	/System/Library/PrivateFrameworks/CrashReporterSupport.framework/Versions/A/CrashReporterSupport
0x00000000067c5000 	/System/Library/Frameworks/OpenCL.framework/Versions/A/OpenCL
0x00000000067c5000 	/System/Library/PrivateFrameworks/FaceCore.framework/Versions/A/FaceCore
0x00000000067c5000 	/System/Library/PrivateFrameworks/Ubiquity.framework/Versions/A/Ubiquity
0x00000000067c5000 	/System/Library/PrivateFrameworks/IconServices.framework/Versions/A/IconServices
0x00000000067c5000 	/System/Library/PrivateFrameworks/ChunkingLibrary.framework/Versions/A/ChunkingLibrary
0x00000000067c5000 	/System/Library/PrivateFrameworks/Apple80211.framework/Versions/A/Apple80211
0x00000000067c5000 	/System/Library/Frameworks/CoreWLAN.framework/Versions/A/CoreWLAN
0x00000000067c5000 	/System/Library/Frameworks/IOBluetooth.framework/Versions/A/IOBluetooth
0x00000000067c5000 	/System/Library/PrivateFrameworks/CoreWiFi.framework/Versions/A/CoreWiFi
0x00000000067c5000 	/System/Library/Frameworks/CoreBluetooth.framework/Versions/A/CoreBluetooth
0x00000000067c5000 	/System/Library/PrivateFrameworks/DebugSymbols.framework/Versions/A/DebugSymbols
0x00000000067c5000 	/System/Library/PrivateFrameworks/CoreSymbolication.framework/Versions/A/CoreSymbolication
0x00000000067c5000 	/System/Library/PrivateFrameworks/Symbolication.framework/Versions/A/Symbolication
0x00000000067c5000 	/System/Library/PrivateFrameworks/SpeechRecognitionCore.framework/Versions/A/SpeechRecognitionCore
0x0000000107600000 	/Library/Java/JavaVirtualMachines/jdk1.7.0_07.jdk/Contents/Home/jre/lib/server/libjvm.dylib
0x00000000067c5000 	/usr/lib/libstdc++.6.dylib
0x0000000106d0b000 	/Library/Java/JavaVirtualMachines/jdk1.7.0_07.jdk/Contents/Home/jre/lib/libverify.dylib
0x0000000106d18000 	/Library/Java/JavaVirtualMachines/jdk1.7.0_07.jdk/Contents/Home/jre/lib/libjava.dylib
0x0000000106d52000 	/Library/Java/JavaVirtualMachines/jdk1.7.0_07.jdk/Contents/Home/jre/lib/libzip.dylib
0x000000010b8b6000 	/System/Library/Frameworks/JavaVM.framework/Frameworks/JavaRuntimeSupport.framework/JavaRuntimeSupport
0x000000010b8ce000 	/System/Library/Frameworks/JavaVM.framework/Versions/A/Frameworks/JavaNativeFoundation.framework/Versions/A/JavaNativeFoundation
0x0000000106ded000 	/System/Library/Frameworks/JavaVM.framework/Versions/A/JavaVM
0x00000000067c5000 	/System/Library/Frameworks/Carbon.framework/Versions/A/Carbon
0x000000010b8e3000 	/System/Library/PrivateFrameworks/JavaLaunching.framework/Versions/A/JavaLaunching
0x00000000067c5000 	/System/Library/Frameworks/Carbon.framework/Versions/A/Frameworks/CommonPanels.framework/Versions/A/CommonPanels
0x00000000067c5000 	/System/Library/Frameworks/Carbon.framework/Versions/A/Frameworks/Help.framework/Versions/A/Help
0x00000000067c5000 	/System/Library/Frameworks/Carbon.framework/Versions/A/Frameworks/ImageCapture.framework/Versions/A/ImageCapture
0x00000000067c5000 	/System/Library/Frameworks/Carbon.framework/Versions/A/Frameworks/OpenScripting.framework/Versions/A/OpenScripting
0x00000000067c5000 	/System/Library/Frameworks/Carbon.framework/Versions/A/Frameworks/Print.framework/Versions/A/Print
0x00000000067c5000 	/System/Library/Frameworks/Carbon.framework/Versions/A/Frameworks/SecurityHI.framework/Versions/A/SecurityHI
0x000000010d5cc000 	/Library/Java/JavaVirtualMachines/jdk1.7.0_07.jdk/Contents/Home/jre/lib/libawt.dylib
0x000000010d67b000 	/Library/Java/JavaVirtualMachines/jdk1.7.0_07.jdk/Contents/Home/jre/lib/./libmlib_image.dylib
0x000000010d747000 	/Library/Java/JavaVirtualMachines/jdk1.7.0_07.jdk/Contents/Home/jre/lib/lwawt/liblwawt.dylib
0x000000010d7f9000 	/Library/Java/JavaVirtualMachines/jdk1.7.0_07.jdk/Contents/Home/jre/lib/libosxapp.dylib
0x00000000067c5000 	/System/Library/Frameworks/ExceptionHandling.framework/Versions/A/ExceptionHandling
0x00000000067c5000 	/System/Library/PrivateFrameworks/CoreServicesInternal.framework/Versions/A/CoreServicesInternal
0x00000000067c5000 	/System/Library/PrivateFrameworks/CloudDocs.framework/Versions/A/CloudDocs
0x00000000067c5000 	/System/Library/PrivateFrameworks/CoreDuet.framework/Versions/A/CoreDuet
0x00000000067c5000 	/System/Library/Frameworks/CloudKit.framework/Versions/A/CloudKit
0x00000000067c5000 	/System/Library/PrivateFrameworks/ProtocolBuffer.framework/Versions/A/ProtocolBuffer
0x00000000067c5000 	/System/Library/PrivateFrameworks/CoreDuetDaemonProtocol.framework/Versions/A/CoreDuetDaemonProtocol
0x00000000067c5000 	/System/Library/PrivateFrameworks/CoreDuetDebugLogging.framework/Versions/A/CoreDuetDebugLogging
0x00000000067c5000 	/System/Library/Frameworks/CoreLocation.framework/Versions/A/CoreLocation
0x00000000067c5000 	/System/Library/Frameworks/Accounts.framework/Versions/A/Accounts
0x00000000067c5000 	/System/Library/PrivateFrameworks/ApplePushService.framework/Versions/A/ApplePushService
0x00000000067c5000 	/System/Library/PrivateFrameworks/GeoServices.framework/Versions/A/GeoServices
0x00000000067c5000 	/System/Library/PrivateFrameworks/OAuth.framework/Versions/A/OAuth
0x00000000067c5000 	/System/Library/PrivateFrameworks/CoreDaemon.framework/Versions/B/CoreDaemon
0x00000000067c5000 	/usr/lib/libcrypto.0.9.8.dylib
0x00000000067c5000 	/System/Library/PrivateFrameworks/AppleSRP.framework/Versions/A/AppleSRP
0x00000000067c5000 	/System/Library/PrivateFrameworks/TrustEvaluationAgent.framework/Versions/A/TrustEvaluationAgent
0x00000000067c5000 	/System/Library/Frameworks/CoreGraphics.framework/Versions/A/Resources/libCGCMS.A.dylib
0x00000000067c5000 	/System/Library/Frameworks/CoreGraphics.framework/Versions/A/Resources/libRIP.A.dylib
0x00000000067c5000 	/System/Library/Frameworks/CoreGraphics.framework/Versions/A/Resources/libCGXType.A.dylib
0x00000000067c5000 	/System/Library/Frameworks/OpenCL.framework/Versions/A/Libraries/libcldcpuengine.dylib
0x00000000067c5000 	/System/Library/PrivateFrameworks/DiskImages.framework/Versions/A/DiskImages
0x00000000067c5000 	/System/Library/Frameworks/DiscRecording.framework/Versions/A/DiscRecording
0x00000000067c5000 	/usr/lib/libcsfde.dylib
0x00000000067c5000 	/usr/lib/libcurl.4.dylib
0x00000000067c5000 	/System/Library/PrivateFrameworks/MediaKit.framework/Versions/A/MediaKit
0x00000000067c5000 	/System/Library/PrivateFrameworks/ProtectedCloudStorage.framework/Versions/A/ProtectedCloudStorage
0x00000000067c5000 	/usr/lib/libCoreStorage.dylib
0x00000000067c5000 	/System/Library/PrivateFrameworks/EFILogin.framework/Versions/A/EFILogin
0x00000000067c5000 	/usr/lib/libutil.dylib
0x00000000067c5000 	/System/Library/PrivateFrameworks/FindMyDevice.framework/Versions/A/FindMyDevice
0x00000000067c5000 	/System/Library/Frameworks/LDAP.framework/Versions/A/LDAP
0x00000000067c5000 	/usr/lib/libsasl2.2.dylib
0x000000011034a000 	cl_kernels
0x000000011034c000 	/System/Library/Frameworks/OpenCL.framework/Versions/A/Libraries/ImageFormats/unorm8_bgra.dylib
0x000000011033b000 	cl_kernels
0x00000000067c5000 	/System/Library/PrivateFrameworks/FamilyControls.framework/Versions/A/FamilyControls
0x00000000067c5000 	/System/Library/PrivateFrameworks/CommerceKit.framework/Versions/A/Frameworks/CommerceCore.framework/Versions/A/CommerceCore
0x00000000067c5000 	/System/Library/PrivateFrameworks/SystemAdministration.framework/Versions/A/SystemAdministration
0x00000000067c5000 	/System/Library/PrivateFrameworks/AppContainer.framework/Versions/A/AppContainer
0x00000000067c5000 	/System/Library/PrivateFrameworks/SecCodeWrapper.framework/Versions/A/SecCodeWrapper
0x00000000067c5000 	/System/Library/Frameworks/DirectoryService.framework/Versions/A/DirectoryService
0x00000000067c5000 	/System/Library/PrivateFrameworks/LoginUIKit.framework/Versions/A/Frameworks/LoginUICore.framework/Versions/A/LoginUICore
0x00000000067c5000 	/usr/lib/libodfde.dylib
0x00000001115e5000 	/Library/Java/JavaVirtualMachines/jdk1.7.0_07.jdk/Contents/Home/jre/lib/libfontmanager.dylib
0x0000000111631000 	/Users/eashaan/eclipse-and-more/repositories/Games/InfaGen/native/macosx/liblwjgl.jnilib
0x000000010f863000 	/Library/Java/JavaVirtualMachines/jdk1.7.0_07.jdk/Contents/Home/jre/lib/libjawt.dylib
0x00000000067c5000 	/System/Library/Frameworks/OpenGL.framework/Versions/A/Resources/GLEngine.bundle/GLEngine
0x00000000067c5000 	/System/Library/Frameworks/OpenGL.framework/Versions/A/Libraries/libGLProgrammability.dylib
0x0000000000000000 	/System/Library/Extensions/AMDRadeonX3000GLDriver.bundle/Contents/MacOS/AMDRadeonX3000GLDriver
0x00000000067c5000 	/System/Library/PrivateFrameworks/IOAccelerator.framework/Versions/A/IOAccelerator
0x00000000067c5000 	/System/Library/PrivateFrameworks/GPUSupport.framework/Versions/A/Libraries/libGPUSupportMercury.dylib
0x00000000067c5000 	/System/Library/Frameworks/OpenGL.framework/Versions/A/Resources/GLRendererFloat.bundle/GLRendererFloat
0x0000000111e32000 	/Users/eashaan/eclipse-and-more/repositories/Games/InfaGen/native/macosx/openal.dylib
0x0000000111eb5000 	/System/Library/Components/CoreAudio.component/Contents/MacOS/CoreAudio
0x000000011033f000 	/System/Library/Extensions/AppleHDA.kext/Contents/PlugIns/AppleHDAHALPlugIn.bundle/Contents/MacOS/AppleHDAHALPlugIn

VM Arguments:
jvm_args: -Djava.library.path=/Users/eashaan/eclipse-and-more/repositories/Games/InfaGen/native/windows:/Users/eashaan/eclipse-and-more/repositories/Games/InfaGen/native/macosx -Dfile.encoding=US-ASCII 
java_command: com.infgen.main.Core
Launcher Type: SUN_STANDARD

Environment Variables:
PATH=/usr/bin:/bin:/usr/sbin:/sbin
SHELL=/bin/bash

Signal Handlers:
SIGSEGV: [libjvm.dylib+0x4a3a1d], sa_mask[0]=0xfffefeff, sa_flags=0x00000042
SIGBUS: [libjvm.dylib+0x4a3a1d], sa_mask[0]=0xfffefeff, sa_flags=0x00000042
SIGFPE: [libjvm.dylib+0x3b3431], sa_mask[0]=0xfffefeff, sa_flags=0x00000042
SIGPIPE: [libjvm.dylib+0x3b3431], sa_mask[0]=0xfffefeff, sa_flags=0x00000042
SIGXFSZ: [libjvm.dylib+0x3b3431], sa_mask[0]=0xfffefeff, sa_flags=0x00000042
SIGILL: [libjvm.dylib+0x3b3431], sa_mask[0]=0xfffefeff, sa_flags=0x00000042
SIGUSR1: SIG_DFL, sa_mask[0]=0x00000000, sa_flags=0x00000000
SIGUSR2: [libjvm.dylib+0x3b2fca], sa_mask[0]=0x00000004, sa_flags=0x00000042
SIGHUP: [libjvm.dylib+0x3b122b], sa_mask[0]=0xfffefeff, sa_flags=0x00000042
SIGINT: [libjvm.dylib+0x3b122b], sa_mask[0]=0xfffefeff, sa_flags=0x00000042
SIGTERM: [libjvm.dylib+0x3b122b], sa_mask[0]=0xfffefeff, sa_flags=0x00000042
SIGQUIT: [libjvm.dylib+0x3b122b], sa_mask[0]=0xfffefeff, sa_flags=0x00000042


---------------  S Y S T E M  ---------------

OS:Bsduname:Darwin 14.0.0 Darwin Kernel Version 14.0.0: Fri Sep 19 00:26:44 PDT 2014; root:xnu-2782.1.97~2/RELEASE_X86_64 x86_64
rlimit: STACK 8192k, CORE 0k, NPROC 709, NOFILE 10240, AS infinity
load average:1.29 1.48 1.41

CPU:total 4 (4 cores per cpu, 1 threads per core) family 6 model 42 stepping 7, cmov, cx8, fxsr, mmx, sse, sse2, sse3, ssse3, sse4.1, sse4.2, popcnt, avx, tsc, tscinvbit

Memory: 4k page, physical 1247032k(311758k free)

/proc/meminfo:


vm_info: Java HotSpot(TM) 64-Bit Server VM (23.3-b01) for bsd-amd64 JRE (1.7.0_07-b10), built on Aug 28 2012 18:14:29 by "java_re" with gcc 4.2.1 (Based on Apple Inc. build 5658) (LLVM build 2336.9.00)

time: Mon Feb 23 20:34:07 2015
elapsed time: 3 seconds

