#
# A fatal error has been detected by the Java Runtime Environment:
#
#  SIGSEGV (0xb) at pc=0x00007fff9955f8f2, pid=24443, tid=1299
#
# JRE version: 7.0_07-b10
# Java VM: Java HotSpot(TM) 64-Bit Server VM (23.3-b01 mixed mode bsd-amd64 compressed oops)
# Problematic frame:
# C  [libGPUSupportMercury.dylib+0xb8f2]  gldAttachDrawable+0x60
#
# Failed to write core dump. Core dumps have been disabled. To enable core dumping, try "ulimit -c unlimited" before starting Java again
#
# If you would like to submit a bug report, please visit:
#   http://bugreport.sun.com/bugreport/crash.jsp
# The crash happened outside the Java Virtual Machine in native code.
# See problematic frame for where to report the bug.
#

---------------  T H R E A D  ---------------

Current thread (0x00007fd3a485a800):  JavaThread "AppKit Thread" daemon [_thread_in_native, id=1299, stack(0x00007fff59571000,0x00007fff595f1000)]

siginfo:si_signo=SIGSEGV: si_errno=0, si_code=0 (SEGV0), si_addr=0x0000000000000000

Registers:
RAX=0xc000000000000000, RBX=0x000000000000271e, RCX=0x0000000000000000, RDX=0x00007fd3a37adaa8
RSP=0x00007fff595eb4f0, RBP=0x00007fff595eb5f0, RSI=0x0000000000000050, RDI=0x00007fff7ce09070
R8 =0x00007fd3a600aa60, R9 =0x00007fd3a6000000, R10=0x000000000000003c, R11=0x0000000000000206
R12=0x0000000000002718, R13=0x00007fd3a38cf000, R14=0x0000000000000050, R15=0x0000000000000000
RIP=0x00007fff9955f8f2, EFLAGS=0x0000000000010212, ERR=0x0000000000000000
  TRAPNO=0x000000000000000d

Top of Stack: (sp=0x00007fff595eb4f0)
0x00007fff595eb4f0:   00007fff595eb564 00007fd3a352c750
0x00007fff595eb500:   ffffffffffffffff 0000206000000040
0x00007fff595eb510:   00007fd3a352c768 00007fff8fc2c69f
0x00007fff595eb520:   0000000000000000 c000000000000000
0x00007fff595eb530:   0000000300000003 00007fff595eb678
0x00007fff595eb540:   00007fff595eb604 0000000000019b63
0x00007fff595eb550:   00007fff595eb5fc 00007fff595eb600
0x00007fff595eb560:   00007fff595eb5e0 00007fff8d845168
0x00007fff595eb570:   0000000000000000 0000000000001388
0x00007fff595eb580:   0000003400001200 0000020b00000000
0x00007fff595eb590:   00007fff595eb5c0 00007fff8d7f503c
0x00007fff595eb5a0:   00007fff595eb5f0 0000000000001388
0x00007fff595eb5b0:   00000000042801c0 00000000202b6781
0x00007fff595eb5c0:   b500dc36f08821f6 00007fd3a6000c00
0x00007fff595eb5d0:   0000000000002718 0000000000000000
0x00007fff595eb5e0:   0000000000000050 0000000000000000
0x00007fff595eb5f0:   00007fff595eb640 00007fff907d07e4
0x00007fff595eb600:   00007fd3a600aa60 0000000000000000
0x00007fff595eb610:   00007fd3a37adaa8 00007fd3a34619d0
0x00007fff595eb620:   0000000000000000 00007fd3a3921b50
0x00007fff595eb630:   00007fd3a391fc00 00007fff7ce09070
0x00007fff595eb640:   00007fff595eb730 00007fff927ea7ac
0x00007fff595eb650:   4096800000000000 4084000000000000
0x00007fff595eb660:   4072a00000000000 4094000000000000
0x00007fff595eb670:   4089b00000000000 0000000000000000
0x00007fff595eb680:   4036000000000000 4094000000000000
0x00007fff595eb690:   4089000000000000 0000000000000000
0x00007fff595eb6a0:   0000000000000000 0000000000000001
0x00007fff595eb6b0:   00007fd3a37adaa8 0000000000000001
0x00007fff595eb6c0:   00007fff595eb730 00007fff927ef64c
0x00007fff595eb6d0:   0000000100000003 00007fd3a3921b50
0x00007fff595eb6e0:   00007fd3a3921a88 0000000294e4ffff 

Instructions: (pc=0x00007fff9955f8f2)
0x00007fff9955f8d2:   48 85 d2 b8 01 00 00 00 bb 15 27 00 00 0f 44 d8
0x00007fff9955f8e2:   e9 7f 01 00 00 49 8b 45 08 48 89 85 38 ff ff ff
0x00007fff9955f8f2:   48 8b 00 48 89 85 30 ff ff ff 83 fe 4f 0f 8f fd
0x00007fff9955f902:   00 00 00 48 89 d0 bb 15 27 00 00 83 fe 35 0f 84 

Register to memory mapping:

RAX=0xc000000000000000 is an unknown value
RBX=0x000000000000271e is an unknown value
RCX=0x0000000000000000 is an unknown value
RDX=0x00007fd3a37adaa8 is an unknown value
RSP=0x00007fff595eb4f0 is pointing into the stack for thread: 0x00007fd3a485a800
RBP=0x00007fff595eb5f0 is pointing into the stack for thread: 0x00007fd3a485a800
RSI=0x0000000000000050 is an unknown value
RDI=0x00007fff7ce09070: __stack_chk_guard+0 in /usr/lib/system/libsystem_c.dylib at 0x00007fff8d1cd000
R8 =0x00007fd3a600aa60 is an unknown value
R9 =0x00007fd3a6000000 is an unknown value
R10=0x000000000000003c is an unknown value
R11=0x0000000000000206 is an unknown value
R12=0x0000000000002718 is an unknown value
R13=0x00007fd3a38cf000 is an unknown value
R14=0x0000000000000050 is an unknown value
R15=0x0000000000000000 is an unknown value


Stack: [0x00007fff59571000,0x00007fff595f1000],  sp=0x00007fff595eb4f0,  free space=489k
Native frames: (J=compiled Java code, j=interpreted, Vv=VM code, C=native code)
C  [libGPUSupportMercury.dylib+0xb8f2]  gldAttachDrawable+0x60
C  [GLEngine+0x167e4]  gliAttachDrawableWithOptions+0x101
C  [OpenGL+0x37ac]  glcGetIOAccelService+0xe03
C  [OpenGL+0x73f3]  CGLSetPBuffer+0xb90
C  [OpenGL+0x7716]  CGLSetSurface+0x124
C  [AppKit+0x57bf47]  NSOpenGLContextAttachOnScreenViewSurface+0x109
C  [AppKit+0x2c66ab]  -[NSOpenGLContext setView:]+0x83
C  [liblwjgl.jnilib+0x9f3e]  -[MacOSXOpenGLView lockFocus]+0x6e
C  [AppKit+0x14e775]  -[NSView _recursiveDisplayRectIfNeededIgnoringOpacity:isVisibleRect:rectIsVisibleRectForView:topView:]+0x740
C  [AppKit+0x14f7d0]  -[NSView _recursiveDisplayRectIfNeededIgnoringOpacity:isVisibleRect:rectIsVisibleRectForView:topView:]+0x179b
C  [AppKit+0x14db23]  -[NSThemeFrame _recursiveDisplayRectIfNeededIgnoringOpacity:isVisibleRect:rectIsVisibleRectForView:topView:]+0x14d
C  [AppKit+0x14a67b]  -[NSView _displayRectIgnoringOpacity:isVisibleRect:rectIsVisibleRectForView:]+0xac9
C  [AppKit+0x12907a]  -[NSView displayIfNeeded]+0x754
C  [AppKit+0x146575]  -[NSWindow displayIfNeeded]+0xe8
C  [AppKit+0x183772]  _handleWindowNeedsDisplayOrLayoutOrUpdateConstraints+0x3a8
C  [AppKit+0x748cf1]  __83-[NSWindow _postWindowNeedsDisplayOrLayoutOrUpdateConstraintsUnlessPostingDisabled]_block_invoke1523+0x2e
C  [CoreFoundation+0x7fd87]  __CFRUNLOOP_IS_CALLING_OUT_TO_AN_OBSERVER_CALLBACK_FUNCTION__+0x17
C  [CoreFoundation+0x7fce0]  __CFRunLoopDoObservers+0x170
C  [CoreFoundation+0x71de8]  __CFRunLoopRun+0x368
C  [CoreFoundation+0x71838]  CFRunLoopRunSpecific+0x128
C  [HIToolbox+0x2e43f]  RunCurrentEventLoopInMode+0xeb
C  [HIToolbox+0x2e0be]  ReceiveNextEventCommon+0xb3
C  [HIToolbox+0x2dffb]  _BlockUntilNextEventMatchingListInModeWithFilter+0x47
C  [AppKit+0x246d1]  _DPSNextEvent+0x3c4
C  [AppKit+0x23e80]  -[NSApplication nextEventMatchingMask:untilDate:inMode:dequeue:]+0xc2
C  [libosxapp.dylib+0x1b56]  -[NSApplicationAWT nextEventMatchingMask:untilDate:inMode:dequeue:]+0x7c
C  [AppKit+0x17e23]  -[NSApplication run]+0x252
C  [libosxapp.dylib+0x19b9]  +[NSApplicationAWT runAWTLoopWithApp:]+0x9c
C  [liblwawt.dylib+0xda5a]  -[AWTStarter starter:]+0x637
C  [Foundation+0x65f4c]  __NSThreadPerformPerform+0x125
C  [CoreFoundation+0x80661]  __CFRUNLOOP_IS_CALLING_OUT_TO_A_SOURCE0_PERFORM_FUNCTION__+0x11
C  [CoreFoundation+0x727ed]  __CFRunLoopDoSources0+0x10d
C  [CoreFoundation+0x71e1f]  __CFRunLoopRun+0x39f
C  [CoreFoundation+0x71838]  CFRunLoopRunSpecific+0x128
C  [java+0x74bc]  CreateExecutionEnvironment+0x367
C  [java+0x1cac]  JLI_Launch+0x7a0
C  [java+0x7819]  main+0x65
C  [java+0x1504]  start+0x34


---------------  P R O C E S S  ---------------

Java Threads: ( => current thread )
  0x00007fd3a38eb800 JavaThread "AWT-Shutdown" [_thread_blocked, id=45699, stack(0x0000000123f90000,0x0000000124090000)]
=>0x00007fd3a485a800 JavaThread "AppKit Thread" daemon [_thread_in_native, id=1299, stack(0x00007fff59571000,0x00007fff595f1000)]
  0x00007fd3a4810800 JavaThread "Service Thread" daemon [_thread_blocked, id=13827, stack(0x000000010ce0a000,0x000000010cf0a000)]
  0x00007fd3a480f800 JavaThread "C2 CompilerThread1" daemon [_thread_blocked, id=13571, stack(0x000000010cd07000,0x000000010ce07000)]
  0x00007fd3a500b000 JavaThread "C2 CompilerThread0" daemon [_thread_blocked, id=13319, stack(0x000000010cc04000,0x000000010cd04000)]
  0x00007fd3a480e000 JavaThread "Signal Dispatcher" daemon [_thread_blocked, id=10263, stack(0x000000010cb01000,0x000000010cc01000)]
  0x00007fd3a3813000 JavaThread "Finalizer" daemon [_thread_blocked, id=8707, stack(0x000000010b1b7000,0x000000010b2b7000)]
  0x00007fd3a4802000 JavaThread "Reference Handler" daemon [_thread_blocked, id=8451, stack(0x000000010b0b4000,0x000000010b1b4000)]
  0x00007fd3a4001000 JavaThread "main" [_thread_in_native, id=4355, stack(0x0000000107aa8000,0x0000000107ba8000)]

Other Threads:
  0x00007fd3a404f800 VMThread [stack: 0x000000010afb1000,0x000000010b0b1000] [id=8195]
  0x00007fd3a480f000 WatcherThread [stack: 0x000000010cf0d000,0x000000010d00d000] [id=14083]

VM state:not at safepoint (normal execution)

VM Mutex/Monitor currently owned by a thread: None

Heap
 def new generation   total 5824K, used 260K [0x00000007e7c00000, 0x00000007e8250000, 0x00000007ee200000)
  eden space 5184K,   3% used [0x00000007e7c00000, 0x00000007e7c30090, 0x00000007e8110000)
  from space 640K,  10% used [0x00000007e81b0000, 0x00000007e81c1080, 0x00000007e8250000)
  to   space 640K,   0% used [0x00000007e8110000, 0x00000007e8110000, 0x00000007e81b0000)
 tenured generation   total 13056K, used 1424K [0x00000007ee200000, 0x00000007eeec0000, 0x00000007fae00000)
   the space 13056K,  10% used [0x00000007ee200000, 0x00000007ee364390, 0x00000007ee364400, 0x00000007eeec0000)
 compacting perm gen  total 21248K, used 6355K [0x00000007fae00000, 0x00000007fc2c0000, 0x0000000800000000)
   the space 21248K,  29% used [0x00000007fae00000, 0x00000007fb434fd8, 0x00000007fb435000, 0x00000007fc2c0000)
No shared spaces configured.

Card table byte_map: [0x000000010ac6a000,0x000000010ad2d000] byte_map_base: 0x0000000106d2c000

Polling page: 0x000000010675e000

Code Cache  [0x0000000107baa000, 0x0000000107e1a000, 0x000000010abaa000)
 total_blobs=526 nmethods=180 adapters=299 free_code_cache=48381Kb largest_free_block=49510912

Compilation events (10 events):
Event: 4.162 Thread 0x00007fd3a480f800 nmethod 171 0x0000000107c62c90 code [0x0000000107c62de0, 0x0000000107c62e68]
Event: 4.162 Thread 0x00007fd3a480f800  172             com.infagen.renderEngines.TerrainRenderer::unbindTexturedModel (17 bytes)
Event: 4.166 Thread 0x00007fd3a480f800 nmethod 172 0x0000000107c67150 code [0x0000000107c67320, 0x0000000107c677b0]
Event: 4.166 Thread 0x00007fd3a480f800  173             java.util.ArrayList::clear (39 bytes)
Event: 4.167 Thread 0x00007fd3a500b000 nmethod 166 0x0000000107c6e410 code [0x0000000107c6e7e0, 0x0000000107c6f988]
Event: 4.168 Thread 0x00007fd3a480f800 nmethod 173 0x0000000107c680d0 code [0x0000000107c68200, 0x0000000107c68338]
Event: 5.474 Thread 0x00007fd3a500b000  174             java.nio.Buffer::checkIndex (22 bytes)
Event: 5.475 Thread 0x00007fd3a500b000 nmethod 174 0x0000000107c62a50 code [0x0000000107c62b80, 0x0000000107c62bf8]
Event: 8.360 Thread 0x00007fd3a480f800  175             org.lwjgl.opengl.Sync$RunningAvg::avg (37 bytes)
Event: 8.362 Thread 0x00007fd3a480f800 nmethod 175 0x0000000107c626d0 code [0x0000000107c62820, 0x0000000107c62978]

GC Heap History (10 events):
Event: 1.832 GC heap before
{Heap before GC invocations=18 (full 0):
 def new generation   total 5824K, used 5259K [0x00000007e7c00000, 0x00000007e8250000, 0x00000007ee200000)
  eden space 5184K,  96% used [0x00000007e7c00000, 0x00000007e80e3a40, 0x00000007e8110000)
  from space 640K,  39% used [0x00000007e8110000, 0x00000007e814f488, 0x00000007e81b0000)
  to   space 640K,   0% used [0x00000007e81b0000, 0x00000007e81b0000, 0x00000007e8250000)
 tenured generation   total 13056K, used 1408K [0x00000007ee200000, 0x00000007eeec0000, 0x00000007fae00000)
   the space 13056K,  10% used [0x00000007ee200000, 0x00000007ee360190, 0x00000007ee360200, 0x00000007eeec0000)
 compacting perm gen  total 21248K, used 6235K [0x00000007fae00000, 0x00000007fc2c0000, 0x0000000800000000)
   the space 21248K,  29% used [0x00000007fae00000, 0x00000007fb416f18, 0x00000007fb417000, 0x00000007fc2c0000)
No shared spaces configured.
Event: 1.833 GC heap after
Heap after GC invocations=19 (full 0):
 def new generation   total 5824K, used 253K [0x00000007e7c00000, 0x00000007e8250000, 0x00000007ee200000)
  eden space 5184K,   0% used [0x00000007e7c00000, 0x00000007e7c00000, 0x00000007e8110000)
  from space 640K,  39% used [0x00000007e81b0000, 0x00000007e81ef530, 0x00000007e8250000)
  to   space 640K,   0% used [0x00000007e8110000, 0x00000007e8110000, 0x00000007e81b0000)
 tenured generation   total 13056K, used 1411K [0x00000007ee200000, 0x00000007eeec0000, 0x00000007fae00000)
   the space 13056K,  10% used [0x00000007ee200000, 0x00000007ee360f20, 0x00000007ee361000, 0x00000007eeec0000)
 compacting perm gen  total 21248K, used 6235K [0x00000007fae00000, 0x00000007fc2c0000, 0x0000000800000000)
   the space 21248K,  29% used [0x00000007fae00000, 0x00000007fb416f18, 0x00000007fb417000, 0x00000007fc2c0000)
No shared spaces configured.
}
Event: 1.901 GC heap before
{Heap before GC invocations=19 (full 0):
 def new generation   total 5824K, used 5365K [0x00000007e7c00000, 0x00000007e8250000, 0x00000007ee200000)
  eden space 5184K,  98% used [0x00000007e7c00000, 0x00000007e80fe0e0, 0x00000007e8110000)
  from space 640K,  39% used [0x00000007e81b0000, 0x00000007e81ef530, 0x00000007e8250000)
  to   space 640K,   0% used [0x00000007e8110000, 0x00000007e8110000, 0x00000007e81b0000)
 tenured generation   total 13056K, used 1411K [0x00000007ee200000, 0x00000007eeec0000, 0x00000007fae00000)
   the space 13056K,  10% used [0x00000007ee200000, 0x00000007ee360f20, 0x00000007ee361000, 0x00000007eeec0000)
 compacting perm gen  total 21248K, used 6254K [0x00000007fae00000, 0x00000007fc2c0000, 0x0000000800000000)
   the space 21248K,  29% used [0x00000007fae00000, 0x00000007fb41b940, 0x00000007fb41ba00, 0x00000007fc2c0000)
No shared spaces configured.
Event: 1.901 GC heap after
Heap after GC invocations=20 (full 0):
 def new generation   total 5824K, used 255K [0x00000007e7c00000, 0x00000007e8250000, 0x00000007ee200000)
  eden space 5184K,   0% used [0x00000007e7c00000, 0x00000007e7c00000, 0x00000007e8110000)
  from space 640K,  39% used [0x00000007e8110000, 0x00000007e814fc20, 0x00000007e81b0000)
  to   space 640K,   0% used [0x00000007e81b0000, 0x00000007e81b0000, 0x00000007e8250000)
 tenured generation   total 13056K, used 1415K [0x00000007ee200000, 0x00000007eeec0000, 0x00000007fae00000)
   the space 13056K,  10% used [0x00000007ee200000, 0x00000007ee361c70, 0x00000007ee361e00, 0x00000007eeec0000)
 compacting perm gen  total 21248K, used 6254K [0x00000007fae00000, 0x00000007fc2c0000, 0x0000000800000000)
   the space 21248K,  29% used [0x00000007fae00000, 0x00000007fb41b940, 0x00000007fb41ba00, 0x00000007fc2c0000)
No shared spaces configured.
}
Event: 1.969 GC heap before
{Heap before GC invocations=20 (full 0):
 def new generation   total 5824K, used 5263K [0x00000007e7c00000, 0x00000007e8250000, 0x00000007ee200000)
  eden space 5184K,  96% used [0x00000007e7c00000, 0x00000007e80e42e8, 0x00000007e8110000)
  from space 640K,  39% used [0x00000007e8110000, 0x00000007e814fc20, 0x00000007e81b0000)
  to   space 640K,   0% used [0x00000007e81b0000, 0x00000007e81b0000, 0x00000007e8250000)
 tenured generation   total 13056K, used 1415K [0x00000007ee200000, 0x00000007eeec0000, 0x00000007fae00000)
   the space 13056K,  10% used [0x00000007ee200000, 0x00000007ee361c70, 0x00000007ee361e00, 0x00000007eeec0000)
 compacting perm gen  total 21248K, used 6254K [0x00000007fae00000, 0x00000007fc2c0000, 0x0000000800000000)
   the space 21248K,  29% used [0x00000007fae00000, 0x00000007fb41b940, 0x00000007fb41ba00, 0x00000007fc2c0000)
No shared spaces configured.
Event: 1.969 GC heap after
Heap after GC invocations=21 (full 0):
 def new generation   total 5824K, used 256K [0x00000007e7c00000, 0x00000007e8250000, 0x00000007ee200000)
  eden space 5184K,   0% used [0x00000007e7c00000, 0x00000007e7c00000, 0x00000007e8110000)
  from space 640K,  40% used [0x00000007e81b0000, 0x00000007e81f0170, 0x00000007e8250000)
  to   space 640K,   0% used [0x00000007e8110000, 0x00000007e8110000, 0x00000007e81b0000)
 tenured generation   total 13056K, used 1418K [0x00000007ee200000, 0x00000007eeec0000, 0x00000007fae00000)
   the space 13056K,  10% used [0x00000007ee200000, 0x00000007ee362958, 0x00000007ee362a00, 0x00000007eeec0000)
 compacting perm gen  total 21248K, used 6254K [0x00000007fae00000, 0x00000007fc2c0000, 0x0000000800000000)
   the space 21248K,  29% used [0x00000007fae00000, 0x00000007fb41b940, 0x00000007fb41ba00, 0x00000007fc2c0000)
No shared spaces configured.
}
Event: 4.728 GC heap before
{Heap before GC invocations=21 (full 0):
 def new generation   total 5824K, used 5440K [0x00000007e7c00000, 0x00000007e8250000, 0x00000007ee200000)
  eden space 5184K, 100% used [0x00000007e7c00000, 0x00000007e8110000, 0x00000007e8110000)
  from space 640K,  40% used [0x00000007e81b0000, 0x00000007e81f0170, 0x00000007e8250000)
  to   space 640K,   0% used [0x00000007e8110000, 0x00000007e8110000, 0x00000007e81b0000)
 tenured generation   total 13056K, used 1418K [0x00000007ee200000, 0x00000007eeec0000, 0x00000007fae00000)
   the space 13056K,  10% used [0x00000007ee200000, 0x00000007ee362958, 0x00000007ee362a00, 0x00000007eeec0000)
 compacting perm gen  total 21248K, used 6347K [0x00000007fae00000, 0x00000007fc2c0000, 0x0000000800000000)
   the space 21248K,  29% used [0x00000007fae00000, 0x00000007fb432ea8, 0x00000007fb433000, 0x00000007fc2c0000)
No shared spaces configured.
Event: 4.729 GC heap after
Heap after GC invocations=22 (full 0):
 def new generation   total 5824K, used 91K [0x00000007e7c00000, 0x00000007e8250000, 0x00000007ee200000)
  eden space 5184K,   0% used [0x00000007e7c00000, 0x00000007e7c00000, 0x00000007e8110000)
  from space 640K,  14% used [0x00000007e8110000, 0x00000007e8126d40, 0x00000007e81b0000)
  to   space 640K,   0% used [0x00000007e81b0000, 0x00000007e81b0000, 0x00000007e8250000)
 tenured generation   total 13056K, used 1421K [0x00000007ee200000, 0x00000007eeec0000, 0x00000007fae00000)
   the space 13056K,  10% used [0x00000007ee200000, 0x00000007ee363650, 0x00000007ee363800, 0x00000007eeec0000)
 compacting perm gen  total 21248K, used 6347K [0x00000007fae00000, 0x00000007fc2c0000, 0x0000000800000000)
   the space 21248K,  29% used [0x00000007fae00000, 0x00000007fb432ea8, 0x00000007fb433000, 0x00000007fc2c0000)
No shared spaces configured.
}
Event: 11.064 GC heap before
{Heap before GC invocations=22 (full 0):
 def new generation   total 5824K, used 5275K [0x00000007e7c00000, 0x00000007e8250000, 0x00000007ee200000)
  eden space 5184K, 100% used [0x00000007e7c00000, 0x00000007e8110000, 0x00000007e8110000)
  from space 640K,  14% used [0x00000007e8110000, 0x00000007e8126d40, 0x00000007e81b0000)
  to   space 640K,   0% used [0x00000007e81b0000, 0x00000007e81b0000, 0x00000007e8250000)
 tenured generation   total 13056K, used 1421K [0x00000007ee200000, 0x00000007eeec0000, 0x00000007fae00000)
   the space 13056K,  10% used [0x00000007ee200000, 0x00000007ee363650, 0x00000007ee363800, 0x00000007eeec0000)
 compacting perm gen  total 21248K, used 6350K [0x00000007fae00000, 0x00000007fc2c0000, 0x0000000800000000)
   the space 21248K,  29% used [0x00000007fae00000, 0x00000007fb433a70, 0x00000007fb433c00, 0x00000007fc2c0000)
No shared spaces configured.
Event: 11.065 GC heap after
Heap after GC invocations=23 (full 0):
 def new generation   total 5824K, used 68K [0x00000007e7c00000, 0x00000007e8250000, 0x00000007ee200000)
  eden space 5184K,   0% used [0x00000007e7c00000, 0x00000007e7c00000, 0x00000007e8110000)
  from space 640K,  10% used [0x00000007e81b0000, 0x00000007e81c1080, 0x00000007e8250000)
  to   space 640K,   0% used [0x00000007e8110000, 0x00000007e8110000, 0x00000007e81b0000)
 tenured generation   total 13056K, used 1424K [0x00000007ee200000, 0x00000007eeec0000, 0x00000007fae00000)
   the space 13056K,  10% used [0x00000007ee200000, 0x00000007ee364390, 0x00000007ee364400, 0x00000007eeec0000)
 compacting perm gen  total 21248K, used 6350K [0x00000007fae00000, 0x00000007fc2c0000, 0x0000000800000000)
   the space 21248K,  29% used [0x00000007fae00000, 0x00000007fb433a70, 0x00000007fb433c00, 0x00000007fc2c0000)
No shared spaces configured.
}

Deoptimization events (6 events):
Event: 0.485 Thread 0x00007fd3a4001000 Uncommon trap -83 fr.pc 0x0000000107c209d0
Event: 0.525 Thread 0x00007fd3a4001000 Uncommon trap -42 fr.pc 0x0000000107c26598
Event: 0.525 Thread 0x00007fd3a4001000 Uncommon trap -42 fr.pc 0x0000000107c26598
Event: 0.525 Thread 0x00007fd3a4001000 Uncommon trap -42 fr.pc 0x0000000107c26598
Event: 0.525 Thread 0x00007fd3a4001000 Uncommon trap -42 fr.pc 0x0000000107c26598
Event: 0.641 Thread 0x00007fd3a4001000 Uncommon trap -83 fr.pc 0x0000000107c459d4

Internal exceptions (10 events):
Event: 0.586 Thread 0x00007fd3a4001000 Threw 0x00000007e7e9d418 at /HUDSON/workspace/jdk7u7-2-build-macosx-amd64-product/jdk7u7/hotspot/src/share/vm/prims/jvm.cpp:1166
Event: 0.591 Thread 0x00007fd3a4001000 Threw 0x00000007e7eaa568 at /HUDSON/workspace/jdk7u7-2-build-macosx-amd64-product/jdk7u7/hotspot/src/share/vm/prims/jvm.cpp:1166
Event: 0.591 Thread 0x00007fd3a4001000 Threw 0x00000007e7eadc60 at /HUDSON/workspace/jdk7u7-2-build-macosx-amd64-product/jdk7u7/hotspot/src/share/vm/prims/jvm.cpp:1166
Event: 2.005 Thread 0x00007fd3a4001000 Threw 0x00000007e7ea58a8 at /HUDSON/workspace/jdk7u7-2-build-macosx-amd64-product/jdk7u7/hotspot/src/share/vm/prims/jvm.cpp:1166
Event: 2.005 Thread 0x00007fd3a4001000 Threw 0x00000007e7ea84a8 at /HUDSON/workspace/jdk7u7-2-build-macosx-amd64-product/jdk7u7/hotspot/src/share/vm/prims/jvm.cpp:1166
Event: 2.006 Thread 0x00007fd3a4001000 Threw 0x00000007e7eac450 at /HUDSON/workspace/jdk7u7-2-build-macosx-amd64-product/jdk7u7/hotspot/src/share/vm/prims/jvm.cpp:1166
Event: 2.007 Thread 0x00007fd3a4001000 Threw 0x00000007e7eb1748 at /HUDSON/workspace/jdk7u7-2-build-macosx-amd64-product/jdk7u7/hotspot/src/share/vm/prims/jvm.cpp:1166
Event: 2.007 Thread 0x00007fd3a4001000 Threw 0x00000007e7eb6980 at /HUDSON/workspace/jdk7u7-2-build-macosx-amd64-product/jdk7u7/hotspot/src/share/vm/prims/jvm.cpp:1166
Event: 2.010 Thread 0x00007fd3a4001000 Threw 0x00000007e7ebb620 at /HUDSON/workspace/jdk7u7-2-build-macosx-amd64-product/jdk7u7/hotspot/src/share/vm/prims/jvm.cpp:1166
Event: 11.277 Thread 0x00007fd3a4001000 Threw 0x00000007e7c24cc8 at /HUDSON/workspace/jdk7u7-2-build-macosx-amd64-product/jdk7u7/hotspot/src/share/vm/prims/jvm.cpp:1166

Events (10 events):
Event: 4.254 Executing VM operation: EnableBiasedLocking
Event: 4.255 Executing VM operation: EnableBiasedLocking done
Event: 4.728 Executing VM operation: GenCollectForAllocation
Event: 4.729 Executing VM operation: GenCollectForAllocation done
Event: 8.828 Thread 0x00007fd3a485b800 Thread exited: 0x00007fd3a485b800
Event: 10.017 Thread 0x00007fd3a38eb800 Thread added: 0x00007fd3a38eb800
Event: 11.064 Executing VM operation: GenCollectForAllocation
Event: 11.065 Executing VM operation: GenCollectForAllocation done
Event: 11.277 loading class 0x00007fd3a3561690
Event: 11.277 loading class 0x00007fd3a3561690 done


Dynamic libraries:
0x000000000cd76000 	/System/Library/Frameworks/Cocoa.framework/Versions/A/Cocoa
0x000000000cd76000 	/System/Library/Frameworks/Security.framework/Versions/A/Security
0x000000000cd76000 	/System/Library/Frameworks/ApplicationServices.framework/Versions/A/ApplicationServices
0x000000000cd76000 	/usr/lib/libz.1.dylib
0x000000000cd76000 	/usr/lib/libSystem.B.dylib
0x000000000cd76000 	/usr/lib/libobjc.A.dylib
0x000000000cd76000 	/System/Library/Frameworks/CoreFoundation.framework/Versions/A/CoreFoundation
0x000000000cd76000 	/System/Library/Frameworks/AppKit.framework/Versions/C/AppKit
0x000000000cd76000 	/System/Library/Frameworks/CoreData.framework/Versions/A/CoreData
0x000000000cd76000 	/System/Library/Frameworks/Foundation.framework/Versions/C/Foundation
0x000000000cd76000 	/System/Library/PrivateFrameworks/RemoteViewServices.framework/Versions/A/RemoteViewServices
0x000000000cd76000 	/System/Library/PrivateFrameworks/UIFoundation.framework/Versions/A/UIFoundation
0x000000000cd76000 	/System/Library/Frameworks/IOSurface.framework/Versions/A/IOSurface
0x000000000cd76000 	/System/Library/Frameworks/AudioToolbox.framework/Versions/A/AudioToolbox
0x000000000cd76000 	/System/Library/Frameworks/AudioUnit.framework/Versions/A/AudioUnit
0x000000000cd76000 	/System/Library/PrivateFrameworks/DataDetectorsCore.framework/Versions/A/DataDetectorsCore
0x000000000cd76000 	/System/Library/PrivateFrameworks/DesktopServicesPriv.framework/Versions/A/DesktopServicesPriv
0x000000000cd76000 	/System/Library/Frameworks/Carbon.framework/Versions/A/Frameworks/HIToolbox.framework/Versions/A/HIToolbox
0x000000000cd76000 	/System/Library/Frameworks/QuartzCore.framework/Versions/A/QuartzCore
0x000000000cd76000 	/System/Library/Frameworks/Carbon.framework/Versions/A/Frameworks/SpeechRecognition.framework/Versions/A/SpeechRecognition
0x000000000cd76000 	/usr/lib/libauto.dylib
0x000000000cd76000 	/usr/lib/libicucore.A.dylib
0x000000000cd76000 	/usr/lib/libxml2.2.dylib
0x000000000cd76000 	/System/Library/PrivateFrameworks/CoreUI.framework/Versions/A/CoreUI
0x000000000cd76000 	/System/Library/Frameworks/CoreAudio.framework/Versions/A/CoreAudio
0x000000000cd76000 	/System/Library/Frameworks/DiskArbitration.framework/Versions/A/DiskArbitration
0x000000000cd76000 	/usr/lib/liblangid.dylib
0x000000000cd76000 	/System/Library/PrivateFrameworks/MultitouchSupport.framework/Versions/A/MultitouchSupport
0x000000000cd76000 	/System/Library/Frameworks/IOKit.framework/Versions/A/IOKit
0x000000000cd76000 	/usr/lib/libDiagnosticMessagesClient.dylib
0x000000000cd76000 	/System/Library/Frameworks/CoreServices.framework/Versions/A/CoreServices
0x000000000cd76000 	/System/Library/PrivateFrameworks/PerformanceAnalysis.framework/Versions/A/PerformanceAnalysis
0x000000000cd76000 	/System/Library/PrivateFrameworks/GenerationalStorage.framework/Versions/A/GenerationalStorage
0x000000000cd76000 	/System/Library/Frameworks/OpenGL.framework/Versions/A/OpenGL
0x000000000cd76000 	/System/Library/PrivateFrameworks/Sharing.framework/Versions/A/Sharing
0x000000000cd76000 	/System/Library/Frameworks/CoreGraphics.framework/Versions/A/CoreGraphics
0x000000000cd76000 	/System/Library/Frameworks/CoreText.framework/Versions/A/CoreText
0x000000000cd76000 	/System/Library/Frameworks/ImageIO.framework/Versions/A/ImageIO
0x000000000cd76000 	/usr/lib/libextension.dylib
0x000000000cd76000 	/System/Library/PrivateFrameworks/Backup.framework/Versions/A/Backup
0x000000000cd76000 	/usr/lib/libarchive.2.dylib
0x000000000cd76000 	/System/Library/Frameworks/CFNetwork.framework/Versions/A/CFNetwork
0x000000000cd76000 	/System/Library/Frameworks/SystemConfiguration.framework/Versions/A/SystemConfiguration
0x000000000cd76000 	/usr/lib/libCRFSuite.dylib
0x000000000cd76000 	/usr/lib/libc++.1.dylib
0x000000000cd76000 	/usr/lib/libc++abi.dylib
0x000000000cd76000 	/usr/lib/system/libcache.dylib
0x000000000cd76000 	/usr/lib/system/libcommonCrypto.dylib
0x000000000cd76000 	/usr/lib/system/libcompiler_rt.dylib
0x000000000cd76000 	/usr/lib/system/libcopyfile.dylib
0x000000000cd76000 	/usr/lib/system/libcorecrypto.dylib
0x000000000cd76000 	/usr/lib/system/libdispatch.dylib
0x000000000cd76000 	/usr/lib/system/libdyld.dylib
0x000000000cd76000 	/usr/lib/system/libkeymgr.dylib
0x000000000cd76000 	/usr/lib/system/liblaunch.dylib
0x000000000cd76000 	/usr/lib/system/libmacho.dylib
0x000000000cd76000 	/usr/lib/system/libquarantine.dylib
0x000000000cd76000 	/usr/lib/system/libremovefile.dylib
0x000000000cd76000 	/usr/lib/system/libsystem_asl.dylib
0x000000000cd76000 	/usr/lib/system/libsystem_blocks.dylib
0x000000000cd76000 	/usr/lib/system/libsystem_c.dylib
0x000000000cd76000 	/usr/lib/system/libsystem_configuration.dylib
0x000000000cd76000 	/usr/lib/system/libsystem_coreservices.dylib
0x000000000cd76000 	/usr/lib/system/libsystem_coretls.dylib
0x000000000cd76000 	/usr/lib/system/libsystem_dnssd.dylib
0x000000000cd76000 	/usr/lib/system/libsystem_info.dylib
0x000000000cd76000 	/usr/lib/system/libsystem_kernel.dylib
0x000000000cd76000 	/usr/lib/system/libsystem_m.dylib
0x000000000cd76000 	/usr/lib/system/libsystem_malloc.dylib
0x000000000cd76000 	/usr/lib/system/libsystem_network.dylib
0x000000000cd76000 	/usr/lib/system/libsystem_networkextension.dylib
0x000000000cd76000 	/usr/lib/system/libsystem_notify.dylib
0x000000000cd76000 	/usr/lib/system/libsystem_platform.dylib
0x000000000cd76000 	/usr/lib/system/libsystem_pthread.dylib
0x000000000cd76000 	/usr/lib/system/libsystem_sandbox.dylib
0x000000000cd76000 	/usr/lib/system/libsystem_secinit.dylib
0x000000000cd76000 	/usr/lib/system/libsystem_stats.dylib
0x000000000cd76000 	/usr/lib/system/libsystem_trace.dylib
0x000000000cd76000 	/usr/lib/system/libunc.dylib
0x000000000cd76000 	/usr/lib/system/libunwind.dylib
0x000000000cd76000 	/usr/lib/system/libxpc.dylib
0x000000000cd76000 	/usr/lib/libbz2.1.0.dylib
0x000000000cd76000 	/usr/lib/liblzma.5.dylib
0x000000000cd76000 	/usr/lib/libbsm.0.dylib
0x000000000cd76000 	/usr/lib/libsqlite3.dylib
0x000000000cd76000 	/usr/lib/system/libkxld.dylib
0x000000000cd76000 	/usr/lib/libxar.1.dylib
0x000000000cd76000 	/usr/lib/libpam.2.dylib
0x000000000cd76000 	/usr/lib/libOpenScriptingUtil.dylib
0x000000000cd76000 	/System/Library/Frameworks/CoreServices.framework/Versions/A/Frameworks/FSEvents.framework/Versions/A/FSEvents
0x000000000cd76000 	/System/Library/Frameworks/CoreServices.framework/Versions/A/Frameworks/CarbonCore.framework/Versions/A/CarbonCore
0x000000000cd76000 	/System/Library/Frameworks/CoreServices.framework/Versions/A/Frameworks/Metadata.framework/Versions/A/Metadata
0x000000000cd76000 	/System/Library/Frameworks/CoreServices.framework/Versions/A/Frameworks/OSServices.framework/Versions/A/OSServices
0x000000000cd76000 	/System/Library/Frameworks/CoreServices.framework/Versions/A/Frameworks/SearchKit.framework/Versions/A/SearchKit
0x000000000cd76000 	/System/Library/Frameworks/CoreServices.framework/Versions/A/Frameworks/AE.framework/Versions/A/AE
0x000000000cd76000 	/System/Library/Frameworks/CoreServices.framework/Versions/A/Frameworks/LaunchServices.framework/Versions/A/LaunchServices
0x000000000cd76000 	/System/Library/Frameworks/CoreServices.framework/Versions/A/Frameworks/DictionaryServices.framework/Versions/A/DictionaryServices
0x000000000cd76000 	/System/Library/Frameworks/NetFS.framework/Versions/A/NetFS
0x000000000cd76000 	/System/Library/PrivateFrameworks/NetAuth.framework/Versions/A/NetAuth
0x000000000cd76000 	/System/Library/PrivateFrameworks/login.framework/Versions/A/Frameworks/loginsupport.framework/Versions/A/loginsupport
0x000000000cd76000 	/System/Library/PrivateFrameworks/TCC.framework/Versions/A/TCC
0x000000000cd76000 	/usr/lib/libmecabra.dylib
0x000000000cd76000 	/System/Library/PrivateFrameworks/LanguageModeling.framework/Versions/A/LanguageModeling
0x000000000cd76000 	/usr/lib/libcmph.dylib
0x000000000cd76000 	/usr/lib/libiconv.2.dylib
0x000000000cd76000 	/System/Library/Frameworks/OpenDirectory.framework/Versions/A/Frameworks/CFOpenDirectory.framework/Versions/A/CFOpenDirectory
0x000000000cd76000 	/System/Library/Frameworks/ServiceManagement.framework/Versions/A/ServiceManagement
0x000000000cd76000 	/usr/lib/libxslt.1.dylib
0x000000000cd76000 	/System/Library/Frameworks/Carbon.framework/Versions/A/Frameworks/Ink.framework/Versions/A/Ink
0x000000000cd76000 	/System/Library/Frameworks/ApplicationServices.framework/Versions/A/Frameworks/ATS.framework/Versions/A/ATS
0x000000000cd76000 	/System/Library/Frameworks/ApplicationServices.framework/Versions/A/Frameworks/ColorSync.framework/Versions/A/ColorSync
0x000000000cd76000 	/System/Library/Frameworks/ApplicationServices.framework/Versions/A/Frameworks/HIServices.framework/Versions/A/HIServices
0x000000000cd76000 	/System/Library/Frameworks/ApplicationServices.framework/Versions/A/Frameworks/LangAnalysis.framework/Versions/A/LangAnalysis
0x000000000cd76000 	/System/Library/Frameworks/ApplicationServices.framework/Versions/A/Frameworks/PrintCore.framework/Versions/A/PrintCore
0x000000000cd76000 	/System/Library/Frameworks/ApplicationServices.framework/Versions/A/Frameworks/QD.framework/Versions/A/QD
0x000000000cd76000 	/System/Library/Frameworks/ApplicationServices.framework/Versions/A/Frameworks/SpeechSynthesis.framework/Versions/A/SpeechSynthesis
0x000000000cd76000 	/System/Library/Frameworks/Accelerate.framework/Versions/A/Accelerate
0x000000000cd76000 	/System/Library/Frameworks/Accelerate.framework/Versions/A/Frameworks/vImage.framework/Versions/A/vImage
0x000000000cd76000 	/System/Library/Frameworks/Accelerate.framework/Versions/A/Frameworks/vecLib.framework/Versions/A/vecLib
0x000000000cd76000 	/System/Library/Frameworks/Accelerate.framework/Versions/A/Frameworks/vecLib.framework/Versions/A/libvDSP.dylib
0x000000000cd76000 	/System/Library/Frameworks/Accelerate.framework/Versions/A/Frameworks/vecLib.framework/Versions/A/libvMisc.dylib
0x000000000cd76000 	/System/Library/Frameworks/Accelerate.framework/Versions/A/Frameworks/vecLib.framework/Versions/A/libLAPACK.dylib
0x000000000cd76000 	/System/Library/Frameworks/Accelerate.framework/Versions/A/Frameworks/vecLib.framework/Versions/A/libBLAS.dylib
0x000000000cd76000 	/System/Library/Frameworks/Accelerate.framework/Versions/A/Frameworks/vecLib.framework/Versions/A/libLinearAlgebra.dylib
0x000000000cd76000 	/System/Library/Frameworks/ApplicationServices.framework/Versions/A/Frameworks/ATS.framework/Versions/A/Resources/libFontParser.dylib
0x000000000cd76000 	/System/Library/Frameworks/ApplicationServices.framework/Versions/A/Frameworks/ATS.framework/Versions/A/Resources/libFontRegistry.dylib
0x000000000cd76000 	/System/Library/PrivateFrameworks/AppleVPA.framework/Versions/A/AppleVPA
0x000000000cd76000 	/System/Library/PrivateFrameworks/AppleJPEG.framework/Versions/A/AppleJPEG
0x000000000cd76000 	/System/Library/Frameworks/ImageIO.framework/Versions/A/Resources/libJPEG.dylib
0x000000000cd76000 	/System/Library/Frameworks/ImageIO.framework/Versions/A/Resources/libTIFF.dylib
0x000000000cd76000 	/System/Library/Frameworks/ImageIO.framework/Versions/A/Resources/libPng.dylib
0x000000000cd76000 	/System/Library/Frameworks/ImageIO.framework/Versions/A/Resources/libGIF.dylib
0x000000000cd76000 	/System/Library/Frameworks/ImageIO.framework/Versions/A/Resources/libJP2.dylib
0x000000000cd76000 	/System/Library/Frameworks/ImageIO.framework/Versions/A/Resources/libRadiance.dylib
0x000000000cd76000 	/System/Library/Frameworks/CoreVideo.framework/Versions/A/CoreVideo
0x000000000cd76000 	/System/Library/Frameworks/OpenGL.framework/Versions/A/Libraries/libGLU.dylib
0x000000000cd76000 	/System/Library/Frameworks/OpenGL.framework/Versions/A/Libraries/libGFXShared.dylib
0x000000000cd76000 	/System/Library/Frameworks/OpenGL.framework/Versions/A/Libraries/libGL.dylib
0x000000000cd76000 	/System/Library/Frameworks/OpenGL.framework/Versions/A/Libraries/libGLImage.dylib
0x000000000cd76000 	/System/Library/Frameworks/OpenGL.framework/Versions/A/Libraries/libCVMSPluginSupport.dylib
0x000000000cd76000 	/System/Library/Frameworks/OpenGL.framework/Versions/A/Libraries/libCoreVMClient.dylib
0x000000000cd76000 	/usr/lib/libcups.2.dylib
0x000000000cd76000 	/System/Library/Frameworks/Kerberos.framework/Versions/A/Kerberos
0x000000000cd76000 	/System/Library/Frameworks/GSS.framework/Versions/A/GSS
0x000000000cd76000 	/usr/lib/libresolv.9.dylib
0x000000000cd76000 	/System/Library/PrivateFrameworks/Heimdal.framework/Versions/A/Heimdal
0x000000000cd76000 	/usr/lib/libheimdal-asn1.dylib
0x000000000cd76000 	/System/Library/Frameworks/OpenDirectory.framework/Versions/A/OpenDirectory
0x000000000cd76000 	/System/Library/PrivateFrameworks/CommonAuth.framework/Versions/A/CommonAuth
0x000000000cd76000 	/System/Library/Frameworks/SecurityFoundation.framework/Versions/A/SecurityFoundation
0x000000000cd76000 	/System/Library/Frameworks/QuartzCore.framework/Versions/A/Frameworks/CoreImage.framework/Versions/A/CoreImage
0x000000000cd76000 	/System/Library/PrivateFrameworks/CrashReporterSupport.framework/Versions/A/CrashReporterSupport
0x000000000cd76000 	/System/Library/Frameworks/OpenCL.framework/Versions/A/OpenCL
0x000000000cd76000 	/System/Library/PrivateFrameworks/FaceCore.framework/Versions/A/FaceCore
0x000000000cd76000 	/System/Library/PrivateFrameworks/Ubiquity.framework/Versions/A/Ubiquity
0x000000000cd76000 	/System/Library/PrivateFrameworks/IconServices.framework/Versions/A/IconServices
0x000000000cd76000 	/System/Library/PrivateFrameworks/ChunkingLibrary.framework/Versions/A/ChunkingLibrary
0x000000000cd76000 	/System/Library/PrivateFrameworks/Apple80211.framework/Versions/A/Apple80211
0x000000000cd76000 	/System/Library/Frameworks/CoreWLAN.framework/Versions/A/CoreWLAN
0x000000000cd76000 	/System/Library/Frameworks/IOBluetooth.framework/Versions/A/IOBluetooth
0x000000000cd76000 	/System/Library/PrivateFrameworks/CoreWiFi.framework/Versions/A/CoreWiFi
0x000000000cd76000 	/System/Library/Frameworks/CoreBluetooth.framework/Versions/A/CoreBluetooth
0x000000000cd76000 	/System/Library/PrivateFrameworks/DebugSymbols.framework/Versions/A/DebugSymbols
0x000000000cd76000 	/System/Library/PrivateFrameworks/CoreSymbolication.framework/Versions/A/CoreSymbolication
0x000000000cd76000 	/System/Library/PrivateFrameworks/Symbolication.framework/Versions/A/Symbolication
0x000000000cd76000 	/System/Library/PrivateFrameworks/SpeechRecognitionCore.framework/Versions/A/SpeechRecognitionCore
0x0000000107000000 	/Library/Java/JavaVirtualMachines/jdk1.7.0_07.jdk/Contents/Home/jre/lib/server/libjvm.dylib
0x000000000cd76000 	/usr/lib/libstdc++.6.dylib
0x0000000106721000 	/Library/Java/JavaVirtualMachines/jdk1.7.0_07.jdk/Contents/Home/jre/lib/libverify.dylib
0x000000010672e000 	/Library/Java/JavaVirtualMachines/jdk1.7.0_07.jdk/Contents/Home/jre/lib/libjava.dylib
0x0000000106768000 	/Library/Java/JavaVirtualMachines/jdk1.7.0_07.jdk/Contents/Home/jre/lib/libzip.dylib
0x000000010b2b9000 	/System/Library/Frameworks/JavaVM.framework/Frameworks/JavaRuntimeSupport.framework/JavaRuntimeSupport
0x000000010b2d1000 	/System/Library/Frameworks/JavaVM.framework/Versions/A/Frameworks/JavaNativeFoundation.framework/Versions/A/JavaNativeFoundation
0x000000010b2e6000 	/System/Library/Frameworks/JavaVM.framework/Versions/A/JavaVM
0x000000000cd76000 	/System/Library/Frameworks/Carbon.framework/Versions/A/Carbon
0x000000010b2f3000 	/System/Library/PrivateFrameworks/JavaLaunching.framework/Versions/A/JavaLaunching
0x000000000cd76000 	/System/Library/Frameworks/Carbon.framework/Versions/A/Frameworks/CommonPanels.framework/Versions/A/CommonPanels
0x000000000cd76000 	/System/Library/Frameworks/Carbon.framework/Versions/A/Frameworks/Help.framework/Versions/A/Help
0x000000000cd76000 	/System/Library/Frameworks/Carbon.framework/Versions/A/Frameworks/ImageCapture.framework/Versions/A/ImageCapture
0x000000000cd76000 	/System/Library/Frameworks/Carbon.framework/Versions/A/Frameworks/OpenScripting.framework/Versions/A/OpenScripting
0x000000000cd76000 	/System/Library/Frameworks/Carbon.framework/Versions/A/Frameworks/Print.framework/Versions/A/Print
0x000000000cd76000 	/System/Library/Frameworks/Carbon.framework/Versions/A/Frameworks/SecurityHI.framework/Versions/A/SecurityHI
0x000000010d065000 	/Library/Java/JavaVirtualMachines/jdk1.7.0_07.jdk/Contents/Home/jre/lib/libawt.dylib
0x000000010d114000 	/Library/Java/JavaVirtualMachines/jdk1.7.0_07.jdk/Contents/Home/jre/lib/./libmlib_image.dylib
0x000000010d1e0000 	/Library/Java/JavaVirtualMachines/jdk1.7.0_07.jdk/Contents/Home/jre/lib/lwawt/liblwawt.dylib
0x000000010d292000 	/Library/Java/JavaVirtualMachines/jdk1.7.0_07.jdk/Contents/Home/jre/lib/libosxapp.dylib
0x000000000cd76000 	/System/Library/Frameworks/ExceptionHandling.framework/Versions/A/ExceptionHandling
0x000000000cd76000 	/System/Library/PrivateFrameworks/CoreServicesInternal.framework/Versions/A/CoreServicesInternal
0x000000000cd76000 	/System/Library/PrivateFrameworks/CloudDocs.framework/Versions/A/CloudDocs
0x000000000cd76000 	/System/Library/PrivateFrameworks/CoreDuet.framework/Versions/A/CoreDuet
0x000000000cd76000 	/System/Library/Frameworks/CloudKit.framework/Versions/A/CloudKit
0x000000000cd76000 	/System/Library/PrivateFrameworks/ProtocolBuffer.framework/Versions/A/ProtocolBuffer
0x000000000cd76000 	/System/Library/PrivateFrameworks/CoreDuetDaemonProtocol.framework/Versions/A/CoreDuetDaemonProtocol
0x000000000cd76000 	/System/Library/PrivateFrameworks/CoreDuetDebugLogging.framework/Versions/A/CoreDuetDebugLogging
0x000000000cd76000 	/System/Library/Frameworks/CoreLocation.framework/Versions/A/CoreLocation
0x000000000cd76000 	/System/Library/Frameworks/Accounts.framework/Versions/A/Accounts
0x000000000cd76000 	/System/Library/PrivateFrameworks/ApplePushService.framework/Versions/A/ApplePushService
0x000000000cd76000 	/System/Library/PrivateFrameworks/GeoServices.framework/Versions/A/GeoServices
0x000000000cd76000 	/System/Library/PrivateFrameworks/OAuth.framework/Versions/A/OAuth
0x000000000cd76000 	/System/Library/PrivateFrameworks/CoreDaemon.framework/Versions/B/CoreDaemon
0x000000000cd76000 	/usr/lib/libcrypto.0.9.8.dylib
0x000000000cd76000 	/System/Library/PrivateFrameworks/AppleSRP.framework/Versions/A/AppleSRP
0x000000000cd76000 	/System/Library/PrivateFrameworks/TrustEvaluationAgent.framework/Versions/A/TrustEvaluationAgent
0x000000000cd76000 	/System/Library/Frameworks/CoreGraphics.framework/Versions/A/Resources/libCGCMS.A.dylib
0x000000000cd76000 	/System/Library/Frameworks/CoreGraphics.framework/Versions/A/Resources/libRIP.A.dylib
0x000000000cd76000 	/System/Library/Frameworks/CoreGraphics.framework/Versions/A/Resources/libCGXType.A.dylib
0x000000000cd76000 	/System/Library/Frameworks/OpenCL.framework/Versions/A/Libraries/libcldcpuengine.dylib
0x000000000cd76000 	/System/Library/PrivateFrameworks/DiskImages.framework/Versions/A/DiskImages
0x000000000cd76000 	/System/Library/Frameworks/DiscRecording.framework/Versions/A/DiscRecording
0x000000000cd76000 	/usr/lib/libcsfde.dylib
0x000000000cd76000 	/usr/lib/libcurl.4.dylib
0x000000000cd76000 	/System/Library/PrivateFrameworks/MediaKit.framework/Versions/A/MediaKit
0x000000000cd76000 	/System/Library/PrivateFrameworks/ProtectedCloudStorage.framework/Versions/A/ProtectedCloudStorage
0x000000000cd76000 	/usr/lib/libCoreStorage.dylib
0x000000000cd76000 	/System/Library/PrivateFrameworks/EFILogin.framework/Versions/A/EFILogin
0x000000000cd76000 	/usr/lib/libutil.dylib
0x000000000cd76000 	/System/Library/PrivateFrameworks/FindMyDevice.framework/Versions/A/FindMyDevice
0x000000000cd76000 	/System/Library/Frameworks/LDAP.framework/Versions/A/LDAP
0x000000000cd76000 	/usr/lib/libsasl2.2.dylib
0x000000010fd60000 	cl_kernels
0x000000010fd62000 	/System/Library/Frameworks/OpenCL.framework/Versions/A/Libraries/ImageFormats/unorm8_bgra.dylib
0x000000010fd51000 	cl_kernels
0x000000000cd76000 	/System/Library/PrivateFrameworks/FamilyControls.framework/Versions/A/FamilyControls
0x000000000cd76000 	/System/Library/PrivateFrameworks/CommerceKit.framework/Versions/A/Frameworks/CommerceCore.framework/Versions/A/CommerceCore
0x000000000cd76000 	/System/Library/PrivateFrameworks/SystemAdministration.framework/Versions/A/SystemAdministration
0x000000000cd76000 	/System/Library/PrivateFrameworks/AppContainer.framework/Versions/A/AppContainer
0x000000000cd76000 	/System/Library/PrivateFrameworks/SecCodeWrapper.framework/Versions/A/SecCodeWrapper
0x000000000cd76000 	/System/Library/Frameworks/DirectoryService.framework/Versions/A/DirectoryService
0x000000000cd76000 	/System/Library/PrivateFrameworks/LoginUIKit.framework/Versions/A/Frameworks/LoginUICore.framework/Versions/A/LoginUICore
0x000000000cd76000 	/usr/lib/libodfde.dylib
0x0000000110ffb000 	/Library/Java/JavaVirtualMachines/jdk1.7.0_07.jdk/Contents/Home/jre/lib/libfontmanager.dylib
0x0000000111047000 	/Users/eashaan/eclipse-and-more/repositories/Games/InfaGen/native/macosx/liblwjgl.jnilib
0x000000010f278000 	/Library/Java/JavaVirtualMachines/jdk1.7.0_07.jdk/Contents/Home/jre/lib/libjawt.dylib
0x000000000cd76000 	/System/Library/Frameworks/OpenGL.framework/Versions/A/Resources/GLEngine.bundle/GLEngine
0x000000000cd76000 	/System/Library/Frameworks/OpenGL.framework/Versions/A/Libraries/libGLProgrammability.dylib
0x0000000000000000 	/System/Library/Extensions/AMDRadeonX3000GLDriver.bundle/Contents/MacOS/AMDRadeonX3000GLDriver
0x000000000cd76000 	/System/Library/PrivateFrameworks/IOAccelerator.framework/Versions/A/IOAccelerator
0x000000000cd76000 	/System/Library/PrivateFrameworks/GPUSupport.framework/Versions/A/Libraries/libGPUSupportMercury.dylib
0x000000000cd76000 	/System/Library/Frameworks/OpenGL.framework/Versions/A/Resources/GLRendererFloat.bundle/GLRendererFloat
0x00000001119ef000 	/Library/Java/JavaVirtualMachines/jdk1.7.0_07.jdk/Contents/Home/jre/lib/libnio.dylib
0x0000000111d04000 	/Library/Java/JavaVirtualMachines/jdk1.7.0_07.jdk/Contents/Home/jre/lib/./libnet.dylib

VM Arguments:
jvm_args: -Djava.library.path=/Users/eashaan/eclipse-and-more/repositories/Games/InfaGen/native/windows:/Users/eashaan/eclipse-and-more/repositories/Games/InfaGen/native/macosx -Dfile.encoding=US-ASCII 
java_command: com.infagen.core.Core
Launcher Type: SUN_STANDARD

Environment Variables:
PATH=/usr/bin:/bin:/usr/sbin:/sbin
SHELL=/bin/bash

Signal Handlers:
SIGSEGV: [libjvm.dylib+0x4a3a1d], sa_mask[0]=0xfffefeff, sa_flags=0x00000042
SIGBUS: [libjvm.dylib+0x4a3a1d], sa_mask[0]=0xfffefeff, sa_flags=0x00000042
SIGFPE: [libjvm.dylib+0x3b3431], sa_mask[0]=0xfffefeff, sa_flags=0x00000042
SIGPIPE: [libjvm.dylib+0x3b3431], sa_mask[0]=0xfffefeff, sa_flags=0x00000042
SIGXFSZ: [libjvm.dylib+0x3b3431], sa_mask[0]=0xfffefeff, sa_flags=0x00000042
SIGILL: [libjvm.dylib+0x3b3431], sa_mask[0]=0xfffefeff, sa_flags=0x00000042
SIGUSR1: SIG_DFL, sa_mask[0]=0x00000000, sa_flags=0x00000000
SIGUSR2: [libjvm.dylib+0x3b2fca], sa_mask[0]=0x00000004, sa_flags=0x00000042
SIGHUP: [libjvm.dylib+0x3b122b], sa_mask[0]=0xfffefeff, sa_flags=0x00000042
SIGINT: [libjvm.dylib+0x3b122b], sa_mask[0]=0xfffefeff, sa_flags=0x00000042
SIGTERM: [libjvm.dylib+0x3b122b], sa_mask[0]=0xfffefeff, sa_flags=0x00000042
SIGQUIT: [libjvm.dylib+0x3b122b], sa_mask[0]=0xfffefeff, sa_flags=0x00000042


---------------  S Y S T E M  ---------------

OS:Bsduname:Darwin 14.0.0 Darwin Kernel Version 14.0.0: Fri Sep 19 00:26:44 PDT 2014; root:xnu-2782.1.97~2/RELEASE_X86_64 x86_64
rlimit: STACK 8192k, CORE 0k, NPROC 709, NOFILE 10240, AS infinity
load average:1.24 1.26 1.20

CPU:total 4 (4 cores per cpu, 1 threads per core) family 6 model 42 stepping 7, cmov, cx8, fxsr, mmx, sse, sse2, sse3, ssse3, sse4.1, sse4.2, popcnt, avx, tsc, tscinvbit

Memory: 4k page, physical 1247580k(311895k free)

/proc/meminfo:


vm_info: Java HotSpot(TM) 64-Bit Server VM (23.3-b01) for bsd-amd64 JRE (1.7.0_07-b10), built on Aug 28 2012 18:14:29 by "java_re" with gcc 4.2.1 (Based on Apple Inc. build 5658) (LLVM build 2336.9.00)

time: Mon Mar 23 20:08:10 2015
elapsed time: 11 seconds

