#
# A fatal error has been detected by the Java Runtime Environment:
#
#  SIGSEGV (0xb) at pc=0x00007fff886ac8f2, pid=2300, tid=1299
#
# JRE version: 7.0_07-b10
# Java VM: Java HotSpot(TM) 64-Bit Server VM (23.3-b01 mixed mode bsd-amd64 compressed oops)
# Problematic frame:
# C  [libGPUSupportMercury.dylib+0xb8f2]  gldAttachDrawable+0x60
#
# Failed to write core dump. Core dumps have been disabled. To enable core dumping, try "ulimit -c unlimited" before starting Java again
#
# If you would like to submit a bug report, please visit:
#   http://bugreport.sun.com/bugreport/crash.jsp
# The crash happened outside the Java Virtual Machine in native code.
# See problematic frame for where to report the bug.
#

---------------  T H R E A D  ---------------

Current thread (0x00007f8e1a087000):  JavaThread "AppKit Thread" daemon [_thread_in_native, id=1299, stack(0x00007fff5d421000,0x00007fff5d4a1000)]

siginfo:si_signo=SIGSEGV: si_errno=0, si_code=0 (SEGV0), si_addr=0x0000000000000000

Registers:
RAX=0x7000000000000000, RBX=0x000000000000271e, RCX=0x0000000000000000, RDX=0x00007f8e18f3b208
RSP=0x00007fff5d49b580, RBP=0x00007fff5d49b680, RSI=0x0000000000000050, RDI=0x00007fff784ec070
R8 =0x00007f8e1c009e60, R9 =0x00007f8e1b800000, R10=0x000000000000003c, R11=0x0000000000000206
R12=0x0000000000002718, R13=0x00007f8e190a6200, R14=0x0000000000000050, R15=0x0000000000000000
RIP=0x00007fff886ac8f2, EFLAGS=0x0000000000010212, ERR=0x0000000000000000
  TRAPNO=0x000000000000000d

Top of Stack: (sp=0x00007fff5d49b580)
0x00007fff5d49b580:   00007fff5d49b5f4 00007f8e18f2c400
0x00007fff5d49b590:   ffffffffffffffff 0000206000000040
0x00007fff5d49b5a0:   00007f8e18f2c418 00007fff8c28b69f
0x00007fff5d49b5b0:   0000000000000000 7000000000000000
0x00007fff5d49b5c0:   0000000300000003 00007fff5d49b708
0x00007fff5d49b5d0:   00007fff5d49b694 0000000000017f7f
0x00007fff5d49b5e0:   00007fff5d49b68c 00007fff5d49b690
0x00007fff5d49b5f0:   00007fff5d49b670 00007fff94f44168
0x00007fff5d49b600:   0000000000000000 00000000000004a3
0x00007fff5d49b610:   0000003400001200 0000020b00000000
0x00007fff5d49b620:   00007fff5d49b650 00007fff94ef403c
0x00007fff5d49b630:   00007fff5d49b680 00000000000004a3
0x00007fff5d49b640:   00000000042801c0 000000002dc498da
0x00007fff5d49b650:   aa0084f75eb3d8e7 00007f8e1c000000
0x00007fff5d49b660:   0000000000002718 0000000000000000
0x00007fff5d49b670:   0000000000000050 0000000000000000
0x00007fff5d49b680:   00007fff5d49b6d0 00007fff936a87e4
0x00007fff5d49b690:   00007f8e1c009e60 0000000000000000
0x00007fff5d49b6a0:   00007f8e18f3b208 00007f8e18f3cdb0
0x00007fff5d49b6b0:   0000000000000000 00007f8e198d6150
0x00007fff5d49b6c0:   00007f8e198d4200 00007fff784ec070
0x00007fff5d49b6d0:   00007fff5d49b7c0 00007fff877eb7ac
0x00007fff5d49b6e0:   4096800000000000 408b800000000000
0x00007fff5d49b6f0:   4072a00000000000 4089000000000000
0x00007fff5d49b700:   4089b00000000000 0000000000000000
0x00007fff5d49b710:   4036000000000000 4089000000000000
0x00007fff5d49b720:   4089000000000000 0000000000000000
0x00007fff5d49b730:   0000000000000000 0000000000000001
0x00007fff5d49b740:   00007f8e18f3b208 0000000000000001
0x00007fff5d49b750:   00007fff5d49b7c0 00007fff877f064c
0x00007fff5d49b760:   0000000100000003 00007f8e198d6150
0x00007fff5d49b770:   00007f8e198d6088 0000000295ccffff 

Instructions: (pc=0x00007fff886ac8f2)
0x00007fff886ac8d2:   48 85 d2 b8 01 00 00 00 bb 15 27 00 00 0f 44 d8
0x00007fff886ac8e2:   e9 7f 01 00 00 49 8b 45 08 48 89 85 38 ff ff ff
0x00007fff886ac8f2:   48 8b 00 48 89 85 30 ff ff ff 83 fe 4f 0f 8f fd
0x00007fff886ac902:   00 00 00 48 89 d0 bb 15 27 00 00 83 fe 35 0f 84 

Register to memory mapping:

RAX=0x7000000000000000 is an unknown value
RBX=0x000000000000271e is an unknown value
RCX=0x0000000000000000 is an unknown value
RDX=0x00007f8e18f3b208 is an unknown value
RSP=0x00007fff5d49b580 is pointing into the stack for thread: 0x00007f8e1a087000
RBP=0x00007fff5d49b680 is pointing into the stack for thread: 0x00007f8e1a087000
RSI=0x0000000000000050 is an unknown value
RDI=0x00007fff784ec070: __stack_chk_guard+0 in /usr/lib/system/libsystem_c.dylib at 0x00007fff92d91000
R8 =0x00007f8e1c009e60 is an unknown value
R9 =0x00007f8e1b800000 is an unknown value
R10=0x000000000000003c is an unknown value
R11=0x0000000000000206 is an unknown value
R12=0x0000000000002718 is an unknown value
R13=0x00007f8e190a6200 is an unknown value
R14=0x0000000000000050 is an unknown value
R15=0x0000000000000000 is an unknown value


Stack: [0x00007fff5d421000,0x00007fff5d4a1000],  sp=0x00007fff5d49b580,  free space=489k
Native frames: (J=compiled Java code, j=interpreted, Vv=VM code, C=native code)
C  [libGPUSupportMercury.dylib+0xb8f2]  gldAttachDrawable+0x60
C  [GLEngine+0x167e4]  gliAttachDrawableWithOptions+0x101
C  [OpenGL+0x37ac]  glcGetIOAccelService+0xe03
C  [OpenGL+0x73f3]  CGLSetPBuffer+0xb90
C  [OpenGL+0x7716]  CGLSetSurface+0x124
C  [AppKit+0x57bf47]  NSOpenGLContextAttachOnScreenViewSurface+0x109
C  [AppKit+0x2c66ab]  -[NSOpenGLContext setView:]+0x83
C  [liblwjgl.jnilib+0x9f3e]  -[MacOSXOpenGLView lockFocus]+0x6e
C  [AppKit+0x14e775]  -[NSView _recursiveDisplayRectIfNeededIgnoringOpacity:isVisibleRect:rectIsVisibleRectForView:topView:]+0x740
C  [AppKit+0x14f7d0]  -[NSView _recursiveDisplayRectIfNeededIgnoringOpacity:isVisibleRect:rectIsVisibleRectForView:topView:]+0x179b
C  [AppKit+0x14db23]  -[NSThemeFrame _recursiveDisplayRectIfNeededIgnoringOpacity:isVisibleRect:rectIsVisibleRectForView:topView:]+0x14d
C  [AppKit+0x14a67b]  -[NSView _displayRectIgnoringOpacity:isVisibleRect:rectIsVisibleRectForView:]+0xac9
C  [AppKit+0x12907a]  -[NSView displayIfNeeded]+0x754
C  [AppKit+0x146575]  -[NSWindow displayIfNeeded]+0xe8
C  [AppKit+0x183772]  _handleWindowNeedsDisplayOrLayoutOrUpdateConstraints+0x3a8
C  [AppKit+0x748cf1]  __83-[NSWindow _postWindowNeedsDisplayOrLayoutOrUpdateConstraintsUnlessPostingDisabled]_block_invoke1523+0x2e
C  [CoreFoundation+0x7fd87]  __CFRUNLOOP_IS_CALLING_OUT_TO_AN_OBSERVER_CALLBACK_FUNCTION__+0x17
C  [CoreFoundation+0x7fce0]  __CFRunLoopDoObservers+0x170
C  [CoreFoundation+0x71de8]  __CFRunLoopRun+0x368
C  [CoreFoundation+0x71838]  CFRunLoopRunSpecific+0x128
C  [HIToolbox+0x2e43f]  RunCurrentEventLoopInMode+0xeb
C  [HIToolbox+0x2e0be]  ReceiveNextEventCommon+0xb3
C  [HIToolbox+0x2dffb]  _BlockUntilNextEventMatchingListInModeWithFilter+0x47
C  [AppKit+0x246d1]  _DPSNextEvent+0x3c4
C  [AppKit+0x23e80]  -[NSApplication nextEventMatchingMask:untilDate:inMode:dequeue:]+0xc2
C  [libosxapp.dylib+0x1b56]  -[NSApplicationAWT nextEventMatchingMask:untilDate:inMode:dequeue:]+0x7c
C  [AppKit+0x17e23]  -[NSApplication run]+0x252
C  [libosxapp.dylib+0x19b9]  +[NSApplicationAWT runAWTLoopWithApp:]+0x9c
C  [liblwawt.dylib+0xda5a]  -[AWTStarter starter:]+0x637
C  [Foundation+0x65f4c]  __NSThreadPerformPerform+0x125
C  [CoreFoundation+0x80661]  __CFRUNLOOP_IS_CALLING_OUT_TO_A_SOURCE0_PERFORM_FUNCTION__+0x11
C  [CoreFoundation+0x727ed]  __CFRunLoopDoSources0+0x10d
C  [CoreFoundation+0x71e1f]  __CFRunLoopRun+0x39f
C  [CoreFoundation+0x71838]  CFRunLoopRunSpecific+0x128
C  [java+0x74bc]  CreateExecutionEnvironment+0x367
C  [java+0x1cac]  JLI_Launch+0x7a0
C  [java+0x7819]  main+0x65
C  [java+0x1504]  start+0x34


---------------  P R O C E S S  ---------------

Java Threads: ( => current thread )
  0x00007f8e1a0a3800 JavaThread "AWT-Shutdown" [_thread_blocked, id=15367, stack(0x0000000109402000,0x0000000109502000)]
=>0x00007f8e1a087000 JavaThread "AppKit Thread" daemon [_thread_in_native, id=1299, stack(0x00007fff5d421000,0x00007fff5d4a1000)]
  0x00007f8e1a010000 JavaThread "Service Thread" daemon [_thread_blocked, id=13827, stack(0x0000000108f5d000,0x000000010905d000)]
  0x00007f8e1a00f000 JavaThread "C2 CompilerThread1" daemon [_thread_blocked, id=13571, stack(0x0000000108e5a000,0x0000000108f5a000)]
  0x00007f8e1a00e800 JavaThread "C2 CompilerThread0" daemon [_thread_blocked, id=13319, stack(0x0000000108d57000,0x0000000108e57000)]
  0x00007f8e1a00d800 JavaThread "Signal Dispatcher" daemon [_thread_blocked, id=10263, stack(0x0000000108c54000,0x0000000108d54000)]
  0x00007f8e19804800 JavaThread "Finalizer" daemon [_thread_blocked, id=8707, stack(0x000000010731b000,0x000000010741b000)]
  0x00007f8e1a808000 JavaThread "Reference Handler" daemon [_thread_blocked, id=8451, stack(0x0000000107218000,0x0000000107318000)]
  0x00007f8e19005000 JavaThread "main" [_thread_in_native, id=4355, stack(0x0000000102872000,0x0000000102972000)]

Other Threads:
  0x00007f8e19053800 VMThread [stack: 0x0000000107115000,0x0000000107215000] [id=8195]
  0x00007f8e1a008000 WatcherThread [stack: 0x0000000109060000,0x0000000109160000] [id=14083]

VM state:not at safepoint (normal execution)

VM Mutex/Monitor currently owned by a thread: None

Heap
 def new generation   total 5952K, used 4517K [0x00000007e7800000, 0x00000007e7e70000, 0x00000007edf50000)
  eden space 5312K,  85% used [0x00000007e7800000, 0x00000007e7c69658, 0x00000007e7d30000)
  from space 640K,   0% used [0x00000007e7d30000, 0x00000007e7d30000, 0x00000007e7dd0000)
  to   space 640K,   0% used [0x00000007e7dd0000, 0x00000007e7dd0000, 0x00000007e7e70000)
 tenured generation   total 13248K, used 0K [0x00000007edf50000, 0x00000007eec40000, 0x00000007fae00000)
   the space 13248K,   0% used [0x00000007edf50000, 0x00000007edf50000, 0x00000007edf50200, 0x00000007eec40000)
 compacting perm gen  total 21248K, used 5042K [0x00000007fae00000, 0x00000007fc2c0000, 0x0000000800000000)
   the space 21248K,  23% used [0x00000007fae00000, 0x00000007fb2eca18, 0x00000007fb2ecc00, 0x00000007fc2c0000)
No shared spaces configured.

Card table byte_map: [0x0000000106d67000,0x0000000106e2c000] byte_map_base: 0x0000000102e2b000

Polling page: 0x00000001029b1000

Code Cache  [0x0000000103ca7000, 0x0000000103f17000, 0x0000000106ca7000)
 total_blobs=308 nmethods=33 adapters=228 free_code_cache=48684Kb largest_free_block=49832320

Compilation events (10 events):
Event: 1.110 Thread 0x00007f8e1a00f000 nmethod 26 0x0000000103d1cb90 code [0x0000000103d1ccc0, 0x0000000103d1cd18]
Event: 1.110 Thread 0x00007f8e1a00f000   29             org.lwjgl.DefaultSysImplementation::getTimerResolution (4 bytes)
Event: 1.110 Thread 0x00007f8e1a00e800 nmethod 28 0x0000000103d19dd0 code [0x0000000103d19f00, 0x0000000103d19f38]
Event: 1.110 Thread 0x00007f8e1a00f000 nmethod 29 0x0000000103d1b290 code [0x0000000103d1b3c0, 0x0000000103d1b418]
Event: 1.110 Thread 0x00007f8e1a00f000   31             org.lwjgl.opengl.Sync$RunningAvg::add (38 bytes)
Event: 1.110 Thread 0x00007f8e1a00e800   30             org.lwjgl.opengl.Sync::getTime (12 bytes)
Event: 1.110 Thread 0x00007f8e1a00e800 nmethod 30 0x0000000103d1b050 code [0x0000000103d1b180, 0x0000000103d1b1f8]
Event: 1.111 Thread 0x00007f8e1a00f000 nmethod 31 0x0000000103d1ad10 code [0x0000000103d1ae60, 0x0000000103d1af58]
Event: 1.113 Thread 0x00007f8e1a00e800   33   !         org.lwjgl.opengl.Sync::sync (125 bytes)
Event: 1.123 Thread 0x00007f8e1a00e800 nmethod 33 0x0000000103d1fc10 code [0x0000000103d1fe00, 0x0000000103d207e0]

GC Heap History (0 events):
No events

Deoptimization events (0 events):
No events

Internal exceptions (10 events):
Event: 0.668 Thread 0x00007f8e19005000 Threw 0x00000007e7c0f998 at /HUDSON/workspace/jdk7u7-2-build-macosx-amd64-product/jdk7u7/hotspot/src/share/vm/prims/jvm.cpp:1166
Event: 0.717 Thread 0x00007f8e19005000 Threw 0x00000007e7c17560 at /HUDSON/workspace/jdk7u7-2-build-macosx-amd64-product/jdk7u7/hotspot/src/share/vm/prims/jvm.cpp:1166
Event: 0.718 Thread 0x00007f8e19005000 Threw 0x00000007e7c1c3d0 at /HUDSON/workspace/jdk7u7-2-build-macosx-amd64-product/jdk7u7/hotspot/src/share/vm/prims/jvm.cpp:1166
Event: 0.718 Thread 0x00007f8e19005000 Threw 0x00000007e7c20ba8 at /HUDSON/workspace/jdk7u7-2-build-macosx-amd64-product/jdk7u7/hotspot/src/share/vm/prims/jvm.cpp:1166
Event: 0.719 Thread 0x00007f8e19005000 Threw 0x00000007e7c25778 at /HUDSON/workspace/jdk7u7-2-build-macosx-amd64-product/jdk7u7/hotspot/src/share/vm/prims/jvm.cpp:1166
Event: 0.720 Thread 0x00007f8e19005000 Threw 0x00000007e7c2a368 at /HUDSON/workspace/jdk7u7-2-build-macosx-amd64-product/jdk7u7/hotspot/src/share/vm/prims/jvm.cpp:1166
Event: 0.721 Thread 0x00007f8e19005000 Threw 0x00000007e7c30980 at /HUDSON/workspace/jdk7u7-2-build-macosx-amd64-product/jdk7u7/hotspot/src/share/vm/prims/jvm.cpp:1166
Event: 0.722 Thread 0x00007f8e19005000 Threw 0x00000007e7c36f48 at /HUDSON/workspace/jdk7u7-2-build-macosx-amd64-product/jdk7u7/hotspot/src/share/vm/prims/jvm.cpp:1166
Event: 0.724 Thread 0x00007f8e19005000 Threw 0x00000007e7c4ff20 at /HUDSON/workspace/jdk7u7-2-build-macosx-amd64-product/jdk7u7/hotspot/src/share/vm/prims/jvm.cpp:1166
Event: 0.724 Thread 0x00007f8e19005000 Threw 0x00000007e7c55278 at /HUDSON/workspace/jdk7u7-2-build-macosx-amd64-product/jdk7u7/hotspot/src/share/vm/prims/jvm.cpp:1166

Events (10 events):
Event: 0.724 loading class 0x00007f8e18e3a040
Event: 0.724 loading class 0x00007f8e18e3a040 done
Event: 0.724 loading class 0x00007f8e18d8d880
Event: 0.724 loading class 0x00007f8e18d8d880 done
Event: 0.727 loading class 0x00007f8e18c0aed0
Event: 0.727 loading class 0x00007f8e18c0aed0 done
Event: 0.727 loading class 0x00007f8e18c2d660
Event: 0.727 loading class 0x00007f8e18c2d660 done
Event: 1.924 loading class 0x00007f8e18f41930
Event: 1.924 loading class 0x00007f8e18f41930 done


Dynamic libraries:
0x00000000067c5000 	/System/Library/Frameworks/Cocoa.framework/Versions/A/Cocoa
0x00000000067c5000 	/System/Library/Frameworks/Security.framework/Versions/A/Security
0x00000000067c5000 	/System/Library/Frameworks/ApplicationServices.framework/Versions/A/ApplicationServices
0x00000000067c5000 	/usr/lib/libz.1.dylib
0x00000000067c5000 	/usr/lib/libSystem.B.dylib
0x00000000067c5000 	/usr/lib/libobjc.A.dylib
0x00000000067c5000 	/System/Library/Frameworks/CoreFoundation.framework/Versions/A/CoreFoundation
0x00000000067c5000 	/System/Library/Frameworks/AppKit.framework/Versions/C/AppKit
0x00000000067c5000 	/System/Library/Frameworks/CoreData.framework/Versions/A/CoreData
0x00000000067c5000 	/System/Library/Frameworks/Foundation.framework/Versions/C/Foundation
0x00000000067c5000 	/System/Library/PrivateFrameworks/RemoteViewServices.framework/Versions/A/RemoteViewServices
0x00000000067c5000 	/System/Library/PrivateFrameworks/UIFoundation.framework/Versions/A/UIFoundation
0x00000000067c5000 	/System/Library/Frameworks/IOSurface.framework/Versions/A/IOSurface
0x00000000067c5000 	/System/Library/Frameworks/AudioToolbox.framework/Versions/A/AudioToolbox
0x00000000067c5000 	/System/Library/Frameworks/AudioUnit.framework/Versions/A/AudioUnit
0x00000000067c5000 	/System/Library/PrivateFrameworks/DataDetectorsCore.framework/Versions/A/DataDetectorsCore
0x00000000067c5000 	/System/Library/PrivateFrameworks/DesktopServicesPriv.framework/Versions/A/DesktopServicesPriv
0x00000000067c5000 	/System/Library/Frameworks/Carbon.framework/Versions/A/Frameworks/HIToolbox.framework/Versions/A/HIToolbox
0x00000000067c5000 	/System/Library/Frameworks/QuartzCore.framework/Versions/A/QuartzCore
0x00000000067c5000 	/System/Library/Frameworks/Carbon.framework/Versions/A/Frameworks/SpeechRecognition.framework/Versions/A/SpeechRecognition
0x00000000067c5000 	/usr/lib/libauto.dylib
0x00000000067c5000 	/usr/lib/libicucore.A.dylib
0x00000000067c5000 	/usr/lib/libxml2.2.dylib
0x00000000067c5000 	/System/Library/PrivateFrameworks/CoreUI.framework/Versions/A/CoreUI
0x00000000067c5000 	/System/Library/Frameworks/CoreAudio.framework/Versions/A/CoreAudio
0x00000000067c5000 	/System/Library/Frameworks/DiskArbitration.framework/Versions/A/DiskArbitration
0x00000000067c5000 	/usr/lib/liblangid.dylib
0x00000000067c5000 	/System/Library/PrivateFrameworks/MultitouchSupport.framework/Versions/A/MultitouchSupport
0x00000000067c5000 	/System/Library/Frameworks/IOKit.framework/Versions/A/IOKit
0x00000000067c5000 	/usr/lib/libDiagnosticMessagesClient.dylib
0x00000000067c5000 	/System/Library/Frameworks/CoreServices.framework/Versions/A/CoreServices
0x00000000067c5000 	/System/Library/PrivateFrameworks/PerformanceAnalysis.framework/Versions/A/PerformanceAnalysis
0x00000000067c5000 	/System/Library/PrivateFrameworks/GenerationalStorage.framework/Versions/A/GenerationalStorage
0x00000000067c5000 	/System/Library/Frameworks/OpenGL.framework/Versions/A/OpenGL
0x00000000067c5000 	/System/Library/PrivateFrameworks/Sharing.framework/Versions/A/Sharing
0x00000000067c5000 	/System/Library/Frameworks/CoreGraphics.framework/Versions/A/CoreGraphics
0x00000000067c5000 	/System/Library/Frameworks/CoreText.framework/Versions/A/CoreText
0x00000000067c5000 	/System/Library/Frameworks/ImageIO.framework/Versions/A/ImageIO
0x00000000067c5000 	/usr/lib/libextension.dylib
0x00000000067c5000 	/System/Library/PrivateFrameworks/Backup.framework/Versions/A/Backup
0x00000000067c5000 	/usr/lib/libarchive.2.dylib
0x00000000067c5000 	/System/Library/Frameworks/CFNetwork.framework/Versions/A/CFNetwork
0x00000000067c5000 	/System/Library/Frameworks/SystemConfiguration.framework/Versions/A/SystemConfiguration
0x00000000067c5000 	/usr/lib/libCRFSuite.dylib
0x00000000067c5000 	/usr/lib/libc++.1.dylib
0x00000000067c5000 	/usr/lib/libc++abi.dylib
0x00000000067c5000 	/usr/lib/system/libcache.dylib
0x00000000067c5000 	/usr/lib/system/libcommonCrypto.dylib
0x00000000067c5000 	/usr/lib/system/libcompiler_rt.dylib
0x00000000067c5000 	/usr/lib/system/libcopyfile.dylib
0x00000000067c5000 	/usr/lib/system/libcorecrypto.dylib
0x00000000067c5000 	/usr/lib/system/libdispatch.dylib
0x00000000067c5000 	/usr/lib/system/libdyld.dylib
0x00000000067c5000 	/usr/lib/system/libkeymgr.dylib
0x00000000067c5000 	/usr/lib/system/liblaunch.dylib
0x00000000067c5000 	/usr/lib/system/libmacho.dylib
0x00000000067c5000 	/usr/lib/system/libquarantine.dylib
0x00000000067c5000 	/usr/lib/system/libremovefile.dylib
0x00000000067c5000 	/usr/lib/system/libsystem_asl.dylib
0x00000000067c5000 	/usr/lib/system/libsystem_blocks.dylib
0x00000000067c5000 	/usr/lib/system/libsystem_c.dylib
0x00000000067c5000 	/usr/lib/system/libsystem_configuration.dylib
0x00000000067c5000 	/usr/lib/system/libsystem_coreservices.dylib
0x00000000067c5000 	/usr/lib/system/libsystem_coretls.dylib
0x00000000067c5000 	/usr/lib/system/libsystem_dnssd.dylib
0x00000000067c5000 	/usr/lib/system/libsystem_info.dylib
0x00000000067c5000 	/usr/lib/system/libsystem_kernel.dylib
0x00000000067c5000 	/usr/lib/system/libsystem_m.dylib
0x00000000067c5000 	/usr/lib/system/libsystem_malloc.dylib
0x00000000067c5000 	/usr/lib/system/libsystem_network.dylib
0x00000000067c5000 	/usr/lib/system/libsystem_networkextension.dylib
0x00000000067c5000 	/usr/lib/system/libsystem_notify.dylib
0x00000000067c5000 	/usr/lib/system/libsystem_platform.dylib
0x00000000067c5000 	/usr/lib/system/libsystem_pthread.dylib
0x00000000067c5000 	/usr/lib/system/libsystem_sandbox.dylib
0x00000000067c5000 	/usr/lib/system/libsystem_secinit.dylib
0x00000000067c5000 	/usr/lib/system/libsystem_stats.dylib
0x00000000067c5000 	/usr/lib/system/libsystem_trace.dylib
0x00000000067c5000 	/usr/lib/system/libunc.dylib
0x00000000067c5000 	/usr/lib/system/libunwind.dylib
0x00000000067c5000 	/usr/lib/system/libxpc.dylib
0x00000000067c5000 	/usr/lib/libbz2.1.0.dylib
0x00000000067c5000 	/usr/lib/liblzma.5.dylib
0x00000000067c5000 	/usr/lib/libbsm.0.dylib
0x00000000067c5000 	/usr/lib/libsqlite3.dylib
0x00000000067c5000 	/usr/lib/system/libkxld.dylib
0x00000000067c5000 	/usr/lib/libxar.1.dylib
0x00000000067c5000 	/usr/lib/libpam.2.dylib
0x00000000067c5000 	/usr/lib/libOpenScriptingUtil.dylib
0x00000000067c5000 	/System/Library/Frameworks/CoreServices.framework/Versions/A/Frameworks/FSEvents.framework/Versions/A/FSEvents
0x00000000067c5000 	/System/Library/Frameworks/CoreServices.framework/Versions/A/Frameworks/CarbonCore.framework/Versions/A/CarbonCore
0x00000000067c5000 	/System/Library/Frameworks/CoreServices.framework/Versions/A/Frameworks/Metadata.framework/Versions/A/Metadata
0x00000000067c5000 	/System/Library/Frameworks/CoreServices.framework/Versions/A/Frameworks/OSServices.framework/Versions/A/OSServices
0x00000000067c5000 	/System/Library/Frameworks/CoreServices.framework/Versions/A/Frameworks/SearchKit.framework/Versions/A/SearchKit
0x00000000067c5000 	/System/Library/Frameworks/CoreServices.framework/Versions/A/Frameworks/AE.framework/Versions/A/AE
0x00000000067c5000 	/System/Library/Frameworks/CoreServices.framework/Versions/A/Frameworks/LaunchServices.framework/Versions/A/LaunchServices
0x00000000067c5000 	/System/Library/Frameworks/CoreServices.framework/Versions/A/Frameworks/DictionaryServices.framework/Versions/A/DictionaryServices
0x00000000067c5000 	/System/Library/Frameworks/NetFS.framework/Versions/A/NetFS
0x00000000067c5000 	/System/Library/PrivateFrameworks/NetAuth.framework/Versions/A/NetAuth
0x00000000067c5000 	/System/Library/PrivateFrameworks/login.framework/Versions/A/Frameworks/loginsupport.framework/Versions/A/loginsupport
0x00000000067c5000 	/System/Library/PrivateFrameworks/TCC.framework/Versions/A/TCC
0x00000000067c5000 	/usr/lib/libmecabra.dylib
0x00000000067c5000 	/System/Library/PrivateFrameworks/LanguageModeling.framework/Versions/A/LanguageModeling
0x00000000067c5000 	/usr/lib/libcmph.dylib
0x00000000067c5000 	/usr/lib/libiconv.2.dylib
0x00000000067c5000 	/System/Library/Frameworks/OpenDirectory.framework/Versions/A/Frameworks/CFOpenDirectory.framework/Versions/A/CFOpenDirectory
0x00000000067c5000 	/System/Library/Frameworks/ServiceManagement.framework/Versions/A/ServiceManagement
0x00000000067c5000 	/usr/lib/libxslt.1.dylib
0x00000000067c5000 	/System/Library/Frameworks/Carbon.framework/Versions/A/Frameworks/Ink.framework/Versions/A/Ink
0x00000000067c5000 	/System/Library/Frameworks/ApplicationServices.framework/Versions/A/Frameworks/ATS.framework/Versions/A/ATS
0x00000000067c5000 	/System/Library/Frameworks/ApplicationServices.framework/Versions/A/Frameworks/ColorSync.framework/Versions/A/ColorSync
0x00000000067c5000 	/System/Library/Frameworks/ApplicationServices.framework/Versions/A/Frameworks/HIServices.framework/Versions/A/HIServices
0x00000000067c5000 	/System/Library/Frameworks/ApplicationServices.framework/Versions/A/Frameworks/LangAnalysis.framework/Versions/A/LangAnalysis
0x00000000067c5000 	/System/Library/Frameworks/ApplicationServices.framework/Versions/A/Frameworks/PrintCore.framework/Versions/A/PrintCore
0x00000000067c5000 	/System/Library/Frameworks/ApplicationServices.framework/Versions/A/Frameworks/QD.framework/Versions/A/QD
0x00000000067c5000 	/System/Library/Frameworks/ApplicationServices.framework/Versions/A/Frameworks/SpeechSynthesis.framework/Versions/A/SpeechSynthesis
0x00000000067c5000 	/System/Library/Frameworks/Accelerate.framework/Versions/A/Accelerate
0x00000000067c5000 	/System/Library/Frameworks/Accelerate.framework/Versions/A/Frameworks/vImage.framework/Versions/A/vImage
0x00000000067c5000 	/System/Library/Frameworks/Accelerate.framework/Versions/A/Frameworks/vecLib.framework/Versions/A/vecLib
0x00000000067c5000 	/System/Library/Frameworks/Accelerate.framework/Versions/A/Frameworks/vecLib.framework/Versions/A/libvDSP.dylib
0x00000000067c5000 	/System/Library/Frameworks/Accelerate.framework/Versions/A/Frameworks/vecLib.framework/Versions/A/libvMisc.dylib
0x00000000067c5000 	/System/Library/Frameworks/Accelerate.framework/Versions/A/Frameworks/vecLib.framework/Versions/A/libLAPACK.dylib
0x00000000067c5000 	/System/Library/Frameworks/Accelerate.framework/Versions/A/Frameworks/vecLib.framework/Versions/A/libBLAS.dylib
0x00000000067c5000 	/System/Library/Frameworks/Accelerate.framework/Versions/A/Frameworks/vecLib.framework/Versions/A/libLinearAlgebra.dylib
0x00000000067c5000 	/System/Library/Frameworks/ApplicationServices.framework/Versions/A/Frameworks/ATS.framework/Versions/A/Resources/libFontParser.dylib
0x00000000067c5000 	/System/Library/Frameworks/ApplicationServices.framework/Versions/A/Frameworks/ATS.framework/Versions/A/Resources/libFontRegistry.dylib
0x00000000067c5000 	/System/Library/PrivateFrameworks/AppleVPA.framework/Versions/A/AppleVPA
0x00000000067c5000 	/System/Library/PrivateFrameworks/AppleJPEG.framework/Versions/A/AppleJPEG
0x00000000067c5000 	/System/Library/Frameworks/ImageIO.framework/Versions/A/Resources/libJPEG.dylib
0x00000000067c5000 	/System/Library/Frameworks/ImageIO.framework/Versions/A/Resources/libTIFF.dylib
0x00000000067c5000 	/System/Library/Frameworks/ImageIO.framework/Versions/A/Resources/libPng.dylib
0x00000000067c5000 	/System/Library/Frameworks/ImageIO.framework/Versions/A/Resources/libGIF.dylib
0x00000000067c5000 	/System/Library/Frameworks/ImageIO.framework/Versions/A/Resources/libJP2.dylib
0x00000000067c5000 	/System/Library/Frameworks/ImageIO.framework/Versions/A/Resources/libRadiance.dylib
0x00000000067c5000 	/System/Library/Frameworks/CoreVideo.framework/Versions/A/CoreVideo
0x00000000067c5000 	/System/Library/Frameworks/OpenGL.framework/Versions/A/Libraries/libGLU.dylib
0x00000000067c5000 	/System/Library/Frameworks/OpenGL.framework/Versions/A/Libraries/libGFXShared.dylib
0x00000000067c5000 	/System/Library/Frameworks/OpenGL.framework/Versions/A/Libraries/libGL.dylib
0x00000000067c5000 	/System/Library/Frameworks/OpenGL.framework/Versions/A/Libraries/libGLImage.dylib
0x00000000067c5000 	/System/Library/Frameworks/OpenGL.framework/Versions/A/Libraries/libCVMSPluginSupport.dylib
0x00000000067c5000 	/System/Library/Frameworks/OpenGL.framework/Versions/A/Libraries/libCoreVMClient.dylib
0x00000000067c5000 	/usr/lib/libcups.2.dylib
0x00000000067c5000 	/System/Library/Frameworks/Kerberos.framework/Versions/A/Kerberos
0x00000000067c5000 	/System/Library/Frameworks/GSS.framework/Versions/A/GSS
0x00000000067c5000 	/usr/lib/libresolv.9.dylib
0x00000000067c5000 	/System/Library/PrivateFrameworks/Heimdal.framework/Versions/A/Heimdal
0x00000000067c5000 	/usr/lib/libheimdal-asn1.dylib
0x00000000067c5000 	/System/Library/Frameworks/OpenDirectory.framework/Versions/A/OpenDirectory
0x00000000067c5000 	/System/Library/PrivateFrameworks/CommonAuth.framework/Versions/A/CommonAuth
0x00000000067c5000 	/System/Library/Frameworks/SecurityFoundation.framework/Versions/A/SecurityFoundation
0x00000000067c5000 	/System/Library/Frameworks/QuartzCore.framework/Versions/A/Frameworks/CoreImage.framework/Versions/A/CoreImage
0x00000000067c5000 	/System/Library/PrivateFrameworks/CrashReporterSupport.framework/Versions/A/CrashReporterSupport
0x00000000067c5000 	/System/Library/Frameworks/OpenCL.framework/Versions/A/OpenCL
0x00000000067c5000 	/System/Library/PrivateFrameworks/FaceCore.framework/Versions/A/FaceCore
0x00000000067c5000 	/System/Library/PrivateFrameworks/Ubiquity.framework/Versions/A/Ubiquity
0x00000000067c5000 	/System/Library/PrivateFrameworks/IconServices.framework/Versions/A/IconServices
0x00000000067c5000 	/System/Library/PrivateFrameworks/ChunkingLibrary.framework/Versions/A/ChunkingLibrary
0x00000000067c5000 	/System/Library/PrivateFrameworks/Apple80211.framework/Versions/A/Apple80211
0x00000000067c5000 	/System/Library/Frameworks/CoreWLAN.framework/Versions/A/CoreWLAN
0x00000000067c5000 	/System/Library/Frameworks/IOBluetooth.framework/Versions/A/IOBluetooth
0x00000000067c5000 	/System/Library/PrivateFrameworks/CoreWiFi.framework/Versions/A/CoreWiFi
0x00000000067c5000 	/System/Library/Frameworks/CoreBluetooth.framework/Versions/A/CoreBluetooth
0x00000000067c5000 	/System/Library/PrivateFrameworks/DebugSymbols.framework/Versions/A/DebugSymbols
0x00000000067c5000 	/System/Library/PrivateFrameworks/CoreSymbolication.framework/Versions/A/CoreSymbolication
0x00000000067c5000 	/System/Library/PrivateFrameworks/Symbolication.framework/Versions/A/Symbolication
0x00000000067c5000 	/System/Library/PrivateFrameworks/SpeechRecognitionCore.framework/Versions/A/SpeechRecognitionCore
0x0000000103200000 	/Library/Java/JavaVirtualMachines/jdk1.7.0_07.jdk/Contents/Home/jre/lib/server/libjvm.dylib
0x00000000067c5000 	/usr/lib/libstdc++.6.dylib
0x0000000102974000 	/Library/Java/JavaVirtualMachines/jdk1.7.0_07.jdk/Contents/Home/jre/lib/libverify.dylib
0x0000000102981000 	/Library/Java/JavaVirtualMachines/jdk1.7.0_07.jdk/Contents/Home/jre/lib/libjava.dylib
0x00000001029bb000 	/Library/Java/JavaVirtualMachines/jdk1.7.0_07.jdk/Contents/Home/jre/lib/libzip.dylib
0x000000010741d000 	/System/Library/Frameworks/JavaVM.framework/Frameworks/JavaRuntimeSupport.framework/JavaRuntimeSupport
0x0000000107435000 	/System/Library/Frameworks/JavaVM.framework/Versions/A/Frameworks/JavaNativeFoundation.framework/Versions/A/JavaNativeFoundation
0x00000001029ef000 	/System/Library/Frameworks/JavaVM.framework/Versions/A/JavaVM
0x00000000067c5000 	/System/Library/Frameworks/Carbon.framework/Versions/A/Carbon
0x000000010744a000 	/System/Library/PrivateFrameworks/JavaLaunching.framework/Versions/A/JavaLaunching
0x00000000067c5000 	/System/Library/Frameworks/Carbon.framework/Versions/A/Frameworks/CommonPanels.framework/Versions/A/CommonPanels
0x00000000067c5000 	/System/Library/Frameworks/Carbon.framework/Versions/A/Frameworks/Help.framework/Versions/A/Help
0x00000000067c5000 	/System/Library/Frameworks/Carbon.framework/Versions/A/Frameworks/ImageCapture.framework/Versions/A/ImageCapture
0x00000000067c5000 	/System/Library/Frameworks/Carbon.framework/Versions/A/Frameworks/OpenScripting.framework/Versions/A/OpenScripting
0x00000000067c5000 	/System/Library/Frameworks/Carbon.framework/Versions/A/Frameworks/Print.framework/Versions/A/Print
0x00000000067c5000 	/System/Library/Frameworks/Carbon.framework/Versions/A/Frameworks/SecurityHI.framework/Versions/A/SecurityHI
0x00000001091b8000 	/Library/Java/JavaVirtualMachines/jdk1.7.0_07.jdk/Contents/Home/jre/lib/libawt.dylib
0x0000000109267000 	/Library/Java/JavaVirtualMachines/jdk1.7.0_07.jdk/Contents/Home/jre/lib/./libmlib_image.dylib
0x0000000109333000 	/Library/Java/JavaVirtualMachines/jdk1.7.0_07.jdk/Contents/Home/jre/lib/lwawt/liblwawt.dylib
0x00000001093e5000 	/Library/Java/JavaVirtualMachines/jdk1.7.0_07.jdk/Contents/Home/jre/lib/libosxapp.dylib
0x00000000067c5000 	/System/Library/Frameworks/ExceptionHandling.framework/Versions/A/ExceptionHandling
0x00000000067c5000 	/System/Library/PrivateFrameworks/CoreServicesInternal.framework/Versions/A/CoreServicesInternal
0x00000000067c5000 	/System/Library/PrivateFrameworks/CloudDocs.framework/Versions/A/CloudDocs
0x00000000067c5000 	/System/Library/PrivateFrameworks/CoreDuet.framework/Versions/A/CoreDuet
0x00000000067c5000 	/System/Library/Frameworks/CloudKit.framework/Versions/A/CloudKit
0x00000000067c5000 	/System/Library/PrivateFrameworks/ProtocolBuffer.framework/Versions/A/ProtocolBuffer
0x00000000067c5000 	/System/Library/PrivateFrameworks/CoreDuetDaemonProtocol.framework/Versions/A/CoreDuetDaemonProtocol
0x00000000067c5000 	/System/Library/PrivateFrameworks/CoreDuetDebugLogging.framework/Versions/A/CoreDuetDebugLogging
0x00000000067c5000 	/System/Library/Frameworks/CoreLocation.framework/Versions/A/CoreLocation
0x00000000067c5000 	/System/Library/Frameworks/Accounts.framework/Versions/A/Accounts
0x00000000067c5000 	/System/Library/PrivateFrameworks/ApplePushService.framework/Versions/A/ApplePushService
0x00000000067c5000 	/System/Library/PrivateFrameworks/GeoServices.framework/Versions/A/GeoServices
0x00000000067c5000 	/System/Library/PrivateFrameworks/OAuth.framework/Versions/A/OAuth
0x00000000067c5000 	/System/Library/PrivateFrameworks/CoreDaemon.framework/Versions/B/CoreDaemon
0x00000000067c5000 	/usr/lib/libcrypto.0.9.8.dylib
0x00000000067c5000 	/System/Library/PrivateFrameworks/AppleSRP.framework/Versions/A/AppleSRP
0x00000000067c5000 	/System/Library/PrivateFrameworks/TrustEvaluationAgent.framework/Versions/A/TrustEvaluationAgent
0x00000000067c5000 	/System/Library/Frameworks/CoreGraphics.framework/Versions/A/Resources/libCGCMS.A.dylib
0x00000000067c5000 	/System/Library/Frameworks/CoreGraphics.framework/Versions/A/Resources/libRIP.A.dylib
0x00000000067c5000 	/System/Library/Frameworks/CoreGraphics.framework/Versions/A/Resources/libCGXType.A.dylib
0x00000000067c5000 	/System/Library/Frameworks/OpenCL.framework/Versions/A/Libraries/libcldcpuengine.dylib
0x00000000067c5000 	/System/Library/PrivateFrameworks/DiskImages.framework/Versions/A/DiskImages
0x00000000067c5000 	/System/Library/Frameworks/DiscRecording.framework/Versions/A/DiscRecording
0x00000000067c5000 	/usr/lib/libcsfde.dylib
0x00000000067c5000 	/usr/lib/libcurl.4.dylib
0x00000000067c5000 	/System/Library/PrivateFrameworks/MediaKit.framework/Versions/A/MediaKit
0x00000000067c5000 	/System/Library/PrivateFrameworks/ProtectedCloudStorage.framework/Versions/A/ProtectedCloudStorage
0x00000000067c5000 	/usr/lib/libCoreStorage.dylib
0x00000000067c5000 	/System/Library/PrivateFrameworks/EFILogin.framework/Versions/A/EFILogin
0x00000000067c5000 	/usr/lib/libutil.dylib
0x00000000067c5000 	/System/Library/PrivateFrameworks/FindMyDevice.framework/Versions/A/FindMyDevice
0x00000000067c5000 	/System/Library/Frameworks/LDAP.framework/Versions/A/LDAP
0x00000000067c5000 	/usr/lib/libsasl2.2.dylib
0x000000010beb3000 	cl_kernels
0x000000010beb5000 	/System/Library/Frameworks/OpenCL.framework/Versions/A/Libraries/ImageFormats/unorm8_bgra.dylib
0x000000010bea4000 	cl_kernels
0x00000000067c5000 	/System/Library/PrivateFrameworks/FamilyControls.framework/Versions/A/FamilyControls
0x00000000067c5000 	/System/Library/PrivateFrameworks/CommerceKit.framework/Versions/A/Frameworks/CommerceCore.framework/Versions/A/CommerceCore
0x00000000067c5000 	/System/Library/PrivateFrameworks/SystemAdministration.framework/Versions/A/SystemAdministration
0x00000000067c5000 	/System/Library/PrivateFrameworks/AppContainer.framework/Versions/A/AppContainer
0x00000000067c5000 	/System/Library/PrivateFrameworks/SecCodeWrapper.framework/Versions/A/SecCodeWrapper
0x00000000067c5000 	/System/Library/Frameworks/DirectoryService.framework/Versions/A/DirectoryService
0x00000000067c5000 	/System/Library/PrivateFrameworks/LoginUIKit.framework/Versions/A/Frameworks/LoginUICore.framework/Versions/A/LoginUICore
0x00000000067c5000 	/usr/lib/libodfde.dylib
0x000000010d14e000 	/Library/Java/JavaVirtualMachines/jdk1.7.0_07.jdk/Contents/Home/jre/lib/libfontmanager.dylib
0x000000010d19a000 	/Users/eashaan/eclipse-and-more/repositories/Games/InfaGen/native/macosx/liblwjgl.jnilib
0x000000010b3cc000 	/Library/Java/JavaVirtualMachines/jdk1.7.0_07.jdk/Contents/Home/jre/lib/libjawt.dylib
0x00000000067c5000 	/System/Library/Frameworks/OpenGL.framework/Versions/A/Resources/GLEngine.bundle/GLEngine
0x00000000067c5000 	/System/Library/Frameworks/OpenGL.framework/Versions/A/Libraries/libGLProgrammability.dylib
0x0000000000000000 	/System/Library/Extensions/AMDRadeonX3000GLDriver.bundle/Contents/MacOS/AMDRadeonX3000GLDriver
0x00000000067c5000 	/System/Library/PrivateFrameworks/IOAccelerator.framework/Versions/A/IOAccelerator
0x00000000067c5000 	/System/Library/PrivateFrameworks/GPUSupport.framework/Versions/A/Libraries/libGPUSupportMercury.dylib
0x00000000067c5000 	/System/Library/Frameworks/OpenGL.framework/Versions/A/Resources/GLRendererFloat.bundle/GLRendererFloat
0x000000010d997000 	/Users/eashaan/eclipse-and-more/repositories/Games/InfaGen/native/macosx/openal.dylib
0x000000010da1a000 	/System/Library/Components/CoreAudio.component/Contents/MacOS/CoreAudio
0x000000010bea8000 	/System/Library/Extensions/AppleHDA.kext/Contents/PlugIns/AppleHDAHALPlugIn.bundle/Contents/MacOS/AppleHDAHALPlugIn

VM Arguments:
jvm_args: -Djava.library.path=/Users/eashaan/eclipse-and-more/repositories/Games/InfaGen/native/windows:/Users/eashaan/eclipse-and-more/repositories/Games/InfaGen/native/macosx -Dfile.encoding=US-ASCII 
java_command: com.infgen.main.Core
Launcher Type: SUN_STANDARD

Environment Variables:
PATH=/usr/bin:/bin:/usr/sbin:/sbin
SHELL=/bin/bash

Signal Handlers:
SIGSEGV: [libjvm.dylib+0x4a3a1d], sa_mask[0]=0xfffefeff, sa_flags=0x00000042
SIGBUS: [libjvm.dylib+0x4a3a1d], sa_mask[0]=0xfffefeff, sa_flags=0x00000042
SIGFPE: [libjvm.dylib+0x3b3431], sa_mask[0]=0xfffefeff, sa_flags=0x00000042
SIGPIPE: [libjvm.dylib+0x3b3431], sa_mask[0]=0xfffefeff, sa_flags=0x00000042
SIGXFSZ: [libjvm.dylib+0x3b3431], sa_mask[0]=0xfffefeff, sa_flags=0x00000042
SIGILL: [libjvm.dylib+0x3b3431], sa_mask[0]=0xfffefeff, sa_flags=0x00000042
SIGUSR1: SIG_DFL, sa_mask[0]=0x00000000, sa_flags=0x00000000
SIGUSR2: [libjvm.dylib+0x3b2fca], sa_mask[0]=0x00000004, sa_flags=0x00000042
SIGHUP: [libjvm.dylib+0x3b122b], sa_mask[0]=0xfffefeff, sa_flags=0x00000042
SIGINT: [libjvm.dylib+0x3b122b], sa_mask[0]=0xfffefeff, sa_flags=0x00000042
SIGTERM: [libjvm.dylib+0x3b122b], sa_mask[0]=0xfffefeff, sa_flags=0x00000042
SIGQUIT: [libjvm.dylib+0x3b122b], sa_mask[0]=0xfffefeff, sa_flags=0x00000042


---------------  S Y S T E M  ---------------

OS:Bsduname:Darwin 14.0.0 Darwin Kernel Version 14.0.0: Fri Sep 19 00:26:44 PDT 2014; root:xnu-2782.1.97~2/RELEASE_X86_64 x86_64
rlimit: STACK 8192k, CORE 0k, NPROC 709, NOFILE 10240, AS infinity
load average:1.41 1.33 1.35

CPU:total 4 (4 cores per cpu, 1 threads per core) family 6 model 42 stepping 7, cmov, cx8, fxsr, mmx, sse, sse2, sse3, ssse3, sse4.1, sse4.2, popcnt, avx, tsc, tscinvbit

Memory: 4k page, physical 1268800k(317200k free)

/proc/meminfo:


vm_info: Java HotSpot(TM) 64-Bit Server VM (23.3-b01) for bsd-amd64 JRE (1.7.0_07-b10), built on Aug 28 2012 18:14:29 by "java_re" with gcc 4.2.1 (Based on Apple Inc. build 5658) (LLVM build 2336.9.00)

time: Mon Feb 23 19:24:04 2015
elapsed time: 2 seconds

