#
# A fatal error has been detected by the Java Runtime Environment:
#
#  SIGSEGV (0xb) at pc=0x00007fff8e1e48f2, pid=10540, tid=1299
#
# JRE version: 7.0_07-b10
# Java VM: Java HotSpot(TM) 64-Bit Server VM (23.3-b01 mixed mode bsd-amd64 compressed oops)
# Problematic frame:
# C  [libGPUSupportMercury.dylib+0xb8f2]  gldAttachDrawable+0x60
#
# Failed to write core dump. Core dumps have been disabled. To enable core dumping, try "ulimit -c unlimited" before starting Java again
#
# If you would like to submit a bug report, please visit:
#   http://bugreport.sun.com/bugreport/crash.jsp
# The crash happened outside the Java Virtual Machine in native code.
# See problematic frame for where to report the bug.
#

---------------  T H R E A D  ---------------

Current thread (0x00007ff6a30bb000):  JavaThread "AppKit Thread" daemon [_thread_in_native, id=1299, stack(0x00007fff580ee000,0x00007fff5816e000)]

siginfo:si_signo=SIGSEGV: si_errno=0, si_code=0 (SEGV0), si_addr=0x0000000000000000

Registers:
RAX=0x6000000000000000, RBX=0x000000000000271e, RCX=0x0000000000000000, RDX=0x00007ff6a1e03d48
RSP=0x00007fff581663d0, RBP=0x00007fff581664d0, RSI=0x0000000000000050, RDI=0x00007fff7e024070
R8 =0x00007ff6a5009e60, R9 =0x00007ff6a4800000, R10=0x000000000000003c, R11=0x0000000000000206
R12=0x0000000000002718, R13=0x00007ff6a3108400, R14=0x0000000000000050, R15=0x0000000000000000
RIP=0x00007fff8e1e48f2, EFLAGS=0x0000000000010212, ERR=0x0000000000000000
  TRAPNO=0x000000000000000d

Top of Stack: (sp=0x00007fff581663d0)
0x00007fff581663d0:   00007fff58166444 00007ff6a1e152d0
0x00007fff581663e0:   ffffffffffffffff 0000206000000040
0x00007fff581663f0:   00007ff6a1e152e8 00007fff91dc369f
0x00007fff58166400:   0000000000000000 6000000000000000
0x00007fff58166410:   0000000300000003 00007fff58166558
0x00007fff58166420:   00007fff581664e4 000000000001eee7
0x00007fff58166430:   00007fff581664dc 00007fff581664e0
0x00007fff58166440:   00007fff581664c0 00007fff9aa7c168
0x00007fff58166450:   0000000000000000 000000000000037f
0x00007fff58166460:   0000003400001200 0000020b00000000
0x00007fff58166470:   00007fff581664a0 00007fff9aa2c03c
0x00007fff58166480:   00007fff581664d0 000000000000037f
0x00007fff58166490:   00000000042801c0 00000000393efc8b
0x00007fff581664a0:   b400c8b4d0e89957 00007ff6a5000000
0x00007fff581664b0:   0000000000002718 0000000000000000
0x00007fff581664c0:   0000000000000050 0000000000000000
0x00007fff581664d0:   00007fff58166520 00007fff991e07e4
0x00007fff581664e0:   00007ff6a5009e60 0000000000000000
0x00007fff581664f0:   00007ff6a1e03d48 00007ff6a1d75160
0x00007fff58166500:   0000000000000000 00007ff6a390bb50
0x00007fff58166510:   00007ff6a3909c00 00007fff7e024070
0x00007fff58166520:   00007fff58166610 00007fff8d3237ac
0x00007fff58166530:   4096800000000000 4080900000000000
0x00007fff58166540:   4068c00000000000 4097700000000000
0x00007fff58166550:   408ff00000000000 0000000000000000
0x00007fff58166560:   4036000000000000 4097700000000000
0x00007fff58166570:   408f400000000000 0000000000000000
0x00007fff58166580:   0000000000000000 0000000000000001
0x00007fff58166590:   00007ff6a1e03d48 0000000000000001
0x00007fff581665a0:   00007fff58166610 00007fff8d32864c
0x00007fff581665b0:   0000000100000003 00007ff6a390bb50
0x00007fff581665c0:   00007ff6a390ba88 000000029b7fffff 

Instructions: (pc=0x00007fff8e1e48f2)
0x00007fff8e1e48d2:   48 85 d2 b8 01 00 00 00 bb 15 27 00 00 0f 44 d8
0x00007fff8e1e48e2:   e9 7f 01 00 00 49 8b 45 08 48 89 85 38 ff ff ff
0x00007fff8e1e48f2:   48 8b 00 48 89 85 30 ff ff ff 83 fe 4f 0f 8f fd
0x00007fff8e1e4902:   00 00 00 48 89 d0 bb 15 27 00 00 83 fe 35 0f 84 

Register to memory mapping:

RAX=0x6000000000000000 is an unknown value
RBX=0x000000000000271e is an unknown value
RCX=0x0000000000000000 is an unknown value
RDX=0x00007ff6a1e03d48 is an unknown value
RSP=0x00007fff581663d0 is pointing into the stack for thread: 0x00007ff6a30bb000
RBP=0x00007fff581664d0 is pointing into the stack for thread: 0x00007ff6a30bb000
RSI=0x0000000000000050 is an unknown value
RDI=0x00007fff7e024070: __stack_chk_guard+0 in /usr/lib/system/libsystem_c.dylib at 0x00007fff988c9000
R8 =0x00007ff6a5009e60 is an unknown value
R9 =0x00007ff6a4800000 is an unknown value
R10=0x000000000000003c is an unknown value
R11=0x0000000000000206 is an unknown value
R12=0x0000000000002718 is an unknown value
R13=0x00007ff6a3108400 is an unknown value
R14=0x0000000000000050 is an unknown value
R15=0x0000000000000000 is an unknown value


Stack: [0x00007fff580ee000,0x00007fff5816e000],  sp=0x00007fff581663d0,  free space=480k
Native frames: (J=compiled Java code, j=interpreted, Vv=VM code, C=native code)
C  [libGPUSupportMercury.dylib+0xb8f2]  gldAttachDrawable+0x60
C  [GLEngine+0x167e4]  gliAttachDrawableWithOptions+0x101
C  [OpenGL+0x37ac]  glcGetIOAccelService+0xe03
C  [OpenGL+0x73f3]  CGLSetPBuffer+0xb90
C  [OpenGL+0x7716]  CGLSetSurface+0x124
C  [AppKit+0x57bf47]  NSOpenGLContextAttachOnScreenViewSurface+0x109
C  [AppKit+0x2c66ab]  -[NSOpenGLContext setView:]+0x83
C  [liblwjgl.jnilib+0x9f3e]  -[MacOSXOpenGLView lockFocus]+0x6e
C  [AppKit+0x14e775]  -[NSView _recursiveDisplayRectIfNeededIgnoringOpacity:isVisibleRect:rectIsVisibleRectForView:topView:]+0x740
C  [AppKit+0x14f7d0]  -[NSView _recursiveDisplayRectIfNeededIgnoringOpacity:isVisibleRect:rectIsVisibleRectForView:topView:]+0x179b
C  [AppKit+0x14db23]  -[NSThemeFrame _recursiveDisplayRectIfNeededIgnoringOpacity:isVisibleRect:rectIsVisibleRectForView:topView:]+0x14d
C  [AppKit+0x14a67b]  -[NSView _displayRectIgnoringOpacity:isVisibleRect:rectIsVisibleRectForView:]+0xac9
C  [AppKit+0x12907a]  -[NSView displayIfNeeded]+0x754
C  [AppKit+0x146575]  -[NSWindow displayIfNeeded]+0xe8
C  [AppKit+0x183772]  _handleWindowNeedsDisplayOrLayoutOrUpdateConstraints+0x3a8
C  [Foundation+0x67023]  __NSFireTimer+0x5f
C  [CoreFoundation+0xb5b44]  __CFRUNLOOP_IS_CALLING_OUT_TO_A_TIMER_CALLBACK_FUNCTION__+0x14
C  [CoreFoundation+0xb57d3]  __CFRunLoopDoTimer+0x423
C  [CoreFoundation+0x128d9d]  __CFRunLoopDoTimers+0x12d
C  [CoreFoundation+0x72268]  __CFRunLoopRun+0x7e8
C  [CoreFoundation+0x71838]  CFRunLoopRunSpecific+0x128
C  [HIToolbox+0x2e43f]  RunCurrentEventLoopInMode+0xeb
C  [HIToolbox+0x2e1ba]  ReceiveNextEventCommon+0x1af
C  [HIToolbox+0x2dffb]  _BlockUntilNextEventMatchingListInModeWithFilter+0x47
C  [AppKit+0x246d1]  _DPSNextEvent+0x3c4
C  [AppKit+0x23e80]  -[NSApplication nextEventMatchingMask:untilDate:inMode:dequeue:]+0xc2
C  [libosxapp.dylib+0x1b56]  -[NSApplicationAWT nextEventMatchingMask:untilDate:inMode:dequeue:]+0x7c
C  [AppKit+0x17e23]  -[NSApplication run]+0x252
C  [libosxapp.dylib+0x19b9]  +[NSApplicationAWT runAWTLoopWithApp:]+0x9c
C  [liblwawt.dylib+0xda5a]  -[AWTStarter starter:]+0x637
C  [Foundation+0x65f4c]  __NSThreadPerformPerform+0x125
C  [CoreFoundation+0x80661]  __CFRUNLOOP_IS_CALLING_OUT_TO_A_SOURCE0_PERFORM_FUNCTION__+0x11
C  [CoreFoundation+0x727ed]  __CFRunLoopDoSources0+0x10d
C  [CoreFoundation+0x71e1f]  __CFRunLoopRun+0x39f
C  [CoreFoundation+0x71838]  CFRunLoopRunSpecific+0x128
C  [java+0x74bc]  CreateExecutionEnvironment+0x367
C  [java+0x1cac]  JLI_Launch+0x7a0
C  [java+0x7819]  main+0x65
C  [java+0x1504]  start+0x34


---------------  P R O C E S S  ---------------

Java Threads: ( => current thread )
  0x00007ff6a3116000 JavaThread "Java2D Disposer" daemon [_thread_blocked, id=44551, stack(0x00000001130f6000,0x00000001131f6000)]
  0x00007ff6a30bb800 JavaThread "AWT-Shutdown" [_thread_blocked, id=15367, stack(0x000000010e7cd000,0x000000010e8cd000)]
=>0x00007ff6a30bb000 JavaThread "AppKit Thread" daemon [_thread_in_native, id=1299, stack(0x00007fff580ee000,0x00007fff5816e000)]
  0x00007ff6a3041800 JavaThread "Service Thread" daemon [_thread_blocked, id=13827, stack(0x000000010e28d000,0x000000010e38d000)]
  0x00007ff6a3041000 JavaThread "C2 CompilerThread1" daemon [_thread_blocked, id=13571, stack(0x000000010e18a000,0x000000010e28a000)]
  0x00007ff6a3040000 JavaThread "C2 CompilerThread0" daemon [_thread_blocked, id=13319, stack(0x000000010e087000,0x000000010e187000)]
  0x00007ff6a303f800 JavaThread "Signal Dispatcher" daemon [_thread_blocked, id=10263, stack(0x000000010df84000,0x000000010e084000)]
  0x00007ff6a2814000 JavaThread "Finalizer" daemon [_thread_blocked, id=8707, stack(0x000000010c649000,0x000000010c749000)]
  0x00007ff6a2813000 JavaThread "Reference Handler" daemon [_thread_blocked, id=8451, stack(0x000000010c546000,0x000000010c646000)]
  0x00007ff6a2006000 JavaThread "main" [_thread_in_native, id=4355, stack(0x000000010864c000,0x000000010874c000)]

Other Threads:
  0x00007ff6a303d800 VMThread [stack: 0x000000010c443000,0x000000010c543000] [id=8195]
  0x00007ff6a3043800 WatcherThread [stack: 0x000000010e390000,0x000000010e490000] [id=14083]

VM state:not at safepoint (normal execution)

VM Mutex/Monitor currently owned by a thread: None

Heap
 def new generation   total 5824K, used 5198K [0x00000007e7c00000, 0x00000007e8250000, 0x00000007ee200000)
  eden space 5184K,  95% used [0x00000007e7c00000, 0x00000007e80d8888, 0x00000007e8110000)
  from space 640K,  36% used [0x00000007e8110000, 0x00000007e814afd8, 0x00000007e81b0000)
  to   space 640K,   0% used [0x00000007e81b0000, 0x00000007e81b0000, 0x00000007e8250000)
 tenured generation   total 13056K, used 1993K [0x00000007ee200000, 0x00000007eeec0000, 0x00000007fae00000)
   the space 13056K,  15% used [0x00000007ee200000, 0x00000007ee3f2678, 0x00000007ee3f2800, 0x00000007eeec0000)
 compacting perm gen  total 21248K, used 6214K [0x00000007fae00000, 0x00000007fc2c0000, 0x0000000800000000)
   the space 21248K,  29% used [0x00000007fae00000, 0x00000007fb411840, 0x00000007fb411a00, 0x00000007fc2c0000)
No shared spaces configured.

Card table byte_map: [0x000000010c0c0000,0x000000010c183000] byte_map_base: 0x0000000108182000

Polling page: 0x000000010878b000

Code Cache  [0x0000000109000000, 0x0000000109270000, 0x000000010c000000)
 total_blobs=411 nmethods=77 adapters=286 free_code_cache=48527Kb largest_free_block=49666688

Compilation events (10 events):
Event: 2.914 Thread 0x00007ff6a3040000 nmethod 67 0x000000010909da50 code [0x000000010909dba0, 0x000000010909dc88]
Event: 2.915 Thread 0x00007ff6a3041000 nmethod 65 0x0000000109085b10 code [0x0000000109085c60, 0x0000000109085d88]
Event: 3.163 Thread 0x00007ff6a3040000   69             java.util.ArrayList$Itr::hasNext (20 bytes)
Event: 3.163 Thread 0x00007ff6a3040000 nmethod 69 0x0000000109085890 code [0x00000001090859c0, 0x0000000109085a58]
Event: 3.296 Thread 0x00007ff6a3041000   70             com.ek.core.Vector3f::GetX (5 bytes)
Event: 3.296 Thread 0x00007ff6a3040000   71             com.ek.core.Vector3f::GetY (5 bytes)
Event: 3.296 Thread 0x00007ff6a3041000 nmethod 70 0x000000010909e010 code [0x000000010909e140, 0x000000010909e198]
Event: 3.296 Thread 0x00007ff6a3040000 nmethod 71 0x000000010909de10 code [0x000000010909df40, 0x000000010909df98]
Event: 3.296 Thread 0x00007ff6a3041000   72             com.ek.core.Vector3f::GetZ (5 bytes)
Event: 3.296 Thread 0x00007ff6a3041000 nmethod 72 0x0000000109085690 code [0x00000001090857c0, 0x0000000109085818]

GC Heap History (4 events):
Event: 0.377 GC heap before
{Heap before GC invocations=0 (full 0):
 def new generation   total 5824K, used 5184K [0x00000007e7c00000, 0x00000007e8250000, 0x00000007ee200000)
  eden space 5184K, 100% used [0x00000007e7c00000, 0x00000007e8110000, 0x00000007e8110000)
  from space 640K,   0% used [0x00000007e8110000, 0x00000007e8110000, 0x00000007e81b0000)
  to   space 640K,   0% used [0x00000007e81b0000, 0x00000007e81b0000, 0x00000007e8250000)
 tenured generation   total 13056K, used 0K [0x00000007ee200000, 0x00000007eeec0000, 0x00000007fae00000)
   the space 13056K,   0% used [0x00000007ee200000, 0x00000007ee200000, 0x00000007ee200200, 0x00000007eeec0000)
 compacting perm gen  total 21248K, used 4925K [0x00000007fae00000, 0x00000007fc2c0000, 0x0000000800000000)
   the space 21248K,  23% used [0x00000007fae00000, 0x00000007fb2cf5b8, 0x00000007fb2cf600, 0x00000007fc2c0000)
No shared spaces configured.
Event: 0.382 GC heap after
Heap after GC invocations=1 (full 0):
 def new generation   total 5824K, used 639K [0x00000007e7c00000, 0x00000007e8250000, 0x00000007ee200000)
  eden space 5184K,   0% used [0x00000007e7c00000, 0x00000007e7c00000, 0x00000007e8110000)
  from space 640K,  99% used [0x00000007e81b0000, 0x00000007e824fff8, 0x00000007e8250000)
  to   space 640K,   0% used [0x00000007e8110000, 0x00000007e8110000, 0x00000007e81b0000)
 tenured generation   total 13056K, used 604K [0x00000007ee200000, 0x00000007eeec0000, 0x00000007fae00000)
   the space 13056K,   4% used [0x00000007ee200000, 0x00000007ee2971d0, 0x00000007ee297200, 0x00000007eeec0000)
 compacting perm gen  total 21248K, used 4925K [0x00000007fae00000, 0x00000007fc2c0000, 0x0000000800000000)
   the space 21248K,  23% used [0x00000007fae00000, 0x00000007fb2cf5b8, 0x00000007fb2cf600, 0x00000007fc2c0000)
No shared spaces configured.
}
Event: 0.551 GC heap before
{Heap before GC invocations=1 (full 0):
 def new generation   total 5824K, used 5822K [0x00000007e7c00000, 0x00000007e8250000, 0x00000007ee200000)
  eden space 5184K,  99% used [0x00000007e7c00000, 0x00000007e810fb50, 0x00000007e8110000)
  from space 640K,  99% used [0x00000007e81b0000, 0x00000007e824fff8, 0x00000007e8250000)
  to   space 640K,   0% used [0x00000007e8110000, 0x00000007e8110000, 0x00000007e81b0000)
 tenured generation   total 13056K, used 604K [0x00000007ee200000, 0x00000007eeec0000, 0x00000007fae00000)
   the space 13056K,   4% used [0x00000007ee200000, 0x00000007ee2971d0, 0x00000007ee297200, 0x00000007eeec0000)
 compacting perm gen  total 21248K, used 6004K [0x00000007fae00000, 0x00000007fc2c0000, 0x0000000800000000)
   the space 21248K,  28% used [0x00000007fae00000, 0x00000007fb3dd278, 0x00000007fb3dd400, 0x00000007fc2c0000)
No shared spaces configured.
Event: 0.555 GC heap after
Heap after GC invocations=2 (full 0):
 def new generation   total 5824K, used 235K [0x00000007e7c00000, 0x00000007e8250000, 0x00000007ee200000)
  eden space 5184K,   0% used [0x00000007e7c00000, 0x00000007e7c00000, 0x00000007e8110000)
  from space 640K,  36% used [0x00000007e8110000, 0x00000007e814afd8, 0x00000007e81b0000)
  to   space 640K,   0% used [0x00000007e81b0000, 0x00000007e81b0000, 0x00000007e8250000)
 tenured generation   total 13056K, used 1993K [0x00000007ee200000, 0x00000007eeec0000, 0x00000007fae00000)
   the space 13056K,  15% used [0x00000007ee200000, 0x00000007ee3f2678, 0x00000007ee3f2800, 0x00000007eeec0000)
 compacting perm gen  total 21248K, used 6004K [0x00000007fae00000, 0x00000007fc2c0000, 0x0000000800000000)
   the space 21248K,  28% used [0x00000007fae00000, 0x00000007fb3dd278, 0x00000007fb3dd400, 0x00000007fc2c0000)
No shared spaces configured.
}

Deoptimization events (1 events):
Event: 0.544 Thread 0x00007ff6a2006000 Uncommon trap 43 fr.pc 0x0000000109089ec0

Internal exceptions (10 events):
Event: 0.443 Thread 0x00007ff6a2006000 Threw 0x00000007e7d1cbf0 at /HUDSON/workspace/jdk7u7-2-build-macosx-amd64-product/jdk7u7/hotspot/src/share/vm/prims/jvm.cpp:1166
Event: 0.443 Thread 0x00007ff6a2006000 Threw 0x00000007e7d1cd18 at /HUDSON/workspace/jdk7u7-2-build-macosx-amd64-product/jdk7u7/hotspot/src/share/vm/prims/jvm.cpp:1166
Event: 0.532 Thread 0x00007ff6a2006000 Threw 0x00000007e7edd058 at /HUDSON/workspace/jdk7u7-2-build-macosx-amd64-product/jdk7u7/hotspot/src/share/vm/prims/jvm.cpp:1166
Event: 0.545 Thread 0x00007ff6a2006000 Threw 0x00000007e7ee3578 at /HUDSON/workspace/jdk7u7-2-build-macosx-amd64-product/jdk7u7/hotspot/src/share/vm/prims/jvm.cpp:1166
Event: 0.644 Thread 0x00007ff6a2006000 Threw 0x00000007e7f2f210 at /HUDSON/workspace/jdk7u7-2-build-macosx-amd64-product/jdk7u7/hotspot/src/share/vm/prims/jvm.cpp:1166
Event: 0.645 Thread 0x00007ff6a2006000 Threw 0x00000007e7f36aa0 at /HUDSON/workspace/jdk7u7-2-build-macosx-amd64-product/jdk7u7/hotspot/src/share/vm/prims/jvm.cpp:1166
Event: 0.663 Thread 0x00007ff6a2006000 Threw 0x00000007e7f3b718 at /HUDSON/workspace/jdk7u7-2-build-macosx-amd64-product/jdk7u7/hotspot/src/share/vm/prims/jvm.cpp:1166
Event: 0.664 Thread 0x00007ff6a2006000 Threw 0x00000007e7f44b70 at /HUDSON/workspace/jdk7u7-2-build-macosx-amd64-product/jdk7u7/hotspot/src/share/vm/prims/jvm.cpp:1166
Event: 1.046 Thread 0x00007ff6a2006000 Threw 0x00000007e7f7e3e8 at /HUDSON/workspace/jdk7u7-2-build-macosx-amd64-product/jdk7u7/hotspot/src/share/vm/prims/jvm.cpp:1166
Event: 3.716 Thread 0x00007ff6a2006000 Threw 0x00000007e80cabc8 at /HUDSON/workspace/jdk7u7-2-build-macosx-amd64-product/jdk7u7/hotspot/src/share/vm/prims/jvm.cpp:1166

Events (10 events):
Event: 0.645 loading class 0x00007ff6a1e0a850
Event: 0.645 loading class 0x00007ff6a1e0a850 done
Event: 0.662 loading class 0x00007ff6a1e0a8b0
Event: 0.662 loading class 0x00007ff6a1e0a8b0 done
Event: 0.664 loading class 0x00007ff6a1f77fe0
Event: 0.664 loading class 0x00007ff6a1f77fe0 done
Event: 1.046 loading class 0x00007ff6a1d8dea0
Event: 1.046 loading class 0x00007ff6a1d8dea0 done
Event: 3.716 loading class 0x00007ff6a1c88a40
Event: 3.716 loading class 0x00007ff6a1c88a40 done


Dynamic libraries:
0x000000000c2fd000 	/System/Library/Frameworks/Cocoa.framework/Versions/A/Cocoa
0x000000000c2fd000 	/System/Library/Frameworks/Security.framework/Versions/A/Security
0x000000000c2fd000 	/System/Library/Frameworks/ApplicationServices.framework/Versions/A/ApplicationServices
0x000000000c2fd000 	/usr/lib/libz.1.dylib
0x000000000c2fd000 	/usr/lib/libSystem.B.dylib
0x000000000c2fd000 	/usr/lib/libobjc.A.dylib
0x000000000c2fd000 	/System/Library/Frameworks/CoreFoundation.framework/Versions/A/CoreFoundation
0x000000000c2fd000 	/System/Library/Frameworks/AppKit.framework/Versions/C/AppKit
0x000000000c2fd000 	/System/Library/Frameworks/CoreData.framework/Versions/A/CoreData
0x000000000c2fd000 	/System/Library/Frameworks/Foundation.framework/Versions/C/Foundation
0x000000000c2fd000 	/System/Library/PrivateFrameworks/RemoteViewServices.framework/Versions/A/RemoteViewServices
0x000000000c2fd000 	/System/Library/PrivateFrameworks/UIFoundation.framework/Versions/A/UIFoundation
0x000000000c2fd000 	/System/Library/Frameworks/IOSurface.framework/Versions/A/IOSurface
0x000000000c2fd000 	/System/Library/Frameworks/AudioToolbox.framework/Versions/A/AudioToolbox
0x000000000c2fd000 	/System/Library/Frameworks/AudioUnit.framework/Versions/A/AudioUnit
0x000000000c2fd000 	/System/Library/PrivateFrameworks/DataDetectorsCore.framework/Versions/A/DataDetectorsCore
0x000000000c2fd000 	/System/Library/PrivateFrameworks/DesktopServicesPriv.framework/Versions/A/DesktopServicesPriv
0x000000000c2fd000 	/System/Library/Frameworks/Carbon.framework/Versions/A/Frameworks/HIToolbox.framework/Versions/A/HIToolbox
0x000000000c2fd000 	/System/Library/Frameworks/QuartzCore.framework/Versions/A/QuartzCore
0x000000000c2fd000 	/System/Library/Frameworks/Carbon.framework/Versions/A/Frameworks/SpeechRecognition.framework/Versions/A/SpeechRecognition
0x000000000c2fd000 	/usr/lib/libauto.dylib
0x000000000c2fd000 	/usr/lib/libicucore.A.dylib
0x000000000c2fd000 	/usr/lib/libxml2.2.dylib
0x000000000c2fd000 	/System/Library/PrivateFrameworks/CoreUI.framework/Versions/A/CoreUI
0x000000000c2fd000 	/System/Library/Frameworks/CoreAudio.framework/Versions/A/CoreAudio
0x000000000c2fd000 	/System/Library/Frameworks/DiskArbitration.framework/Versions/A/DiskArbitration
0x000000000c2fd000 	/usr/lib/liblangid.dylib
0x000000000c2fd000 	/System/Library/PrivateFrameworks/MultitouchSupport.framework/Versions/A/MultitouchSupport
0x000000000c2fd000 	/System/Library/Frameworks/IOKit.framework/Versions/A/IOKit
0x000000000c2fd000 	/usr/lib/libDiagnosticMessagesClient.dylib
0x000000000c2fd000 	/System/Library/Frameworks/CoreServices.framework/Versions/A/CoreServices
0x000000000c2fd000 	/System/Library/PrivateFrameworks/PerformanceAnalysis.framework/Versions/A/PerformanceAnalysis
0x000000000c2fd000 	/System/Library/PrivateFrameworks/GenerationalStorage.framework/Versions/A/GenerationalStorage
0x000000000c2fd000 	/System/Library/Frameworks/OpenGL.framework/Versions/A/OpenGL
0x000000000c2fd000 	/System/Library/PrivateFrameworks/Sharing.framework/Versions/A/Sharing
0x000000000c2fd000 	/System/Library/Frameworks/CoreGraphics.framework/Versions/A/CoreGraphics
0x000000000c2fd000 	/System/Library/Frameworks/CoreText.framework/Versions/A/CoreText
0x000000000c2fd000 	/System/Library/Frameworks/ImageIO.framework/Versions/A/ImageIO
0x000000000c2fd000 	/usr/lib/libextension.dylib
0x000000000c2fd000 	/System/Library/PrivateFrameworks/Backup.framework/Versions/A/Backup
0x000000000c2fd000 	/usr/lib/libarchive.2.dylib
0x000000000c2fd000 	/System/Library/Frameworks/CFNetwork.framework/Versions/A/CFNetwork
0x000000000c2fd000 	/System/Library/Frameworks/SystemConfiguration.framework/Versions/A/SystemConfiguration
0x000000000c2fd000 	/usr/lib/libCRFSuite.dylib
0x000000000c2fd000 	/usr/lib/libc++.1.dylib
0x000000000c2fd000 	/usr/lib/libc++abi.dylib
0x000000000c2fd000 	/usr/lib/system/libcache.dylib
0x000000000c2fd000 	/usr/lib/system/libcommonCrypto.dylib
0x000000000c2fd000 	/usr/lib/system/libcompiler_rt.dylib
0x000000000c2fd000 	/usr/lib/system/libcopyfile.dylib
0x000000000c2fd000 	/usr/lib/system/libcorecrypto.dylib
0x000000000c2fd000 	/usr/lib/system/libdispatch.dylib
0x000000000c2fd000 	/usr/lib/system/libdyld.dylib
0x000000000c2fd000 	/usr/lib/system/libkeymgr.dylib
0x000000000c2fd000 	/usr/lib/system/liblaunch.dylib
0x000000000c2fd000 	/usr/lib/system/libmacho.dylib
0x000000000c2fd000 	/usr/lib/system/libquarantine.dylib
0x000000000c2fd000 	/usr/lib/system/libremovefile.dylib
0x000000000c2fd000 	/usr/lib/system/libsystem_asl.dylib
0x000000000c2fd000 	/usr/lib/system/libsystem_blocks.dylib
0x000000000c2fd000 	/usr/lib/system/libsystem_c.dylib
0x000000000c2fd000 	/usr/lib/system/libsystem_configuration.dylib
0x000000000c2fd000 	/usr/lib/system/libsystem_coreservices.dylib
0x000000000c2fd000 	/usr/lib/system/libsystem_coretls.dylib
0x000000000c2fd000 	/usr/lib/system/libsystem_dnssd.dylib
0x000000000c2fd000 	/usr/lib/system/libsystem_info.dylib
0x000000000c2fd000 	/usr/lib/system/libsystem_kernel.dylib
0x000000000c2fd000 	/usr/lib/system/libsystem_m.dylib
0x000000000c2fd000 	/usr/lib/system/libsystem_malloc.dylib
0x000000000c2fd000 	/usr/lib/system/libsystem_network.dylib
0x000000000c2fd000 	/usr/lib/system/libsystem_networkextension.dylib
0x000000000c2fd000 	/usr/lib/system/libsystem_notify.dylib
0x000000000c2fd000 	/usr/lib/system/libsystem_platform.dylib
0x000000000c2fd000 	/usr/lib/system/libsystem_pthread.dylib
0x000000000c2fd000 	/usr/lib/system/libsystem_sandbox.dylib
0x000000000c2fd000 	/usr/lib/system/libsystem_secinit.dylib
0x000000000c2fd000 	/usr/lib/system/libsystem_stats.dylib
0x000000000c2fd000 	/usr/lib/system/libsystem_trace.dylib
0x000000000c2fd000 	/usr/lib/system/libunc.dylib
0x000000000c2fd000 	/usr/lib/system/libunwind.dylib
0x000000000c2fd000 	/usr/lib/system/libxpc.dylib
0x000000000c2fd000 	/usr/lib/libbz2.1.0.dylib
0x000000000c2fd000 	/usr/lib/liblzma.5.dylib
0x000000000c2fd000 	/usr/lib/libbsm.0.dylib
0x000000000c2fd000 	/usr/lib/libsqlite3.dylib
0x000000000c2fd000 	/usr/lib/system/libkxld.dylib
0x000000000c2fd000 	/usr/lib/libxar.1.dylib
0x000000000c2fd000 	/usr/lib/libpam.2.dylib
0x000000000c2fd000 	/usr/lib/libOpenScriptingUtil.dylib
0x000000000c2fd000 	/System/Library/Frameworks/CoreServices.framework/Versions/A/Frameworks/FSEvents.framework/Versions/A/FSEvents
0x000000000c2fd000 	/System/Library/Frameworks/CoreServices.framework/Versions/A/Frameworks/CarbonCore.framework/Versions/A/CarbonCore
0x000000000c2fd000 	/System/Library/Frameworks/CoreServices.framework/Versions/A/Frameworks/Metadata.framework/Versions/A/Metadata
0x000000000c2fd000 	/System/Library/Frameworks/CoreServices.framework/Versions/A/Frameworks/OSServices.framework/Versions/A/OSServices
0x000000000c2fd000 	/System/Library/Frameworks/CoreServices.framework/Versions/A/Frameworks/SearchKit.framework/Versions/A/SearchKit
0x000000000c2fd000 	/System/Library/Frameworks/CoreServices.framework/Versions/A/Frameworks/AE.framework/Versions/A/AE
0x000000000c2fd000 	/System/Library/Frameworks/CoreServices.framework/Versions/A/Frameworks/LaunchServices.framework/Versions/A/LaunchServices
0x000000000c2fd000 	/System/Library/Frameworks/CoreServices.framework/Versions/A/Frameworks/DictionaryServices.framework/Versions/A/DictionaryServices
0x000000000c2fd000 	/System/Library/Frameworks/NetFS.framework/Versions/A/NetFS
0x000000000c2fd000 	/System/Library/PrivateFrameworks/NetAuth.framework/Versions/A/NetAuth
0x000000000c2fd000 	/System/Library/PrivateFrameworks/login.framework/Versions/A/Frameworks/loginsupport.framework/Versions/A/loginsupport
0x000000000c2fd000 	/System/Library/PrivateFrameworks/TCC.framework/Versions/A/TCC
0x000000000c2fd000 	/usr/lib/libmecabra.dylib
0x000000000c2fd000 	/System/Library/PrivateFrameworks/LanguageModeling.framework/Versions/A/LanguageModeling
0x000000000c2fd000 	/usr/lib/libcmph.dylib
0x000000000c2fd000 	/usr/lib/libiconv.2.dylib
0x000000000c2fd000 	/System/Library/Frameworks/OpenDirectory.framework/Versions/A/Frameworks/CFOpenDirectory.framework/Versions/A/CFOpenDirectory
0x000000000c2fd000 	/System/Library/Frameworks/ServiceManagement.framework/Versions/A/ServiceManagement
0x000000000c2fd000 	/usr/lib/libxslt.1.dylib
0x000000000c2fd000 	/System/Library/Frameworks/Carbon.framework/Versions/A/Frameworks/Ink.framework/Versions/A/Ink
0x000000000c2fd000 	/System/Library/Frameworks/ApplicationServices.framework/Versions/A/Frameworks/ATS.framework/Versions/A/ATS
0x000000000c2fd000 	/System/Library/Frameworks/ApplicationServices.framework/Versions/A/Frameworks/ColorSync.framework/Versions/A/ColorSync
0x000000000c2fd000 	/System/Library/Frameworks/ApplicationServices.framework/Versions/A/Frameworks/HIServices.framework/Versions/A/HIServices
0x000000000c2fd000 	/System/Library/Frameworks/ApplicationServices.framework/Versions/A/Frameworks/LangAnalysis.framework/Versions/A/LangAnalysis
0x000000000c2fd000 	/System/Library/Frameworks/ApplicationServices.framework/Versions/A/Frameworks/PrintCore.framework/Versions/A/PrintCore
0x000000000c2fd000 	/System/Library/Frameworks/ApplicationServices.framework/Versions/A/Frameworks/QD.framework/Versions/A/QD
0x000000000c2fd000 	/System/Library/Frameworks/ApplicationServices.framework/Versions/A/Frameworks/SpeechSynthesis.framework/Versions/A/SpeechSynthesis
0x000000000c2fd000 	/System/Library/Frameworks/Accelerate.framework/Versions/A/Accelerate
0x000000000c2fd000 	/System/Library/Frameworks/Accelerate.framework/Versions/A/Frameworks/vImage.framework/Versions/A/vImage
0x000000000c2fd000 	/System/Library/Frameworks/Accelerate.framework/Versions/A/Frameworks/vecLib.framework/Versions/A/vecLib
0x000000000c2fd000 	/System/Library/Frameworks/Accelerate.framework/Versions/A/Frameworks/vecLib.framework/Versions/A/libvDSP.dylib
0x000000000c2fd000 	/System/Library/Frameworks/Accelerate.framework/Versions/A/Frameworks/vecLib.framework/Versions/A/libvMisc.dylib
0x000000000c2fd000 	/System/Library/Frameworks/Accelerate.framework/Versions/A/Frameworks/vecLib.framework/Versions/A/libLAPACK.dylib
0x000000000c2fd000 	/System/Library/Frameworks/Accelerate.framework/Versions/A/Frameworks/vecLib.framework/Versions/A/libBLAS.dylib
0x000000000c2fd000 	/System/Library/Frameworks/Accelerate.framework/Versions/A/Frameworks/vecLib.framework/Versions/A/libLinearAlgebra.dylib
0x000000000c2fd000 	/System/Library/Frameworks/ApplicationServices.framework/Versions/A/Frameworks/ATS.framework/Versions/A/Resources/libFontParser.dylib
0x000000000c2fd000 	/System/Library/Frameworks/ApplicationServices.framework/Versions/A/Frameworks/ATS.framework/Versions/A/Resources/libFontRegistry.dylib
0x000000000c2fd000 	/System/Library/PrivateFrameworks/AppleVPA.framework/Versions/A/AppleVPA
0x000000000c2fd000 	/System/Library/PrivateFrameworks/AppleJPEG.framework/Versions/A/AppleJPEG
0x000000000c2fd000 	/System/Library/Frameworks/ImageIO.framework/Versions/A/Resources/libJPEG.dylib
0x000000000c2fd000 	/System/Library/Frameworks/ImageIO.framework/Versions/A/Resources/libTIFF.dylib
0x000000000c2fd000 	/System/Library/Frameworks/ImageIO.framework/Versions/A/Resources/libPng.dylib
0x000000000c2fd000 	/System/Library/Frameworks/ImageIO.framework/Versions/A/Resources/libGIF.dylib
0x000000000c2fd000 	/System/Library/Frameworks/ImageIO.framework/Versions/A/Resources/libJP2.dylib
0x000000000c2fd000 	/System/Library/Frameworks/ImageIO.framework/Versions/A/Resources/libRadiance.dylib
0x000000000c2fd000 	/System/Library/Frameworks/CoreVideo.framework/Versions/A/CoreVideo
0x000000000c2fd000 	/System/Library/Frameworks/OpenGL.framework/Versions/A/Libraries/libGLU.dylib
0x000000000c2fd000 	/System/Library/Frameworks/OpenGL.framework/Versions/A/Libraries/libGFXShared.dylib
0x000000000c2fd000 	/System/Library/Frameworks/OpenGL.framework/Versions/A/Libraries/libGL.dylib
0x000000000c2fd000 	/System/Library/Frameworks/OpenGL.framework/Versions/A/Libraries/libGLImage.dylib
0x000000000c2fd000 	/System/Library/Frameworks/OpenGL.framework/Versions/A/Libraries/libCVMSPluginSupport.dylib
0x000000000c2fd000 	/System/Library/Frameworks/OpenGL.framework/Versions/A/Libraries/libCoreVMClient.dylib
0x000000000c2fd000 	/usr/lib/libcups.2.dylib
0x000000000c2fd000 	/System/Library/Frameworks/Kerberos.framework/Versions/A/Kerberos
0x000000000c2fd000 	/System/Library/Frameworks/GSS.framework/Versions/A/GSS
0x000000000c2fd000 	/usr/lib/libresolv.9.dylib
0x000000000c2fd000 	/System/Library/PrivateFrameworks/Heimdal.framework/Versions/A/Heimdal
0x000000000c2fd000 	/usr/lib/libheimdal-asn1.dylib
0x000000000c2fd000 	/System/Library/Frameworks/OpenDirectory.framework/Versions/A/OpenDirectory
0x000000000c2fd000 	/System/Library/PrivateFrameworks/CommonAuth.framework/Versions/A/CommonAuth
0x000000000c2fd000 	/System/Library/Frameworks/SecurityFoundation.framework/Versions/A/SecurityFoundation
0x000000000c2fd000 	/System/Library/Frameworks/QuartzCore.framework/Versions/A/Frameworks/CoreImage.framework/Versions/A/CoreImage
0x000000000c2fd000 	/System/Library/PrivateFrameworks/CrashReporterSupport.framework/Versions/A/CrashReporterSupport
0x000000000c2fd000 	/System/Library/Frameworks/OpenCL.framework/Versions/A/OpenCL
0x000000000c2fd000 	/System/Library/PrivateFrameworks/FaceCore.framework/Versions/A/FaceCore
0x000000000c2fd000 	/System/Library/PrivateFrameworks/Ubiquity.framework/Versions/A/Ubiquity
0x000000000c2fd000 	/System/Library/PrivateFrameworks/IconServices.framework/Versions/A/IconServices
0x000000000c2fd000 	/System/Library/PrivateFrameworks/ChunkingLibrary.framework/Versions/A/ChunkingLibrary
0x000000000c2fd000 	/System/Library/PrivateFrameworks/Apple80211.framework/Versions/A/Apple80211
0x000000000c2fd000 	/System/Library/Frameworks/CoreWLAN.framework/Versions/A/CoreWLAN
0x000000000c2fd000 	/System/Library/Frameworks/IOBluetooth.framework/Versions/A/IOBluetooth
0x000000000c2fd000 	/System/Library/PrivateFrameworks/CoreWiFi.framework/Versions/A/CoreWiFi
0x000000000c2fd000 	/System/Library/Frameworks/CoreBluetooth.framework/Versions/A/CoreBluetooth
0x000000000c2fd000 	/System/Library/PrivateFrameworks/DebugSymbols.framework/Versions/A/DebugSymbols
0x000000000c2fd000 	/System/Library/PrivateFrameworks/CoreSymbolication.framework/Versions/A/CoreSymbolication
0x000000000c2fd000 	/System/Library/PrivateFrameworks/Symbolication.framework/Versions/A/Symbolication
0x000000000c2fd000 	/System/Library/PrivateFrameworks/SpeechRecognitionCore.framework/Versions/A/SpeechRecognitionCore
0x0000000107b8d000 	/Library/Java/JavaVirtualMachines/jdk1.7.0_07.jdk/Contents/Home/jre/lib/server/libjvm.dylib
0x000000000c2fd000 	/usr/lib/libstdc++.6.dylib
0x000000010874e000 	/Library/Java/JavaVirtualMachines/jdk1.7.0_07.jdk/Contents/Home/jre/lib/libverify.dylib
0x000000010875b000 	/Library/Java/JavaVirtualMachines/jdk1.7.0_07.jdk/Contents/Home/jre/lib/libjava.dylib
0x0000000108795000 	/Library/Java/JavaVirtualMachines/jdk1.7.0_07.jdk/Contents/Home/jre/lib/libzip.dylib
0x000000010c74b000 	/System/Library/Frameworks/JavaVM.framework/Frameworks/JavaRuntimeSupport.framework/JavaRuntimeSupport
0x000000010c763000 	/System/Library/Frameworks/JavaVM.framework/Versions/A/Frameworks/JavaNativeFoundation.framework/Versions/A/JavaNativeFoundation
0x00000001087f1000 	/System/Library/Frameworks/JavaVM.framework/Versions/A/JavaVM
0x000000000c2fd000 	/System/Library/Frameworks/Carbon.framework/Versions/A/Carbon
0x000000010c778000 	/System/Library/PrivateFrameworks/JavaLaunching.framework/Versions/A/JavaLaunching
0x000000000c2fd000 	/System/Library/Frameworks/Carbon.framework/Versions/A/Frameworks/CommonPanels.framework/Versions/A/CommonPanels
0x000000000c2fd000 	/System/Library/Frameworks/Carbon.framework/Versions/A/Frameworks/Help.framework/Versions/A/Help
0x000000000c2fd000 	/System/Library/Frameworks/Carbon.framework/Versions/A/Frameworks/ImageCapture.framework/Versions/A/ImageCapture
0x000000000c2fd000 	/System/Library/Frameworks/Carbon.framework/Versions/A/Frameworks/OpenScripting.framework/Versions/A/OpenScripting
0x000000000c2fd000 	/System/Library/Frameworks/Carbon.framework/Versions/A/Frameworks/Print.framework/Versions/A/Print
0x000000000c2fd000 	/System/Library/Frameworks/Carbon.framework/Versions/A/Frameworks/SecurityHI.framework/Versions/A/SecurityHI
0x000000010e583000 	/Library/Java/JavaVirtualMachines/jdk1.7.0_07.jdk/Contents/Home/jre/lib/libawt.dylib
0x000000010e632000 	/Library/Java/JavaVirtualMachines/jdk1.7.0_07.jdk/Contents/Home/jre/lib/./libmlib_image.dylib
0x000000010e6fe000 	/Library/Java/JavaVirtualMachines/jdk1.7.0_07.jdk/Contents/Home/jre/lib/lwawt/liblwawt.dylib
0x000000010e7b0000 	/Library/Java/JavaVirtualMachines/jdk1.7.0_07.jdk/Contents/Home/jre/lib/libosxapp.dylib
0x000000000c2fd000 	/System/Library/Frameworks/ExceptionHandling.framework/Versions/A/ExceptionHandling
0x000000000c2fd000 	/System/Library/PrivateFrameworks/CoreServicesInternal.framework/Versions/A/CoreServicesInternal
0x000000000c2fd000 	/System/Library/PrivateFrameworks/CloudDocs.framework/Versions/A/CloudDocs
0x000000000c2fd000 	/System/Library/PrivateFrameworks/CoreDuet.framework/Versions/A/CoreDuet
0x000000000c2fd000 	/System/Library/Frameworks/CloudKit.framework/Versions/A/CloudKit
0x000000000c2fd000 	/System/Library/PrivateFrameworks/ProtocolBuffer.framework/Versions/A/ProtocolBuffer
0x000000000c2fd000 	/System/Library/PrivateFrameworks/CoreDuetDaemonProtocol.framework/Versions/A/CoreDuetDaemonProtocol
0x000000000c2fd000 	/System/Library/PrivateFrameworks/CoreDuetDebugLogging.framework/Versions/A/CoreDuetDebugLogging
0x000000000c2fd000 	/System/Library/Frameworks/CoreLocation.framework/Versions/A/CoreLocation
0x000000000c2fd000 	/System/Library/Frameworks/Accounts.framework/Versions/A/Accounts
0x000000000c2fd000 	/System/Library/PrivateFrameworks/ApplePushService.framework/Versions/A/ApplePushService
0x000000000c2fd000 	/System/Library/PrivateFrameworks/GeoServices.framework/Versions/A/GeoServices
0x000000000c2fd000 	/System/Library/PrivateFrameworks/OAuth.framework/Versions/A/OAuth
0x000000000c2fd000 	/System/Library/PrivateFrameworks/CoreDaemon.framework/Versions/B/CoreDaemon
0x000000000c2fd000 	/usr/lib/libcrypto.0.9.8.dylib
0x000000000c2fd000 	/System/Library/PrivateFrameworks/AppleSRP.framework/Versions/A/AppleSRP
0x000000000c2fd000 	/System/Library/PrivateFrameworks/TrustEvaluationAgent.framework/Versions/A/TrustEvaluationAgent
0x000000000c2fd000 	/System/Library/Frameworks/CoreGraphics.framework/Versions/A/Resources/libCGCMS.A.dylib
0x000000000c2fd000 	/System/Library/Frameworks/CoreGraphics.framework/Versions/A/Resources/libRIP.A.dylib
0x000000000c2fd000 	/System/Library/Frameworks/CoreGraphics.framework/Versions/A/Resources/libCGXType.A.dylib
0x000000000c2fd000 	/System/Library/Frameworks/OpenCL.framework/Versions/A/Libraries/libcldcpuengine.dylib
0x000000000c2fd000 	/System/Library/PrivateFrameworks/DiskImages.framework/Versions/A/DiskImages
0x000000000c2fd000 	/System/Library/Frameworks/DiscRecording.framework/Versions/A/DiscRecording
0x000000000c2fd000 	/usr/lib/libcsfde.dylib
0x000000000c2fd000 	/usr/lib/libcurl.4.dylib
0x000000000c2fd000 	/System/Library/PrivateFrameworks/MediaKit.framework/Versions/A/MediaKit
0x000000000c2fd000 	/System/Library/PrivateFrameworks/ProtectedCloudStorage.framework/Versions/A/ProtectedCloudStorage
0x000000000c2fd000 	/usr/lib/libCoreStorage.dylib
0x000000000c2fd000 	/System/Library/PrivateFrameworks/EFILogin.framework/Versions/A/EFILogin
0x000000000c2fd000 	/usr/lib/libutil.dylib
0x000000000c2fd000 	/System/Library/PrivateFrameworks/FindMyDevice.framework/Versions/A/FindMyDevice
0x000000000c2fd000 	/System/Library/Frameworks/LDAP.framework/Versions/A/LDAP
0x000000000c2fd000 	/usr/lib/libsasl2.2.dylib
0x00000001112d1000 	cl_kernels
0x00000001112d3000 	/System/Library/Frameworks/OpenCL.framework/Versions/A/Libraries/ImageFormats/unorm8_bgra.dylib
0x00000001112c2000 	cl_kernels
0x000000000c2fd000 	/System/Library/PrivateFrameworks/FamilyControls.framework/Versions/A/FamilyControls
0x000000000c2fd000 	/System/Library/PrivateFrameworks/CommerceKit.framework/Versions/A/Frameworks/CommerceCore.framework/Versions/A/CommerceCore
0x000000000c2fd000 	/System/Library/PrivateFrameworks/SystemAdministration.framework/Versions/A/SystemAdministration
0x000000000c2fd000 	/System/Library/PrivateFrameworks/AppContainer.framework/Versions/A/AppContainer
0x000000000c2fd000 	/System/Library/PrivateFrameworks/SecCodeWrapper.framework/Versions/A/SecCodeWrapper
0x000000000c2fd000 	/System/Library/Frameworks/DirectoryService.framework/Versions/A/DirectoryService
0x000000000c2fd000 	/System/Library/PrivateFrameworks/LoginUIKit.framework/Versions/A/Frameworks/LoginUICore.framework/Versions/A/LoginUICore
0x000000000c2fd000 	/usr/lib/libodfde.dylib
0x00000001124e9000 	/Library/Java/JavaVirtualMachines/jdk1.7.0_07.jdk/Contents/Home/jre/lib/libfontmanager.dylib
0x0000000112535000 	/Users/eashaan/eclipse-and-more/repositories/Games/GameEngines/libs/lwjgl-2.9.1/native/macosx/liblwjgl.jnilib
0x00000001107ea000 	/Library/Java/JavaVirtualMachines/jdk1.7.0_07.jdk/Contents/Home/jre/lib/libjawt.dylib
0x000000000c2fd000 	/System/Library/Frameworks/OpenGL.framework/Versions/A/Resources/GLEngine.bundle/GLEngine
0x000000000c2fd000 	/System/Library/Frameworks/OpenGL.framework/Versions/A/Libraries/libGLProgrammability.dylib
0x0000000000000000 	/System/Library/Extensions/AMDRadeonX3000GLDriver.bundle/Contents/MacOS/AMDRadeonX3000GLDriver
0x000000000c2fd000 	/System/Library/PrivateFrameworks/IOAccelerator.framework/Versions/A/IOAccelerator
0x000000000c2fd000 	/System/Library/PrivateFrameworks/GPUSupport.framework/Versions/A/Libraries/libGPUSupportMercury.dylib
0x000000000c2fd000 	/System/Library/Frameworks/OpenGL.framework/Versions/A/Resources/GLRendererFloat.bundle/GLRendererFloat
0x00000001131f8000 	/Library/Java/JavaVirtualMachines/jdk1.7.0_07.jdk/Contents/Home/jre/lib/libjpeg.dylib

VM Arguments:
jvm_args: -Djava.library.path=/Users/eashaan/eclipse-and-more/repositories/Games/GameEngines/libs/lwjgl-2.9.1/native/macosx -Dfile.encoding=US-ASCII 
java_command: com.ek.game.Main
Launcher Type: SUN_STANDARD

Environment Variables:
PATH=/usr/bin:/bin:/usr/sbin:/sbin
SHELL=/bin/bash

Signal Handlers:
SIGSEGV: [libjvm.dylib+0x4a3a1d], sa_mask[0]=0xfffefeff, sa_flags=0x00000042
SIGBUS: [libjvm.dylib+0x4a3a1d], sa_mask[0]=0xfffefeff, sa_flags=0x00000042
SIGFPE: [libjvm.dylib+0x3b3431], sa_mask[0]=0xfffefeff, sa_flags=0x00000042
SIGPIPE: [libjvm.dylib+0x3b3431], sa_mask[0]=0xfffefeff, sa_flags=0x00000042
SIGXFSZ: [libjvm.dylib+0x3b3431], sa_mask[0]=0xfffefeff, sa_flags=0x00000042
SIGILL: [libjvm.dylib+0x3b3431], sa_mask[0]=0xfffefeff, sa_flags=0x00000042
SIGUSR1: SIG_DFL, sa_mask[0]=0x00000000, sa_flags=0x00000000
SIGUSR2: [libjvm.dylib+0x3b2fca], sa_mask[0]=0x00000004, sa_flags=0x00000042
SIGHUP: [libjvm.dylib+0x3b122b], sa_mask[0]=0xfffefeff, sa_flags=0x00000042
SIGINT: [libjvm.dylib+0x3b122b], sa_mask[0]=0xfffefeff, sa_flags=0x00000042
SIGTERM: [libjvm.dylib+0x3b122b], sa_mask[0]=0xfffefeff, sa_flags=0x00000042
SIGQUIT: [libjvm.dylib+0x3b122b], sa_mask[0]=0xfffefeff, sa_flags=0x00000042


---------------  S Y S T E M  ---------------

OS:Bsduname:Darwin 14.0.0 Darwin Kernel Version 14.0.0: Fri Sep 19 00:26:44 PDT 2014; root:xnu-2782.1.97~2/RELEASE_X86_64 x86_64
rlimit: STACK 8192k, CORE 0k, NPROC 709, NOFILE 10240, AS infinity
load average:1.64 1.44 1.32

CPU:total 4 (4 cores per cpu, 1 threads per core) family 6 model 42 stepping 7, cmov, cx8, fxsr, mmx, sse, sse2, sse3, ssse3, sse4.1, sse4.2, popcnt, avx, tsc, tscinvbit

Memory: 4k page, physical 1248092k(312023k free)

/proc/meminfo:


vm_info: Java HotSpot(TM) 64-Bit Server VM (23.3-b01) for bsd-amd64 JRE (1.7.0_07-b10), built on Aug 28 2012 18:14:29 by "java_re" with gcc 4.2.1 (Based on Apple Inc. build 5658) (LLVM build 2336.9.00)

time: Wed Feb  4 23:55:13 2015
elapsed time: 3 seconds

