#
# A fatal error has been detected by the Java Runtime Environment:
#
#  SIGSEGV (0xb) at pc=0x0000000102a95f3f, pid=2603, tid=5891
#
# JRE version: 7.0_07-b10
# Java VM: Java HotSpot(TM) 64-Bit Server VM (23.3-b01 mixed mode bsd-amd64 compressed oops)
# Problematic frame:
# V  [libjvm.dylib+0x295f3f]
#
# Failed to write core dump. Core dumps have been disabled. To enable core dumping, try "ulimit -c unlimited" before starting Java again
#
# If you would like to submit a bug report, please visit:
#   http://bugreport.sun.com/bugreport/crash.jsp
#

---------------  T H R E A D  ---------------

Current thread (0x00007f88ec003000):  JavaThread "main" [_thread_in_vm, id=5891, stack(0x00000001032a8000,0x00000001033a8000)]

siginfo:si_signo=SIGSEGV: si_errno=0, si_code=1 (SEGV_MAPERR), si_addr=0x0000000700000000

Registers:
RAX=0x00000007fb044d50, RBX=0x00007f88eb449718, RCX=0x0000000102f2d970, RDX=0x0000000102eb2530
RSP=0x00000001033a7490, RBP=0x00000001033a74b0, RSI=0x0000000700000000, RDI=0x00000007e7456788
R8 =0x0000000000000320, R9 =0x0000000000000258, R10=0x00007f88eb45d800, R11=0x00007fff7d622e30
R12=0x00007f88ec0031d8, R13=0x00000001033a76d8, R14=0x0000000700000000, R15=0x00007f88ec0031d8
RIP=0x0000000102a95f3f, EFLAGS=0x0000000000010202, ERR=0x0000000000000004
  TRAPNO=0x000000000000000e

Top of Stack: (sp=0x00000001033a7490)
0x00000001033a7490:   00007f88ec003000 0000000700000000
0x00000001033a74a0:   00007f88ec0031d8 00007f88ec003000
0x00000001033a74b0:   00000001033a74e0 0000000102aa305f
0x00000001033a74c0:   00000001033a74e0 0000000000000000
0x00000001033a74d0:   0000000000000000 0000000000000000
0x00000001033a74e0:   00000001033a7570 000000010b5ea22b
0x00000001033a74f0:   00000001033a7548 00000040033a7640
0x00000001033a7500:   0000032000000258 00000370000001a4
0x00000001033a7510:   00000001033a7688 00007f88ec003000
0x00000001033a7520:   00000001033a7560 0000000102a8338d
0x00000001033a7530:   00007f88ec003000 00000001033a75b0
0x00000001033a7540:   00007f88ec003000 00000007fb1aad90
0x00000001033a7550:   0000000000000000 00000007fb1aad88
0x00000001033a7560:   00000001033a7688 00007f88ec003000
0x00000001033a7570:   00000001033a7618 00000001033bbf90
0x00000001033a7580:   0000000000000000 0000000700000000
0x00000001033a7590:   0000000000000000 0000000100000000
0x00000001033a75a0:   00000001033a7640 0000000000000000
0x00000001033a75b0:   0000000700000000 00000001033a76d8
0x00000001033a75c0:   00000001033a7638 00000001033a7608
0x00000001033a75d0:   00000007fb0df118 00000001033a75d8
0x00000001033a75e0:   00000007fb1aad88 00000001033a7688
0x00000001033a75f0:   00000007fb1d7310 0000000000000000
0x00000001033a7600:   00000007fb1aad90 0000000000000000
0x00000001033a7610:   00000001033a7638 00000001033a76d8
0x00000001033a7620:   00000001033b0333 0000000000000000
0x00000001033a7630:   00000001033b8ddb 0000000000000000
0x00000001033a7640:   00000007e75eb878 0000000000000000
0x00000001033a7650:   0000000000000000 0000000000000000
0x00000001033a7660:   0000000000000000 0000000000000258
0x00000001033a7670:   0000000000000320 00000000000001a4
0x00000001033a7680:   0000000000000370 00000007e75d3a28 

Instructions: (pc=0x0000000102a95f3f)
0x0000000102a95f1f:   04 b0 01 eb 4a 48 8b 3b e8 78 4b ff ff 48 85 c0
0x0000000102a95f2f:   75 04 30 c0 eb 39 48 8d 0d 34 7a 49 00 80 39 00
0x0000000102a95f3f:   49 8b 16 74 15 48 8d 35 e5 c5 41 00 8a 4e 08 8b
0x0000000102a95f4f:   7a 08 48 d3 e7 48 03 3e eb 04 48 8b 7a 08 48 83 

Register to memory mapping:

RAX=0x00000007fb044d50 is an oop
{instance class} 
 - klass: {other class}
RBX=0x00007f88eb449718 is a global jni handle
RCX=0x0000000102f2d970: UseCompressedOops+0 in /Library/Java/JavaVirtualMachines/jdk1.7.0_07.jdk/Contents/Home/jre/lib/server/libjvm.dylib at 0x0000000102800000
RDX=0x0000000102eb2530: _ZN8Universe11_narrow_oopE+0 in /Library/Java/JavaVirtualMachines/jdk1.7.0_07.jdk/Contents/Home/jre/lib/server/libjvm.dylib at 0x0000000102800000
RSP=0x00000001033a7490 is pointing into the stack for thread: 0x00007f88ec003000
RBP=0x00000001033a74b0 is pointing into the stack for thread: 0x00007f88ec003000
RSI=0x0000000700000000 is an unknown value
RDI=0x00000007e7456788 is an oop
java.lang.Class 
 - klass: 'java/lang/Class'
R8 =0x0000000000000320 is an unknown value
R9 =0x0000000000000258 is an unknown value
R10=0x00007f88eb45d800 is an unknown value
R11=0x00007fff7d622e30: OBJC_CLASS_$_NSAutoreleasePool+0 in /System/Library/Frameworks/Foundation.framework/Versions/C/Foundation at 0x00007fff9241b000
R12=0x00007f88ec0031d8 is an unknown value
R13=0x00000001033a76d8 is pointing into the stack for thread: 0x00007f88ec003000
R14=0x0000000700000000 is an unknown value
R15=0x00007f88ec0031d8 is an unknown value


Stack: [0x00000001032a8000,0x00000001033a8000],  sp=0x00000001033a7490,  free space=1021k
Native frames: (J=compiled Java code, j=interpreted, Vv=VM code, C=native code)
V  [libjvm.dylib+0x295f3f]
V  [libjvm.dylib+0x2a305f]
C  [liblwjgl.jnilib+0xc22b]  Java_org_lwjgl_opengl_MacOSXDisplay_nCreateWindow+0x9b
j  org.lwjgl.opengl.MacOSXDisplay.nCreateWindow(IIIIZZZZLjava/nio/ByteBuffer;Ljava/nio/ByteBuffer;)Ljava/nio/ByteBuffer;+0
j  org.lwjgl.opengl.MacOSXDisplay.createWindow(Lorg/lwjgl/opengl/DrawableLWJGL;Lorg/lwjgl/opengl/DisplayMode;Ljava/awt/Canvas;II)V+120
j  org.lwjgl.opengl.Display.createWindow()V+71
j  org.lwjgl.opengl.Display.create(Lorg/lwjgl/opengl/PixelFormat;Lorg/lwjgl/opengl/Drawable;Lorg/lwjgl/opengl/ContextAttribs;)V+72
j  org.lwjgl.opengl.Display.create(Lorg/lwjgl/opengl/PixelFormat;)V+12
j  org.lwjgl.opengl.Display.create()V+7
j  rendering.Window.CreateWindow(IILjava/lang/String;)V+16
j  core.CoreEngine.CreateWindow(Ljava/lang/String;)V+9
j  game.Main.main([Ljava/lang/String;)V+27
v  ~StubRoutines::call_stub
V  [libjvm.dylib+0x288afb]
V  [libjvm.dylib+0x2888c8]
V  [libjvm.dylib+0x2a40d6]
V  [libjvm.dylib+0x29d442]
C  [java+0x32e2]  JavaMain+0x9b1
C  [libsystem_pthread.dylib+0x1899]  _pthread_body+0x8a
C  [libsystem_pthread.dylib+0x172a]  _pthread_struct_init+0x0
C  [libsystem_pthread.dylib+0x5fc9]  thread_start+0xd

Java frames: (J=compiled Java code, j=interpreted, Vv=VM code)
j  org.lwjgl.opengl.MacOSXDisplay.nCreateWindow(IIIIZZZZLjava/nio/ByteBuffer;Ljava/nio/ByteBuffer;)Ljava/nio/ByteBuffer;+0
j  org.lwjgl.opengl.MacOSXDisplay.createWindow(Lorg/lwjgl/opengl/DrawableLWJGL;Lorg/lwjgl/opengl/DisplayMode;Ljava/awt/Canvas;II)V+120
j  org.lwjgl.opengl.Display.createWindow()V+71
j  org.lwjgl.opengl.Display.create(Lorg/lwjgl/opengl/PixelFormat;Lorg/lwjgl/opengl/Drawable;Lorg/lwjgl/opengl/ContextAttribs;)V+72
j  org.lwjgl.opengl.Display.create(Lorg/lwjgl/opengl/PixelFormat;)V+12
j  org.lwjgl.opengl.Display.create()V+7
j  rendering.Window.CreateWindow(IILjava/lang/String;)V+16
j  core.CoreEngine.CreateWindow(Ljava/lang/String;)V+9
j  game.Main.main([Ljava/lang/String;)V+27
v  ~StubRoutines::call_stub

---------------  P R O C E S S  ---------------

Java Threads: ( => current thread )
  0x00007f88ec08d000 JavaThread "AWT-Shutdown" [_thread_blocked, id=16903, stack(0x00000001073e8000,0x00000001074e8000)]
  0x00007f88ec08c000 JavaThread "AppKit Thread" daemon [_thread_in_native, id=1287, stack(0x00007fff5dd46000,0x00007fff5ddc6000)]
  0x00007f88ec00f800 JavaThread "Service Thread" daemon [_thread_blocked, id=15363, stack(0x0000000106f44000,0x0000000107044000)]
  0x00007f88ec00e800 JavaThread "C2 CompilerThread1" daemon [_thread_blocked, id=15107, stack(0x0000000106e41000,0x0000000106f41000)]
  0x00007f88eb86c800 JavaThread "C2 CompilerThread0" daemon [_thread_blocked, id=14851, stack(0x0000000106d3e000,0x0000000106e3e000)]
  0x00007f88eb86b800 JavaThread "Signal Dispatcher" daemon [_thread_blocked, id=14595, stack(0x0000000106c3b000,0x0000000106d3b000)]
  0x00007f88ec006800 JavaThread "Finalizer" daemon [_thread_blocked, id=9731, stack(0x00000001069f9000,0x0000000106af9000)]
  0x00007f88ec005800 JavaThread "Reference Handler" daemon [_thread_blocked, id=9475, stack(0x00000001068f6000,0x00000001069f6000)]
=>0x00007f88ec003000 JavaThread "main" [_thread_in_vm, id=5891, stack(0x00000001032a8000,0x00000001033a8000)]

Other Threads:
  0x00007f88eb85a800 VMThread [stack: 0x00000001067f3000,0x00000001068f3000] [id=9219]
  0x00007f88ec019000 WatcherThread [stack: 0x0000000107047000,0x0000000107147000] [id=15619]

VM state:not at safepoint (normal execution)

VM Mutex/Monitor currently owned by a thread: None

Heap
 def new generation   total 6016K, used 2045K [0x00000007e7400000, 0x00000007e7a80000, 0x00000007edca0000)
  eden space 5376K,  38% used [0x00000007e7400000, 0x00000007e75ff6e0, 0x00000007e7940000)
  from space 640K,   0% used [0x00000007e7940000, 0x00000007e7940000, 0x00000007e79e0000)
  to   space 640K,   0% used [0x00000007e79e0000, 0x00000007e79e0000, 0x00000007e7a80000)
 tenured generation   total 13440K, used 0K [0x00000007edca0000, 0x00000007ee9c0000, 0x00000007fae00000)
   the space 13440K,   0% used [0x00000007edca0000, 0x00000007edca0000, 0x00000007edca0200, 0x00000007ee9c0000)
 compacting perm gen  total 21248K, used 4057K [0x00000007fae00000, 0x00000007fc2c0000, 0x0000000800000000)
   the space 21248K,  19% used [0x00000007fae00000, 0x00000007fb1f66c0, 0x00000007fb1f6800, 0x00000007fc2c0000)
No shared spaces configured.

Card table byte_map: [0x000000010646a000,0x0000000106531000] byte_map_base: 0x0000000102530000

Polling page: 0x0000000101f88000

Code Cache  [0x00000001033aa000, 0x000000010361a000, 0x00000001063aa000)
 total_blobs=212 nmethods=7 adapters=158 free_code_cache=48747Kb largest_free_block=49910592

Compilation events (10 events):
Event: 0.426 Thread 0x00007f88eb86c800    3             java.lang.String::indexOf (70 bytes)
Event: 0.428 Thread 0x00007f88eb86c800 nmethod 3 0x000000010340bfd0 code [0x000000010340c120, 0x000000010340c2c8]
Event: 0.430 Thread 0x00007f88ec00e800    4             java.lang.String::indexOf (166 bytes)
Event: 0.434 Thread 0x00007f88ec00e800 nmethod 4 0x000000010340b1d0 code [0x000000010340b320, 0x000000010340b798]
Event: 0.452 Thread 0x00007f88eb86c800    5             sun.nio.cs.UTF_8$Encoder::encode (361 bytes)
Event: 0.459 Thread 0x00007f88eb86c800 nmethod 5 0x000000010340cb90 code [0x000000010340cd20, 0x000000010340d478]
Event: 0.483 Thread 0x00007f88ec00e800    6             java.lang.String::charAt (29 bytes)
Event: 0.484 Thread 0x00007f88ec00e800 nmethod 6 0x000000010340c4d0 code [0x000000010340c620, 0x000000010340c6d8]
Event: 0.486 Thread 0x00007f88eb86c800    7             java.lang.String::lastIndexOf (52 bytes)
Event: 0.487 Thread 0x00007f88eb86c800 nmethod 7 0x000000010340db90 code [0x000000010340dce0, 0x000000010340de68]

GC Heap History (0 events):
No events

Deoptimization events (0 events):
No events

Internal exceptions (10 events):
Event: 1.506 Thread 0x00007f88ec003000 Threw 0x00000007e75c54a8 at /HUDSON/workspace/jdk7u7-2-build-macosx-amd64-product/jdk7u7/hotspot/src/share/vm/prims/jvm.cpp:1166
Event: 1.506 Thread 0x00007f88ec003000 Threw 0x00000007e75ca110 at /HUDSON/workspace/jdk7u7-2-build-macosx-amd64-product/jdk7u7/hotspot/src/share/vm/prims/jvm.cpp:1166
Event: 1.507 Thread 0x00007f88ec003000 Threw 0x00000007e75ceb28 at /HUDSON/workspace/jdk7u7-2-build-macosx-amd64-product/jdk7u7/hotspot/src/share/vm/prims/jvm.cpp:1166
Event: 1.527 Thread 0x00007f88ec003000 Threw 0x00000007e75d5150 at /HUDSON/workspace/jdk7u7-2-build-macosx-amd64-product/jdk7u7/hotspot/src/share/vm/prims/jvm.cpp:1166
Event: 1.528 Thread 0x00007f88ec003000 Threw 0x00000007e75d9e98 at /HUDSON/workspace/jdk7u7-2-build-macosx-amd64-product/jdk7u7/hotspot/src/share/vm/prims/jvm.cpp:1166
Event: 1.528 Thread 0x00007f88ec003000 Threw 0x00000007e75dd958 at /HUDSON/workspace/jdk7u7-2-build-macosx-amd64-product/jdk7u7/hotspot/src/share/vm/prims/jvm.cpp:1166
Event: 1.529 Thread 0x00007f88ec003000 Threw 0x00000007e75e4d00 at /HUDSON/workspace/jdk7u7-2-build-macosx-amd64-product/jdk7u7/hotspot/src/share/vm/prims/jvm.cpp:1166
Event: 1.530 Thread 0x00007f88ec003000 Threw 0x00000007e75e8e58 at /HUDSON/workspace/jdk7u7-2-build-macosx-amd64-product/jdk7u7/hotspot/src/share/vm/prims/jvm.cpp:1166
Event: 1.616 Thread 0x00007f88ec003000 Threw 0x00000007e75ed190 at /HUDSON/workspace/jdk7u7-2-build-macosx-amd64-product/jdk7u7/hotspot/src/share/vm/prims/jvm.cpp:1166
Event: 1.637 Thread 0x00007f88ec003000 Threw 0x00000007e75f2368 at /HUDSON/workspace/jdk7u7-2-build-macosx-amd64-product/jdk7u7/hotspot/src/share/vm/prims/jvm.cpp:1166

Events (10 events):
Event: 1.530 loading class 0x00007f88eb4a2b30
Event: 1.530 loading class 0x00007f88eb4a2b30 done
Event: 1.530 loading class 0x00007f88eb457fc0
Event: 1.530 loading class 0x00007f88eb457fc0 done
Event: 1.530 loading class 0x00007f88eb499250
Event: 1.531 loading class 0x00007f88eb499250 done
Event: 1.616 loading class 0x00007f88eb4aca60
Event: 1.616 loading class 0x00007f88eb4aca60 done
Event: 1.637 loading class 0x00007f88eb458200
Event: 1.637 loading class 0x00007f88eb458200 done


Dynamic libraries:
0x000000000c82a000 	/System/Library/Frameworks/Cocoa.framework/Versions/A/Cocoa
0x000000000c82a000 	/System/Library/Frameworks/Security.framework/Versions/A/Security
0x000000000c82a000 	/System/Library/Frameworks/ApplicationServices.framework/Versions/A/ApplicationServices
0x000000000c82a000 	/usr/lib/libz.1.dylib
0x000000000c82a000 	/usr/lib/libSystem.B.dylib
0x000000000c82a000 	/usr/lib/libobjc.A.dylib
0x000000000c82a000 	/System/Library/Frameworks/CoreFoundation.framework/Versions/A/CoreFoundation
0x000000000c82a000 	/System/Library/Frameworks/AppKit.framework/Versions/C/AppKit
0x000000000c82a000 	/System/Library/Frameworks/CoreData.framework/Versions/A/CoreData
0x000000000c82a000 	/System/Library/Frameworks/Foundation.framework/Versions/C/Foundation
0x000000000c82a000 	/System/Library/PrivateFrameworks/RemoteViewServices.framework/Versions/A/RemoteViewServices
0x000000000c82a000 	/System/Library/Frameworks/AudioToolbox.framework/Versions/A/AudioToolbox
0x000000000c82a000 	/System/Library/Frameworks/AudioUnit.framework/Versions/A/AudioUnit
0x000000000c82a000 	/System/Library/PrivateFrameworks/DataDetectorsCore.framework/Versions/A/DataDetectorsCore
0x000000000c82a000 	/System/Library/PrivateFrameworks/DesktopServicesPriv.framework/Versions/A/DesktopServicesPriv
0x000000000c82a000 	/System/Library/Frameworks/Carbon.framework/Versions/A/Frameworks/HIToolbox.framework/Versions/A/HIToolbox
0x000000000c82a000 	/System/Library/Frameworks/QuartzCore.framework/Versions/A/QuartzCore
0x000000000c82a000 	/System/Library/Frameworks/Carbon.framework/Versions/A/Frameworks/SpeechRecognition.framework/Versions/A/SpeechRecognition
0x000000000c82a000 	/usr/lib/libauto.dylib
0x000000000c82a000 	/usr/lib/libicucore.A.dylib
0x000000000c82a000 	/usr/lib/libxml2.2.dylib
0x000000000c82a000 	/System/Library/PrivateFrameworks/CoreUI.framework/Versions/A/CoreUI
0x000000000c82a000 	/System/Library/Frameworks/CoreAudio.framework/Versions/A/CoreAudio
0x000000000c82a000 	/System/Library/Frameworks/DiskArbitration.framework/Versions/A/DiskArbitration
0x000000000c82a000 	/usr/lib/liblangid.dylib
0x000000000c82a000 	/System/Library/PrivateFrameworks/MultitouchSupport.framework/Versions/A/MultitouchSupport
0x000000000c82a000 	/System/Library/Frameworks/IOKit.framework/Versions/A/IOKit
0x000000000c82a000 	/usr/lib/libDiagnosticMessagesClient.dylib
0x000000000c82a000 	/System/Library/Frameworks/CoreServices.framework/Versions/A/CoreServices
0x000000000c82a000 	/System/Library/PrivateFrameworks/PerformanceAnalysis.framework/Versions/A/PerformanceAnalysis
0x000000000c82a000 	/System/Library/PrivateFrameworks/GenerationalStorage.framework/Versions/A/GenerationalStorage
0x000000000c82a000 	/System/Library/Frameworks/OpenGL.framework/Versions/A/OpenGL
0x000000000c82a000 	/System/Library/PrivateFrameworks/Sharing.framework/Versions/A/Sharing
0x000000000c82a000 	/System/Library/Frameworks/ImageIO.framework/Versions/A/ImageIO
0x000000000c82a000 	/System/Library/Frameworks/CoreText.framework/Versions/A/CoreText
0x000000000c82a000 	/System/Library/Frameworks/CoreGraphics.framework/Versions/A/CoreGraphics
0x000000000c82a000 	/System/Library/PrivateFrameworks/Backup.framework/Versions/A/Backup
0x000000000c82a000 	/System/Library/Frameworks/CFNetwork.framework/Versions/A/CFNetwork
0x000000000c82a000 	/System/Library/Frameworks/SystemConfiguration.framework/Versions/A/SystemConfiguration
0x000000000c82a000 	/usr/lib/libCRFSuite.dylib
0x000000000c82a000 	/usr/lib/libc++.1.dylib
0x000000000c82a000 	/usr/lib/libc++abi.dylib
0x000000000c82a000 	/usr/lib/system/libcache.dylib
0x000000000c82a000 	/usr/lib/system/libcommonCrypto.dylib
0x000000000c82a000 	/usr/lib/system/libcompiler_rt.dylib
0x000000000c82a000 	/usr/lib/system/libcopyfile.dylib
0x000000000c82a000 	/usr/lib/system/libcorecrypto.dylib
0x000000000c82a000 	/usr/lib/system/libdispatch.dylib
0x000000000c82a000 	/usr/lib/system/libdyld.dylib
0x000000000c82a000 	/usr/lib/system/libkeymgr.dylib
0x000000000c82a000 	/usr/lib/system/liblaunch.dylib
0x000000000c82a000 	/usr/lib/system/libmacho.dylib
0x000000000c82a000 	/usr/lib/system/libquarantine.dylib
0x000000000c82a000 	/usr/lib/system/libremovefile.dylib
0x000000000c82a000 	/usr/lib/system/libsystem_asl.dylib
0x000000000c82a000 	/usr/lib/system/libsystem_blocks.dylib
0x000000000c82a000 	/usr/lib/system/libsystem_c.dylib
0x000000000c82a000 	/usr/lib/system/libsystem_configuration.dylib
0x000000000c82a000 	/usr/lib/system/libsystem_dnssd.dylib
0x000000000c82a000 	/usr/lib/system/libsystem_info.dylib
0x000000000c82a000 	/usr/lib/system/libsystem_kernel.dylib
0x000000000c82a000 	/usr/lib/system/libsystem_m.dylib
0x000000000c82a000 	/usr/lib/system/libsystem_malloc.dylib
0x000000000c82a000 	/usr/lib/system/libsystem_network.dylib
0x000000000c82a000 	/usr/lib/system/libsystem_notify.dylib
0x000000000c82a000 	/usr/lib/system/libsystem_platform.dylib
0x000000000c82a000 	/usr/lib/system/libsystem_pthread.dylib
0x000000000c82a000 	/usr/lib/system/libsystem_sandbox.dylib
0x000000000c82a000 	/usr/lib/system/libsystem_stats.dylib
0x000000000c82a000 	/usr/lib/system/libunc.dylib
0x000000000c82a000 	/usr/lib/system/libunwind.dylib
0x000000000c82a000 	/usr/lib/system/libxpc.dylib
0x000000000c82a000 	/usr/lib/libbsm.0.dylib
0x000000000c82a000 	/usr/lib/libsqlite3.dylib
0x000000000c82a000 	/usr/lib/libxar.1.dylib
0x000000000c82a000 	/usr/lib/libpam.2.dylib
0x000000000c82a000 	/usr/lib/libOpenScriptingUtil.dylib
0x000000000c82a000 	/usr/lib/libbz2.1.0.dylib
0x000000000c82a000 	/System/Library/Frameworks/CoreServices.framework/Versions/A/Frameworks/CarbonCore.framework/Versions/A/CarbonCore
0x000000000c82a000 	/System/Library/Frameworks/CoreServices.framework/Versions/A/Frameworks/Metadata.framework/Versions/A/Metadata
0x000000000c82a000 	/System/Library/Frameworks/CoreServices.framework/Versions/A/Frameworks/OSServices.framework/Versions/A/OSServices
0x000000000c82a000 	/System/Library/Frameworks/CoreServices.framework/Versions/A/Frameworks/SearchKit.framework/Versions/A/SearchKit
0x000000000c82a000 	/System/Library/Frameworks/CoreServices.framework/Versions/A/Frameworks/AE.framework/Versions/A/AE
0x000000000c82a000 	/System/Library/Frameworks/CoreServices.framework/Versions/A/Frameworks/LaunchServices.framework/Versions/A/LaunchServices
0x000000000c82a000 	/System/Library/Frameworks/CoreServices.framework/Versions/A/Frameworks/DictionaryServices.framework/Versions/A/DictionaryServices
0x000000000c82a000 	/System/Library/Frameworks/NetFS.framework/Versions/A/NetFS
0x000000000c82a000 	/usr/lib/system/libkxld.dylib
0x000000000c82a000 	/System/Library/PrivateFrameworks/NetAuth.framework/Versions/A/NetAuth
0x000000000c82a000 	/System/Library/PrivateFrameworks/TCC.framework/Versions/A/TCC
0x000000000c82a000 	/System/Library/Frameworks/OpenDirectory.framework/Versions/A/Frameworks/CFOpenDirectory.framework/Versions/A/CFOpenDirectory
0x000000000c82a000 	/System/Library/Frameworks/ServiceManagement.framework/Versions/A/ServiceManagement
0x000000000c82a000 	/usr/lib/libxslt.1.dylib
0x000000000c82a000 	/System/Library/Frameworks/Carbon.framework/Versions/A/Frameworks/Ink.framework/Versions/A/Ink
0x000000000c82a000 	/System/Library/Frameworks/ApplicationServices.framework/Versions/A/Frameworks/ATS.framework/Versions/A/ATS
0x000000000c82a000 	/System/Library/Frameworks/ApplicationServices.framework/Versions/A/Frameworks/ColorSync.framework/Versions/A/ColorSync
0x000000000c82a000 	/System/Library/Frameworks/ApplicationServices.framework/Versions/A/Frameworks/HIServices.framework/Versions/A/HIServices
0x000000000c82a000 	/System/Library/Frameworks/ApplicationServices.framework/Versions/A/Frameworks/LangAnalysis.framework/Versions/A/LangAnalysis
0x000000000c82a000 	/System/Library/Frameworks/ApplicationServices.framework/Versions/A/Frameworks/PrintCore.framework/Versions/A/PrintCore
0x000000000c82a000 	/System/Library/Frameworks/ApplicationServices.framework/Versions/A/Frameworks/QD.framework/Versions/A/QD
0x000000000c82a000 	/System/Library/Frameworks/ApplicationServices.framework/Versions/A/Frameworks/SpeechSynthesis.framework/Versions/A/SpeechSynthesis
0x000000000c82a000 	/System/Library/Frameworks/IOSurface.framework/Versions/A/IOSurface
0x000000000c82a000 	/System/Library/Frameworks/Accelerate.framework/Versions/A/Accelerate
0x000000000c82a000 	/System/Library/Frameworks/Accelerate.framework/Versions/A/Frameworks/vImage.framework/Versions/A/vImage
0x000000000c82a000 	/System/Library/Frameworks/Accelerate.framework/Versions/A/Frameworks/vecLib.framework/Versions/A/vecLib
0x000000000c82a000 	/System/Library/Frameworks/Accelerate.framework/Versions/A/Frameworks/vecLib.framework/Versions/A/libvDSP.dylib
0x000000000c82a000 	/System/Library/Frameworks/Accelerate.framework/Versions/A/Frameworks/vecLib.framework/Versions/A/libvMisc.dylib
0x000000000c82a000 	/System/Library/Frameworks/Accelerate.framework/Versions/A/Frameworks/vecLib.framework/Versions/A/libLAPACK.dylib
0x000000000c82a000 	/System/Library/Frameworks/Accelerate.framework/Versions/A/Frameworks/vecLib.framework/Versions/A/libBLAS.dylib
0x000000000c82a000 	/System/Library/Frameworks/ApplicationServices.framework/Versions/A/Frameworks/ATS.framework/Versions/A/Resources/libFontParser.dylib
0x000000000c82a000 	/System/Library/Frameworks/ApplicationServices.framework/Versions/A/Frameworks/ATS.framework/Versions/A/Resources/libFontRegistry.dylib
0x000000000c82a000 	/System/Library/Frameworks/ImageIO.framework/Versions/A/Resources/libJPEG.dylib
0x000000000c82a000 	/System/Library/Frameworks/ImageIO.framework/Versions/A/Resources/libTIFF.dylib
0x000000000c82a000 	/System/Library/Frameworks/ImageIO.framework/Versions/A/Resources/libPng.dylib
0x000000000c82a000 	/System/Library/Frameworks/ImageIO.framework/Versions/A/Resources/libGIF.dylib
0x000000000c82a000 	/System/Library/Frameworks/ImageIO.framework/Versions/A/Resources/libJP2.dylib
0x000000000c82a000 	/System/Library/Frameworks/ImageIO.framework/Versions/A/Resources/libRadiance.dylib
0x000000000c82a000 	/usr/lib/libcups.2.dylib
0x000000000c82a000 	/System/Library/Frameworks/Kerberos.framework/Versions/A/Kerberos
0x000000000c82a000 	/System/Library/Frameworks/GSS.framework/Versions/A/GSS
0x000000000c82a000 	/usr/lib/libresolv.9.dylib
0x000000000c82a000 	/usr/lib/libiconv.2.dylib
0x000000000c82a000 	/System/Library/PrivateFrameworks/Heimdal.framework/Versions/A/Heimdal
0x000000000c82a000 	/System/Library/PrivateFrameworks/TrustEvaluationAgent.framework/Versions/A/TrustEvaluationAgent
0x000000000c82a000 	/usr/lib/libheimdal-asn1.dylib
0x000000000c82a000 	/System/Library/Frameworks/OpenDirectory.framework/Versions/A/OpenDirectory
0x000000000c82a000 	/System/Library/PrivateFrameworks/CommonAuth.framework/Versions/A/CommonAuth
0x000000000c82a000 	/System/Library/Frameworks/SecurityFoundation.framework/Versions/A/SecurityFoundation
0x000000000c82a000 	/System/Library/PrivateFrameworks/Bom.framework/Versions/A/Bom
0x000000000c82a000 	/System/Library/Frameworks/CoreVideo.framework/Versions/A/CoreVideo
0x000000000c82a000 	/System/Library/Frameworks/QuartzCore.framework/Versions/A/Frameworks/CoreImage.framework/Versions/A/CoreImage
0x000000000c82a000 	/System/Library/Frameworks/QuartzCore.framework/Versions/A/Frameworks/ScalableUserInterface.framework/Versions/A/ScalableUserInterface
0x000000000c82a000 	/System/Library/Frameworks/OpenGL.framework/Versions/A/Libraries/libGLU.dylib
0x000000000c82a000 	/System/Library/Frameworks/OpenGL.framework/Versions/A/Libraries/libGFXShared.dylib
0x000000000c82a000 	/System/Library/Frameworks/OpenGL.framework/Versions/A/Libraries/libGL.dylib
0x000000000c82a000 	/System/Library/Frameworks/OpenGL.framework/Versions/A/Libraries/libGLImage.dylib
0x000000000c82a000 	/System/Library/Frameworks/OpenGL.framework/Versions/A/Libraries/libCVMSPluginSupport.dylib
0x000000000c82a000 	/System/Library/Frameworks/OpenGL.framework/Versions/A/Libraries/libCoreVMClient.dylib
0x000000000c82a000 	/System/Library/PrivateFrameworks/FaceCore.framework/Versions/A/FaceCore
0x000000000c82a000 	/System/Library/PrivateFrameworks/CrashReporterSupport.framework/Versions/A/CrashReporterSupport
0x000000000c82a000 	/System/Library/Frameworks/OpenCL.framework/Versions/A/OpenCL
0x000000000c82a000 	/System/Library/PrivateFrameworks/AppleFSCompression.framework/Versions/A/AppleFSCompression
0x000000000c82a000 	/System/Library/PrivateFrameworks/Ubiquity.framework/Versions/A/Ubiquity
0x000000000c82a000 	/System/Library/PrivateFrameworks/IconServices.framework/Versions/A/IconServices
0x000000000c82a000 	/System/Library/PrivateFrameworks/ChunkingLibrary.framework/Versions/A/ChunkingLibrary
0x000000000c82a000 	/System/Library/PrivateFrameworks/CoreSymbolication.framework/Versions/A/CoreSymbolication
0x000000000c82a000 	/System/Library/PrivateFrameworks/Symbolication.framework/Versions/A/Symbolication
0x000000000c82a000 	/System/Library/PrivateFrameworks/DebugSymbols.framework/Versions/A/DebugSymbols
0x0000000102800000 	/Library/Java/JavaVirtualMachines/jdk1.7.0_07.jdk/Contents/Home/jre/lib/server/libjvm.dylib
0x000000000c82a000 	/usr/lib/libstdc++.6.dylib
0x0000000101f4b000 	/Library/Java/JavaVirtualMachines/jdk1.7.0_07.jdk/Contents/Home/jre/lib/libverify.dylib
0x0000000101f58000 	/Library/Java/JavaVirtualMachines/jdk1.7.0_07.jdk/Contents/Home/jre/lib/libjava.dylib
0x0000000101f92000 	/Library/Java/JavaVirtualMachines/jdk1.7.0_07.jdk/Contents/Home/jre/lib/libzip.dylib
0x0000000106afb000 	/System/Library/Frameworks/JavaVM.framework/Frameworks/JavaRuntimeSupport.framework/JavaRuntimeSupport
0x0000000106b13000 	/System/Library/Frameworks/JavaVM.framework/Versions/A/Frameworks/JavaNativeFoundation.framework/Versions/A/JavaNativeFoundation
0x0000000101fee000 	/System/Library/Frameworks/JavaVM.framework/Versions/A/JavaVM
0x000000000c82a000 	/System/Library/Frameworks/Carbon.framework/Versions/A/Carbon
0x0000000106b28000 	/System/Library/PrivateFrameworks/JavaLaunching.framework/Versions/A/JavaLaunching
0x000000000c82a000 	/System/Library/Frameworks/Carbon.framework/Versions/A/Frameworks/CommonPanels.framework/Versions/A/CommonPanels
0x000000000c82a000 	/System/Library/Frameworks/Carbon.framework/Versions/A/Frameworks/Help.framework/Versions/A/Help
0x000000000c82a000 	/System/Library/Frameworks/Carbon.framework/Versions/A/Frameworks/ImageCapture.framework/Versions/A/ImageCapture
0x000000000c82a000 	/System/Library/Frameworks/Carbon.framework/Versions/A/Frameworks/OpenScripting.framework/Versions/A/OpenScripting
0x000000000c82a000 	/System/Library/Frameworks/Carbon.framework/Versions/A/Frameworks/Print.framework/Versions/A/Print
0x000000000c82a000 	/System/Library/Frameworks/Carbon.framework/Versions/A/Frameworks/SecurityHI.framework/Versions/A/SecurityHI
0x000000010719e000 	/Library/Java/JavaVirtualMachines/jdk1.7.0_07.jdk/Contents/Home/jre/lib/libawt.dylib
0x000000010724d000 	/Library/Java/JavaVirtualMachines/jdk1.7.0_07.jdk/Contents/Home/jre/lib/./libmlib_image.dylib
0x0000000107319000 	/Library/Java/JavaVirtualMachines/jdk1.7.0_07.jdk/Contents/Home/jre/lib/lwawt/liblwawt.dylib
0x00000001073cb000 	/Library/Java/JavaVirtualMachines/jdk1.7.0_07.jdk/Contents/Home/jre/lib/libosxapp.dylib
0x000000000c82a000 	/System/Library/Frameworks/ExceptionHandling.framework/Versions/A/ExceptionHandling
0x000000000c82a000 	/System/Library/PrivateFrameworks/CoreServicesInternal.framework/Versions/A/CoreServicesInternal
0x000000000c82a000 	/System/Library/PrivateFrameworks/Librarian.framework/Versions/A/Librarian
0x000000000c82a000 	/System/Library/Frameworks/CoreGraphics.framework/Versions/A/Resources/libCGCMS.A.dylib
0x000000000c82a000 	/System/Library/Frameworks/CoreGraphics.framework/Versions/A/Resources/libRIP.A.dylib
0x000000000c82a000 	/System/Library/Frameworks/CoreGraphics.framework/Versions/A/Resources/libCGXType.A.dylib
0x000000000c82a000 	/System/Library/PrivateFrameworks/FamilyControls.framework/Versions/A/FamilyControls
0x000000000c82a000 	/System/Library/PrivateFrameworks/CommerceKit.framework/Versions/A/Frameworks/CommerceCore.framework/Versions/A/CommerceCore
0x000000000c82a000 	/System/Library/PrivateFrameworks/SystemAdministration.framework/Versions/A/SystemAdministration
0x000000000c82a000 	/System/Library/Frameworks/DirectoryService.framework/Versions/A/DirectoryService
0x000000000c82a000 	/System/Library/PrivateFrameworks/DiskImages.framework/Versions/A/DiskImages
0x000000000c82a000 	/System/Library/PrivateFrameworks/LoginUIKit.framework/Versions/A/Frameworks/LoginUICore.framework/Versions/A/LoginUICore
0x000000000c82a000 	/usr/lib/libCoreStorage.dylib
0x000000000c82a000 	/usr/lib/libcsfde.dylib
0x000000000c82a000 	/usr/lib/libodfde.dylib
0x000000000c82a000 	/System/Library/Frameworks/DiscRecording.framework/Versions/A/DiscRecording
0x000000000c82a000 	/usr/lib/libcurl.4.dylib
0x000000000c82a000 	/System/Library/PrivateFrameworks/MediaKit.framework/Versions/A/MediaKit
0x000000000c82a000 	/System/Library/PrivateFrameworks/EFILogin.framework/Versions/A/EFILogin
0x000000000c82a000 	/usr/lib/libutil.dylib
0x000000000c82a000 	/System/Library/PrivateFrameworks/AOSNotification.framework/Versions/A/AOSNotification
0x000000000c82a000 	/System/Library/Frameworks/LDAP.framework/Versions/A/LDAP
0x000000000c82a000 	/usr/lib/libsasl2.2.dylib
0x000000000c82a000 	/usr/lib/libcrypto.0.9.8.dylib
0x000000000c82a000 	/usr/lib/libssl.0.9.8.dylib
0x000000010b592000 	/Library/Java/JavaVirtualMachines/jdk1.7.0_07.jdk/Contents/Home/jre/lib/libfontmanager.dylib
0x000000010b5de000 	/Users/eashaan/eclipse-and-more/repositories/Games/OtherProjects/native/macosx/liblwjgl.jnilib
0x0000000108edb000 	/Library/Java/JavaVirtualMachines/jdk1.7.0_07.jdk/Contents/Home/jre/lib/libjawt.dylib
0x000000000c82a000 	/System/Library/Frameworks/OpenGL.framework/Versions/A/Resources/GLEngine.bundle/GLEngine
0x000000000c82a000 	/System/Library/Frameworks/OpenGL.framework/Versions/A/Libraries/libGLProgrammability.dylib
0x0000000000000000 	/System/Library/Extensions/AMDRadeonX3000GLDriver.bundle/Contents/MacOS/AMDRadeonX3000GLDriver
0x000000000c82a000 	/System/Library/PrivateFrameworks/IOAccelerator.framework/Versions/A/IOAccelerator
0x000000000c82a000 	/System/Library/PrivateFrameworks/GPUSupport.framework/Versions/A/Libraries/libGPUSupportMercury.dylib
0x000000000c82a000 	/System/Library/Frameworks/OpenGL.framework/Versions/A/Resources/GLRendererFloat.bundle/GLRendererFloat
0x000000000c82a000 	/System/Library/Frameworks/OpenCL.framework/Versions/A/Libraries/libcldcpuengine.dylib

VM Arguments:
jvm_args: -Djava.library.path=/Users/eashaan/eclipse-and-more/repositories/Games/OtherProjects/native/macosx -Dfile.encoding=US-ASCII 
java_command: game.Main
Launcher Type: SUN_STANDARD

Environment Variables:
PATH=/usr/bin:/bin:/usr/sbin:/sbin
SHELL=/bin/bash

Signal Handlers:
SIGSEGV: [libjvm.dylib+0x4a3a1d], sa_mask[0]=0xfffefeff, sa_flags=0x00000042
SIGBUS: [libjvm.dylib+0x4a3a1d], sa_mask[0]=0xfffefeff, sa_flags=0x00000042
SIGFPE: [libjvm.dylib+0x3b3431], sa_mask[0]=0xfffefeff, sa_flags=0x00000042
SIGPIPE: [libjvm.dylib+0x3b3431], sa_mask[0]=0xfffefeff, sa_flags=0x00000042
SIGXFSZ: [libjvm.dylib+0x3b3431], sa_mask[0]=0xfffefeff, sa_flags=0x00000042
SIGILL: [libjvm.dylib+0x3b3431], sa_mask[0]=0xfffefeff, sa_flags=0x00000042
SIGUSR1: SIG_DFL, sa_mask[0]=0x00000000, sa_flags=0x00000002
SIGUSR2: [libjvm.dylib+0x3b2fca], sa_mask[0]=0x00000004, sa_flags=0x00000042
SIGHUP: [libjvm.dylib+0x3b122b], sa_mask[0]=0xfffefeff, sa_flags=0x00000042
SIGINT: [libjvm.dylib+0x3b122b], sa_mask[0]=0xfffefeff, sa_flags=0x00000042
SIGTERM: [libjvm.dylib+0x3b122b], sa_mask[0]=0xfffefeff, sa_flags=0x00000042
SIGQUIT: [libjvm.dylib+0x3b122b], sa_mask[0]=0xfffefeff, sa_flags=0x00000042


---------------  S Y S T E M  ---------------

OS:Bsduname:Darwin 13.4.0 Darwin Kernel Version 13.4.0: Sun Aug 17 19:50:11 PDT 2014; root:xnu-2422.115.4~1/RELEASE_X86_64 x86_64
rlimit: STACK 8192k, CORE 0k, NPROC 709, NOFILE 10240, AS infinity
load average:1.39 1.29 1.11

CPU:total 4 (4 cores per cpu, 1 threads per core) family 6 model 42 stepping 7, cmov, cx8, fxsr, mmx, sse, sse2, sse3, ssse3, sse4.1, sse4.2, popcnt, avx, tsc, tscinvbit

Memory: 4k page, physical 1285856k(321464k free)

/proc/meminfo:


vm_info: Java HotSpot(TM) 64-Bit Server VM (23.3-b01) for bsd-amd64 JRE (1.7.0_07-b10), built on Aug 28 2012 18:14:29 by "java_re" with gcc 4.2.1 (Based on Apple Inc. build 5658) (LLVM build 2336.9.00)

time: Sun Oct 19 20:37:52 2014
elapsed time: 1 seconds

