#
# A fatal error has been detected by the Java Runtime Environment:
#
#  SIGSEGV (0xb) at pc=0x00007fff8e1e48f2, pid=7208, tid=1299
#
# JRE version: 7.0_07-b10
# Java VM: Java HotSpot(TM) 64-Bit Server VM (23.3-b01 mixed mode bsd-amd64 compressed oops)
# Problematic frame:
# C  [libGPUSupportMercury.dylib+0xb8f2]  gldAttachDrawable+0x60
#
# Failed to write core dump. Core dumps have been disabled. To enable core dumping, try "ulimit -c unlimited" before starting Java again
#
# If you would like to submit a bug report, please visit:
#   http://bugreport.sun.com/bugreport/crash.jsp
# The crash happened outside the Java Virtual Machine in native code.
# See problematic frame for where to report the bug.
#

---------------  T H R E A D  ---------------

Current thread (0x00007facf1100000):  JavaThread "AppKit Thread" daemon [_thread_in_native, id=1299, stack(0x00007fff590a2000,0x00007fff59122000)]

siginfo:si_signo=SIGSEGV: si_errno=0, si_code=0 (SEGV0), si_addr=0x0000000000000000

Registers:
RAX=0x5000000000000000, RBX=0x000000000000271e, RCX=0x0000000000000000, RDX=0x00007facf0d5a008
RSP=0x00007fff5911c560, RBP=0x00007fff5911c660, RSI=0x0000000000000050, RDI=0x00007fff7e024070
R8 =0x00007facf4009e60, R9 =0x00007facf3800000, R10=0x000000000000003c, R11=0x0000000000000206
R12=0x0000000000002718, R13=0x00007facf2088400, R14=0x0000000000000050, R15=0x0000000000000000
RIP=0x00007fff8e1e48f2, EFLAGS=0x0000000000010212, ERR=0x0000000000000000
  TRAPNO=0x000000000000000d

Top of Stack: (sp=0x00007fff5911c560)
0x00007fff5911c560:   00007fff5911c5d4 00007facf0c67100
0x00007fff5911c570:   ffffffffffffffff 0000206000000040
0x00007fff5911c580:   00007facf0c67118 00007fff91dc369f
0x00007fff5911c590:   0000000000000000 5000000000000000
0x00007fff5911c5a0:   0000000300000003 00007fff5911c6e8
0x00007fff5911c5b0:   00007fff5911c674 0000000000018e17
0x00007fff5911c5c0:   00007fff5911c66c 00007fff5911c670
0x00007fff5911c5d0:   00007fff5911c650 00007fff9aa7c168
0x00007fff5911c5e0:   0000000000000000 00000000000005fa
0x00007fff5911c5f0:   0000003400001200 0000020b00000000
0x00007fff5911c600:   00007fff5911c630 00007fff9aa2c03c
0x00007fff5911c610:   00007fff5911c660 00000000000005fa
0x00007fff5911c620:   00000000042801c0 000000003feb6e4b
0x00007fff5911c630:   0f005a06993607d4 00007facf4000000
0x00007fff5911c640:   0000000000002718 0000000000000000
0x00007fff5911c650:   0000000000000050 0000000000000000
0x00007fff5911c660:   00007fff5911c6b0 00007fff991e07e4
0x00007fff5911c670:   00007facf4009e60 0000000000000000
0x00007fff5911c680:   00007facf0d5a008 00007facf0e47650
0x00007fff5911c690:   0000000000000000 00007facf2080750
0x00007fff5911c6a0:   00007facf207e800 00007fff7e024070
0x00007fff5911c6b0:   00007fff5911c7a0 00007fff8d3237ac
0x00007fff5911c6c0:   4096800000000000 408b800000000000
0x00007fff5911c6d0:   4072a00000000000 4089000000000000
0x00007fff5911c6e0:   4089b00000000000 0000000000000000
0x00007fff5911c6f0:   4036000000000000 4089000000000000
0x00007fff5911c700:   4089000000000000 0000000000000000
0x00007fff5911c710:   0000000000000000 0000000000000001
0x00007fff5911c720:   00007facf0d5a008 0000000000000001
0x00007fff5911c730:   00007fff5911c7a0 00007fff8d32864c
0x00007fff5911c740:   0000000100000003 00007facf2080750
0x00007fff5911c750:   00007facf2080688 000000029b7fffff 

Instructions: (pc=0x00007fff8e1e48f2)
0x00007fff8e1e48d2:   48 85 d2 b8 01 00 00 00 bb 15 27 00 00 0f 44 d8
0x00007fff8e1e48e2:   e9 7f 01 00 00 49 8b 45 08 48 89 85 38 ff ff ff
0x00007fff8e1e48f2:   48 8b 00 48 89 85 30 ff ff ff 83 fe 4f 0f 8f fd
0x00007fff8e1e4902:   00 00 00 48 89 d0 bb 15 27 00 00 83 fe 35 0f 84 

Register to memory mapping:

RAX=0x5000000000000000 is an unknown value
RBX=0x000000000000271e is an unknown value
RCX=0x0000000000000000 is an unknown value
RDX=0x00007facf0d5a008 is an unknown value
RSP=0x00007fff5911c560 is pointing into the stack for thread: 0x00007facf1100000
RBP=0x00007fff5911c660 is pointing into the stack for thread: 0x00007facf1100000
RSI=0x0000000000000050 is an unknown value
RDI=0x00007fff7e024070: __stack_chk_guard+0 in /usr/lib/system/libsystem_c.dylib at 0x00007fff988c9000
R8 =0x00007facf4009e60 is an unknown value
R9 =0x00007facf3800000 is an unknown value
R10=0x000000000000003c is an unknown value
R11=0x0000000000000206 is an unknown value
R12=0x0000000000002718 is an unknown value
R13=0x00007facf2088400 is an unknown value
R14=0x0000000000000050 is an unknown value
R15=0x0000000000000000 is an unknown value


Stack: [0x00007fff590a2000,0x00007fff59122000],  sp=0x00007fff5911c560,  free space=489k
Native frames: (J=compiled Java code, j=interpreted, Vv=VM code, C=native code)
C  [libGPUSupportMercury.dylib+0xb8f2]  gldAttachDrawable+0x60
C  [GLEngine+0x167e4]  gliAttachDrawableWithOptions+0x101
C  [OpenGL+0x37ac]  glcGetIOAccelService+0xe03
C  [OpenGL+0x73f3]  CGLSetPBuffer+0xb90
C  [OpenGL+0x7716]  CGLSetSurface+0x124
C  [AppKit+0x57bf47]  NSOpenGLContextAttachOnScreenViewSurface+0x109
C  [AppKit+0x2c66ab]  -[NSOpenGLContext setView:]+0x83
C  [liblwjgl.jnilib+0x9f3e]  -[MacOSXOpenGLView lockFocus]+0x6e
C  [AppKit+0x14e775]  -[NSView _recursiveDisplayRectIfNeededIgnoringOpacity:isVisibleRect:rectIsVisibleRectForView:topView:]+0x740
C  [AppKit+0x14f7d0]  -[NSView _recursiveDisplayRectIfNeededIgnoringOpacity:isVisibleRect:rectIsVisibleRectForView:topView:]+0x179b
C  [AppKit+0x14db23]  -[NSThemeFrame _recursiveDisplayRectIfNeededIgnoringOpacity:isVisibleRect:rectIsVisibleRectForView:topView:]+0x14d
C  [AppKit+0x14a67b]  -[NSView _displayRectIgnoringOpacity:isVisibleRect:rectIsVisibleRectForView:]+0xac9
C  [AppKit+0x12907a]  -[NSView displayIfNeeded]+0x754
C  [AppKit+0x146575]  -[NSWindow displayIfNeeded]+0xe8
C  [AppKit+0x183772]  _handleWindowNeedsDisplayOrLayoutOrUpdateConstraints+0x3a8
C  [AppKit+0x748cf1]  __83-[NSWindow _postWindowNeedsDisplayOrLayoutOrUpdateConstraintsUnlessPostingDisabled]_block_invoke1523+0x2e
C  [CoreFoundation+0x7fd87]  __CFRUNLOOP_IS_CALLING_OUT_TO_AN_OBSERVER_CALLBACK_FUNCTION__+0x17
C  [CoreFoundation+0x7fce0]  __CFRunLoopDoObservers+0x170
C  [CoreFoundation+0x71de8]  __CFRunLoopRun+0x368
C  [CoreFoundation+0x71838]  CFRunLoopRunSpecific+0x128
C  [HIToolbox+0x2e43f]  RunCurrentEventLoopInMode+0xeb
C  [HIToolbox+0x2e0be]  ReceiveNextEventCommon+0xb3
C  [HIToolbox+0x2dffb]  _BlockUntilNextEventMatchingListInModeWithFilter+0x47
C  [AppKit+0x246d1]  _DPSNextEvent+0x3c4
C  [AppKit+0x23e80]  -[NSApplication nextEventMatchingMask:untilDate:inMode:dequeue:]+0xc2
C  [libosxapp.dylib+0x1b56]  -[NSApplicationAWT nextEventMatchingMask:untilDate:inMode:dequeue:]+0x7c
C  [AppKit+0x17e23]  -[NSApplication run]+0x252
C  [libosxapp.dylib+0x19b9]  +[NSApplicationAWT runAWTLoopWithApp:]+0x9c
C  [liblwawt.dylib+0xda5a]  -[AWTStarter starter:]+0x637
C  [Foundation+0x65f4c]  __NSThreadPerformPerform+0x125
C  [CoreFoundation+0x80661]  __CFRUNLOOP_IS_CALLING_OUT_TO_A_SOURCE0_PERFORM_FUNCTION__+0x11
C  [CoreFoundation+0x727ed]  __CFRunLoopDoSources0+0x10d
C  [CoreFoundation+0x71e1f]  __CFRunLoopRun+0x39f
C  [CoreFoundation+0x71838]  CFRunLoopRunSpecific+0x128
C  [java+0x74bc]  CreateExecutionEnvironment+0x367
C  [java+0x1cac]  JLI_Launch+0x7a0
C  [java+0x7819]  main+0x65
C  [java+0x1504]  start+0x34


---------------  P R O C E S S  ---------------

Java Threads: ( => current thread )
  0x00007facf2036000 JavaThread "AWT-Shutdown" [_thread_blocked, id=15367, stack(0x000000010d78b000,0x000000010d88b000)]
=>0x00007facf1100000 JavaThread "AppKit Thread" daemon [_thread_in_native, id=1299, stack(0x00007fff590a2000,0x00007fff59122000)]
  0x00007facf2020800 JavaThread "Service Thread" daemon [_thread_blocked, id=13827, stack(0x000000010d2dc000,0x000000010d3dc000)]
  0x00007facf2020000 JavaThread "C2 CompilerThread1" daemon [_thread_blocked, id=13571, stack(0x000000010d1d9000,0x000000010d2d9000)]
  0x00007facf2017000 JavaThread "C2 CompilerThread0" daemon [_thread_blocked, id=13319, stack(0x000000010d0d6000,0x000000010d1d6000)]
  0x00007facf1054800 JavaThread "Signal Dispatcher" daemon [_thread_blocked, id=9495, stack(0x000000010cfd3000,0x000000010d0d3000)]
  0x00007facf104f800 JavaThread "Finalizer" daemon [_thread_blocked, id=8707, stack(0x000000010b689000,0x000000010b789000)]
  0x00007facf1049800 JavaThread "Reference Handler" daemon [_thread_blocked, id=8451, stack(0x000000010b586000,0x000000010b686000)]
  0x00007facf1802800 JavaThread "main" [_thread_in_native, id=4355, stack(0x0000000107ea8000,0x0000000107fa8000)]

Other Threads:
  0x00007facf2010800 VMThread [stack: 0x000000010b483000,0x000000010b583000] [id=8195]
  0x00007facf201f800 WatcherThread [stack: 0x000000010d3df000,0x000000010d4df000] [id=14083]

VM state:not at safepoint (normal execution)

VM Mutex/Monitor currently owned by a thread: None

Heap
 def new generation   total 5952K, used 4193K [0x00000007e7800000, 0x00000007e7e70000, 0x00000007edf50000)
  eden space 5312K,  78% used [0x00000007e7800000, 0x00000007e7c18560, 0x00000007e7d30000)
  from space 640K,   0% used [0x00000007e7d30000, 0x00000007e7d30000, 0x00000007e7dd0000)
  to   space 640K,   0% used [0x00000007e7dd0000, 0x00000007e7dd0000, 0x00000007e7e70000)
 tenured generation   total 13248K, used 0K [0x00000007edf50000, 0x00000007eec40000, 0x00000007fae00000)
   the space 13248K,   0% used [0x00000007edf50000, 0x00000007edf50000, 0x00000007edf50200, 0x00000007eec40000)
 compacting perm gen  total 21248K, used 4856K [0x00000007fae00000, 0x00000007fc2c0000, 0x0000000800000000)
   the space 21248K,  22% used [0x00000007fae00000, 0x00000007fb2be2c0, 0x00000007fb2be400, 0x00000007fc2c0000)
No shared spaces configured.

Card table byte_map: [0x000000010b0ab000,0x000000010b170000] byte_map_base: 0x000000010716f000

Polling page: 0x0000000106bfd000

Code Cache  [0x0000000107feb000, 0x000000010825b000, 0x000000010afeb000)
 total_blobs=300 nmethods=32 adapters=221 free_code_cache=48689Kb largest_free_block=49839296

Compilation events (10 events):
Event: 2.608 Thread 0x00007facf2020000 nmethod 24 0x000000010805d990 code [0x000000010805dac0, 0x000000010805db38]
Event: 2.608 Thread 0x00007facf2020000   27             org.lwjgl.Sys::getTimerResolution (9 bytes)
Event: 2.608 Thread 0x00007facf2017000 nmethod 26 0x000000010805b610 code [0x000000010805b740, 0x000000010805b7b8]
Event: 2.608 Thread 0x00007facf2017000   28             org.lwjgl.DefaultSysImplementation::getTimerResolution (4 bytes)
Event: 2.608 Thread 0x00007facf2020000 nmethod 27 0x000000010804ced0 code [0x000000010804d000, 0x000000010804d038]
Event: 2.608 Thread 0x00007facf2020000   29             org.lwjgl.opengl.Sync$RunningAvg::add (38 bytes)
Event: 2.608 Thread 0x00007facf2017000 nmethod 28 0x000000010805b410 code [0x000000010805b540, 0x000000010805b598]
Event: 2.609 Thread 0x00007facf2020000 nmethod 29 0x000000010805b0d0 code [0x000000010805b220, 0x000000010805b318]
Event: 2.611 Thread 0x00007facf2017000   31   !         org.lwjgl.opengl.Sync::sync (125 bytes)
Event: 2.621 Thread 0x00007facf2017000 nmethod 31 0x0000000108062110 code [0x0000000108062300, 0x0000000108062c70]

GC Heap History (0 events):
No events

Deoptimization events (0 events):
No events

Internal exceptions (10 events):
Event: 1.966 Thread 0x00007facf1802800 Threw 0x00000007e7b327e0 at /HUDSON/workspace/jdk7u7-2-build-macosx-amd64-product/jdk7u7/hotspot/src/share/vm/prims/jvm.cpp:1166
Event: 1.966 Thread 0x00007facf1802800 Threw 0x00000007e7b37450 at /HUDSON/workspace/jdk7u7-2-build-macosx-amd64-product/jdk7u7/hotspot/src/share/vm/prims/jvm.cpp:1166
Event: 1.967 Thread 0x00007facf1802800 Threw 0x00000007e7b3c598 at /HUDSON/workspace/jdk7u7-2-build-macosx-amd64-product/jdk7u7/hotspot/src/share/vm/prims/jvm.cpp:1166
Event: 1.973 Thread 0x00007facf1802800 Threw 0x00000007e7b453b8 at /HUDSON/workspace/jdk7u7-2-build-macosx-amd64-product/jdk7u7/hotspot/src/share/vm/prims/jvm.cpp:1166
Event: 1.974 Thread 0x00007facf1802800 Threw 0x00000007e7b7ea90 at /HUDSON/workspace/jdk7u7-2-build-macosx-amd64-product/jdk7u7/hotspot/src/share/vm/prims/jvm.cpp:1166
Event: 2.019 Thread 0x00007facf1802800 Threw 0x00000007e7beb448 at /HUDSON/workspace/jdk7u7-2-build-macosx-amd64-product/jdk7u7/hotspot/src/share/vm/prims/jvm.cpp:1166
Event: 2.023 Thread 0x00007facf1802800 Threw 0x00000007e7bf2960 at /HUDSON/workspace/jdk7u7-2-build-macosx-amd64-product/jdk7u7/hotspot/src/share/vm/prims/jvm.cpp:1166
Event: 2.024 Thread 0x00007facf1802800 Threw 0x00000007e7bf9c80 at /HUDSON/workspace/jdk7u7-2-build-macosx-amd64-product/jdk7u7/hotspot/src/share/vm/prims/jvm.cpp:1166
Event: 2.024 Thread 0x00007facf1802800 Threw 0x00000007e7bfeff0 at /HUDSON/workspace/jdk7u7-2-build-macosx-amd64-product/jdk7u7/hotspot/src/share/vm/prims/jvm.cpp:1166
Event: 3.877 Thread 0x00007facf1802800 Threw 0x00000007e7c04788 at /HUDSON/workspace/jdk7u7-2-build-macosx-amd64-product/jdk7u7/hotspot/src/share/vm/prims/jvm.cpp:1166

Events (10 events):
Event: 2.022 loading class 0x00007facf0c18a70
Event: 2.022 loading class 0x00007facf0c18a70 done
Event: 2.023 loading class 0x00007facf0e28d70
Event: 2.023 loading class 0x00007facf0e28d70 done
Event: 2.024 loading class 0x00007facf0e28d00
Event: 2.024 loading class 0x00007facf0e28d00 done
Event: 2.024 loading class 0x00007facf0d75310
Event: 2.024 loading class 0x00007facf0d75310 done
Event: 3.877 loading class 0x00007facf0caed90
Event: 3.877 loading class 0x00007facf0caed90 done


Dynamic libraries:
0x000000000c2fd000 	/System/Library/Frameworks/Cocoa.framework/Versions/A/Cocoa
0x000000000c2fd000 	/System/Library/Frameworks/Security.framework/Versions/A/Security
0x000000000c2fd000 	/System/Library/Frameworks/ApplicationServices.framework/Versions/A/ApplicationServices
0x000000000c2fd000 	/usr/lib/libz.1.dylib
0x000000000c2fd000 	/usr/lib/libSystem.B.dylib
0x000000000c2fd000 	/usr/lib/libobjc.A.dylib
0x000000000c2fd000 	/System/Library/Frameworks/CoreFoundation.framework/Versions/A/CoreFoundation
0x000000000c2fd000 	/System/Library/Frameworks/AppKit.framework/Versions/C/AppKit
0x000000000c2fd000 	/System/Library/Frameworks/CoreData.framework/Versions/A/CoreData
0x000000000c2fd000 	/System/Library/Frameworks/Foundation.framework/Versions/C/Foundation
0x000000000c2fd000 	/System/Library/PrivateFrameworks/RemoteViewServices.framework/Versions/A/RemoteViewServices
0x000000000c2fd000 	/System/Library/PrivateFrameworks/UIFoundation.framework/Versions/A/UIFoundation
0x000000000c2fd000 	/System/Library/Frameworks/IOSurface.framework/Versions/A/IOSurface
0x000000000c2fd000 	/System/Library/Frameworks/AudioToolbox.framework/Versions/A/AudioToolbox
0x000000000c2fd000 	/System/Library/Frameworks/AudioUnit.framework/Versions/A/AudioUnit
0x000000000c2fd000 	/System/Library/PrivateFrameworks/DataDetectorsCore.framework/Versions/A/DataDetectorsCore
0x000000000c2fd000 	/System/Library/PrivateFrameworks/DesktopServicesPriv.framework/Versions/A/DesktopServicesPriv
0x000000000c2fd000 	/System/Library/Frameworks/Carbon.framework/Versions/A/Frameworks/HIToolbox.framework/Versions/A/HIToolbox
0x000000000c2fd000 	/System/Library/Frameworks/QuartzCore.framework/Versions/A/QuartzCore
0x000000000c2fd000 	/System/Library/Frameworks/Carbon.framework/Versions/A/Frameworks/SpeechRecognition.framework/Versions/A/SpeechRecognition
0x000000000c2fd000 	/usr/lib/libauto.dylib
0x000000000c2fd000 	/usr/lib/libicucore.A.dylib
0x000000000c2fd000 	/usr/lib/libxml2.2.dylib
0x000000000c2fd000 	/System/Library/PrivateFrameworks/CoreUI.framework/Versions/A/CoreUI
0x000000000c2fd000 	/System/Library/Frameworks/CoreAudio.framework/Versions/A/CoreAudio
0x000000000c2fd000 	/System/Library/Frameworks/DiskArbitration.framework/Versions/A/DiskArbitration
0x000000000c2fd000 	/usr/lib/liblangid.dylib
0x000000000c2fd000 	/System/Library/PrivateFrameworks/MultitouchSupport.framework/Versions/A/MultitouchSupport
0x000000000c2fd000 	/System/Library/Frameworks/IOKit.framework/Versions/A/IOKit
0x000000000c2fd000 	/usr/lib/libDiagnosticMessagesClient.dylib
0x000000000c2fd000 	/System/Library/Frameworks/CoreServices.framework/Versions/A/CoreServices
0x000000000c2fd000 	/System/Library/PrivateFrameworks/PerformanceAnalysis.framework/Versions/A/PerformanceAnalysis
0x000000000c2fd000 	/System/Library/PrivateFrameworks/GenerationalStorage.framework/Versions/A/GenerationalStorage
0x000000000c2fd000 	/System/Library/Frameworks/OpenGL.framework/Versions/A/OpenGL
0x000000000c2fd000 	/System/Library/PrivateFrameworks/Sharing.framework/Versions/A/Sharing
0x000000000c2fd000 	/System/Library/Frameworks/CoreGraphics.framework/Versions/A/CoreGraphics
0x000000000c2fd000 	/System/Library/Frameworks/CoreText.framework/Versions/A/CoreText
0x000000000c2fd000 	/System/Library/Frameworks/ImageIO.framework/Versions/A/ImageIO
0x000000000c2fd000 	/usr/lib/libextension.dylib
0x000000000c2fd000 	/System/Library/PrivateFrameworks/Backup.framework/Versions/A/Backup
0x000000000c2fd000 	/usr/lib/libarchive.2.dylib
0x000000000c2fd000 	/System/Library/Frameworks/CFNetwork.framework/Versions/A/CFNetwork
0x000000000c2fd000 	/System/Library/Frameworks/SystemConfiguration.framework/Versions/A/SystemConfiguration
0x000000000c2fd000 	/usr/lib/libCRFSuite.dylib
0x000000000c2fd000 	/usr/lib/libc++.1.dylib
0x000000000c2fd000 	/usr/lib/libc++abi.dylib
0x000000000c2fd000 	/usr/lib/system/libcache.dylib
0x000000000c2fd000 	/usr/lib/system/libcommonCrypto.dylib
0x000000000c2fd000 	/usr/lib/system/libcompiler_rt.dylib
0x000000000c2fd000 	/usr/lib/system/libcopyfile.dylib
0x000000000c2fd000 	/usr/lib/system/libcorecrypto.dylib
0x000000000c2fd000 	/usr/lib/system/libdispatch.dylib
0x000000000c2fd000 	/usr/lib/system/libdyld.dylib
0x000000000c2fd000 	/usr/lib/system/libkeymgr.dylib
0x000000000c2fd000 	/usr/lib/system/liblaunch.dylib
0x000000000c2fd000 	/usr/lib/system/libmacho.dylib
0x000000000c2fd000 	/usr/lib/system/libquarantine.dylib
0x000000000c2fd000 	/usr/lib/system/libremovefile.dylib
0x000000000c2fd000 	/usr/lib/system/libsystem_asl.dylib
0x000000000c2fd000 	/usr/lib/system/libsystem_blocks.dylib
0x000000000c2fd000 	/usr/lib/system/libsystem_c.dylib
0x000000000c2fd000 	/usr/lib/system/libsystem_configuration.dylib
0x000000000c2fd000 	/usr/lib/system/libsystem_coreservices.dylib
0x000000000c2fd000 	/usr/lib/system/libsystem_coretls.dylib
0x000000000c2fd000 	/usr/lib/system/libsystem_dnssd.dylib
0x000000000c2fd000 	/usr/lib/system/libsystem_info.dylib
0x000000000c2fd000 	/usr/lib/system/libsystem_kernel.dylib
0x000000000c2fd000 	/usr/lib/system/libsystem_m.dylib
0x000000000c2fd000 	/usr/lib/system/libsystem_malloc.dylib
0x000000000c2fd000 	/usr/lib/system/libsystem_network.dylib
0x000000000c2fd000 	/usr/lib/system/libsystem_networkextension.dylib
0x000000000c2fd000 	/usr/lib/system/libsystem_notify.dylib
0x000000000c2fd000 	/usr/lib/system/libsystem_platform.dylib
0x000000000c2fd000 	/usr/lib/system/libsystem_pthread.dylib
0x000000000c2fd000 	/usr/lib/system/libsystem_sandbox.dylib
0x000000000c2fd000 	/usr/lib/system/libsystem_secinit.dylib
0x000000000c2fd000 	/usr/lib/system/libsystem_stats.dylib
0x000000000c2fd000 	/usr/lib/system/libsystem_trace.dylib
0x000000000c2fd000 	/usr/lib/system/libunc.dylib
0x000000000c2fd000 	/usr/lib/system/libunwind.dylib
0x000000000c2fd000 	/usr/lib/system/libxpc.dylib
0x000000000c2fd000 	/usr/lib/libbz2.1.0.dylib
0x000000000c2fd000 	/usr/lib/liblzma.5.dylib
0x000000000c2fd000 	/usr/lib/libbsm.0.dylib
0x000000000c2fd000 	/usr/lib/libsqlite3.dylib
0x000000000c2fd000 	/usr/lib/system/libkxld.dylib
0x000000000c2fd000 	/usr/lib/libxar.1.dylib
0x000000000c2fd000 	/usr/lib/libpam.2.dylib
0x000000000c2fd000 	/usr/lib/libOpenScriptingUtil.dylib
0x000000000c2fd000 	/System/Library/Frameworks/CoreServices.framework/Versions/A/Frameworks/FSEvents.framework/Versions/A/FSEvents
0x000000000c2fd000 	/System/Library/Frameworks/CoreServices.framework/Versions/A/Frameworks/CarbonCore.framework/Versions/A/CarbonCore
0x000000000c2fd000 	/System/Library/Frameworks/CoreServices.framework/Versions/A/Frameworks/Metadata.framework/Versions/A/Metadata
0x000000000c2fd000 	/System/Library/Frameworks/CoreServices.framework/Versions/A/Frameworks/OSServices.framework/Versions/A/OSServices
0x000000000c2fd000 	/System/Library/Frameworks/CoreServices.framework/Versions/A/Frameworks/SearchKit.framework/Versions/A/SearchKit
0x000000000c2fd000 	/System/Library/Frameworks/CoreServices.framework/Versions/A/Frameworks/AE.framework/Versions/A/AE
0x000000000c2fd000 	/System/Library/Frameworks/CoreServices.framework/Versions/A/Frameworks/LaunchServices.framework/Versions/A/LaunchServices
0x000000000c2fd000 	/System/Library/Frameworks/CoreServices.framework/Versions/A/Frameworks/DictionaryServices.framework/Versions/A/DictionaryServices
0x000000000c2fd000 	/System/Library/Frameworks/NetFS.framework/Versions/A/NetFS
0x000000000c2fd000 	/System/Library/PrivateFrameworks/NetAuth.framework/Versions/A/NetAuth
0x000000000c2fd000 	/System/Library/PrivateFrameworks/login.framework/Versions/A/Frameworks/loginsupport.framework/Versions/A/loginsupport
0x000000000c2fd000 	/System/Library/PrivateFrameworks/TCC.framework/Versions/A/TCC
0x000000000c2fd000 	/usr/lib/libmecabra.dylib
0x000000000c2fd000 	/System/Library/PrivateFrameworks/LanguageModeling.framework/Versions/A/LanguageModeling
0x000000000c2fd000 	/usr/lib/libcmph.dylib
0x000000000c2fd000 	/usr/lib/libiconv.2.dylib
0x000000000c2fd000 	/System/Library/Frameworks/OpenDirectory.framework/Versions/A/Frameworks/CFOpenDirectory.framework/Versions/A/CFOpenDirectory
0x000000000c2fd000 	/System/Library/Frameworks/ServiceManagement.framework/Versions/A/ServiceManagement
0x000000000c2fd000 	/usr/lib/libxslt.1.dylib
0x000000000c2fd000 	/System/Library/Frameworks/Carbon.framework/Versions/A/Frameworks/Ink.framework/Versions/A/Ink
0x000000000c2fd000 	/System/Library/Frameworks/ApplicationServices.framework/Versions/A/Frameworks/ATS.framework/Versions/A/ATS
0x000000000c2fd000 	/System/Library/Frameworks/ApplicationServices.framework/Versions/A/Frameworks/ColorSync.framework/Versions/A/ColorSync
0x000000000c2fd000 	/System/Library/Frameworks/ApplicationServices.framework/Versions/A/Frameworks/HIServices.framework/Versions/A/HIServices
0x000000000c2fd000 	/System/Library/Frameworks/ApplicationServices.framework/Versions/A/Frameworks/LangAnalysis.framework/Versions/A/LangAnalysis
0x000000000c2fd000 	/System/Library/Frameworks/ApplicationServices.framework/Versions/A/Frameworks/PrintCore.framework/Versions/A/PrintCore
0x000000000c2fd000 	/System/Library/Frameworks/ApplicationServices.framework/Versions/A/Frameworks/QD.framework/Versions/A/QD
0x000000000c2fd000 	/System/Library/Frameworks/ApplicationServices.framework/Versions/A/Frameworks/SpeechSynthesis.framework/Versions/A/SpeechSynthesis
0x000000000c2fd000 	/System/Library/Frameworks/Accelerate.framework/Versions/A/Accelerate
0x000000000c2fd000 	/System/Library/Frameworks/Accelerate.framework/Versions/A/Frameworks/vImage.framework/Versions/A/vImage
0x000000000c2fd000 	/System/Library/Frameworks/Accelerate.framework/Versions/A/Frameworks/vecLib.framework/Versions/A/vecLib
0x000000000c2fd000 	/System/Library/Frameworks/Accelerate.framework/Versions/A/Frameworks/vecLib.framework/Versions/A/libvDSP.dylib
0x000000000c2fd000 	/System/Library/Frameworks/Accelerate.framework/Versions/A/Frameworks/vecLib.framework/Versions/A/libvMisc.dylib
0x000000000c2fd000 	/System/Library/Frameworks/Accelerate.framework/Versions/A/Frameworks/vecLib.framework/Versions/A/libLAPACK.dylib
0x000000000c2fd000 	/System/Library/Frameworks/Accelerate.framework/Versions/A/Frameworks/vecLib.framework/Versions/A/libBLAS.dylib
0x000000000c2fd000 	/System/Library/Frameworks/Accelerate.framework/Versions/A/Frameworks/vecLib.framework/Versions/A/libLinearAlgebra.dylib
0x000000000c2fd000 	/System/Library/Frameworks/ApplicationServices.framework/Versions/A/Frameworks/ATS.framework/Versions/A/Resources/libFontParser.dylib
0x000000000c2fd000 	/System/Library/Frameworks/ApplicationServices.framework/Versions/A/Frameworks/ATS.framework/Versions/A/Resources/libFontRegistry.dylib
0x000000000c2fd000 	/System/Library/PrivateFrameworks/AppleVPA.framework/Versions/A/AppleVPA
0x000000000c2fd000 	/System/Library/PrivateFrameworks/AppleJPEG.framework/Versions/A/AppleJPEG
0x000000000c2fd000 	/System/Library/Frameworks/ImageIO.framework/Versions/A/Resources/libJPEG.dylib
0x000000000c2fd000 	/System/Library/Frameworks/ImageIO.framework/Versions/A/Resources/libTIFF.dylib
0x000000000c2fd000 	/System/Library/Frameworks/ImageIO.framework/Versions/A/Resources/libPng.dylib
0x000000000c2fd000 	/System/Library/Frameworks/ImageIO.framework/Versions/A/Resources/libGIF.dylib
0x000000000c2fd000 	/System/Library/Frameworks/ImageIO.framework/Versions/A/Resources/libJP2.dylib
0x000000000c2fd000 	/System/Library/Frameworks/ImageIO.framework/Versions/A/Resources/libRadiance.dylib
0x000000000c2fd000 	/System/Library/Frameworks/CoreVideo.framework/Versions/A/CoreVideo
0x000000000c2fd000 	/System/Library/Frameworks/OpenGL.framework/Versions/A/Libraries/libGLU.dylib
0x000000000c2fd000 	/System/Library/Frameworks/OpenGL.framework/Versions/A/Libraries/libGFXShared.dylib
0x000000000c2fd000 	/System/Library/Frameworks/OpenGL.framework/Versions/A/Libraries/libGL.dylib
0x000000000c2fd000 	/System/Library/Frameworks/OpenGL.framework/Versions/A/Libraries/libGLImage.dylib
0x000000000c2fd000 	/System/Library/Frameworks/OpenGL.framework/Versions/A/Libraries/libCVMSPluginSupport.dylib
0x000000000c2fd000 	/System/Library/Frameworks/OpenGL.framework/Versions/A/Libraries/libCoreVMClient.dylib
0x000000000c2fd000 	/usr/lib/libcups.2.dylib
0x000000000c2fd000 	/System/Library/Frameworks/Kerberos.framework/Versions/A/Kerberos
0x000000000c2fd000 	/System/Library/Frameworks/GSS.framework/Versions/A/GSS
0x000000000c2fd000 	/usr/lib/libresolv.9.dylib
0x000000000c2fd000 	/System/Library/PrivateFrameworks/Heimdal.framework/Versions/A/Heimdal
0x000000000c2fd000 	/usr/lib/libheimdal-asn1.dylib
0x000000000c2fd000 	/System/Library/Frameworks/OpenDirectory.framework/Versions/A/OpenDirectory
0x000000000c2fd000 	/System/Library/PrivateFrameworks/CommonAuth.framework/Versions/A/CommonAuth
0x000000000c2fd000 	/System/Library/Frameworks/SecurityFoundation.framework/Versions/A/SecurityFoundation
0x000000000c2fd000 	/System/Library/Frameworks/QuartzCore.framework/Versions/A/Frameworks/CoreImage.framework/Versions/A/CoreImage
0x000000000c2fd000 	/System/Library/PrivateFrameworks/CrashReporterSupport.framework/Versions/A/CrashReporterSupport
0x000000000c2fd000 	/System/Library/Frameworks/OpenCL.framework/Versions/A/OpenCL
0x000000000c2fd000 	/System/Library/PrivateFrameworks/FaceCore.framework/Versions/A/FaceCore
0x000000000c2fd000 	/System/Library/PrivateFrameworks/Ubiquity.framework/Versions/A/Ubiquity
0x000000000c2fd000 	/System/Library/PrivateFrameworks/IconServices.framework/Versions/A/IconServices
0x000000000c2fd000 	/System/Library/PrivateFrameworks/ChunkingLibrary.framework/Versions/A/ChunkingLibrary
0x000000000c2fd000 	/System/Library/PrivateFrameworks/Apple80211.framework/Versions/A/Apple80211
0x000000000c2fd000 	/System/Library/Frameworks/CoreWLAN.framework/Versions/A/CoreWLAN
0x000000000c2fd000 	/System/Library/Frameworks/IOBluetooth.framework/Versions/A/IOBluetooth
0x000000000c2fd000 	/System/Library/PrivateFrameworks/CoreWiFi.framework/Versions/A/CoreWiFi
0x000000000c2fd000 	/System/Library/Frameworks/CoreBluetooth.framework/Versions/A/CoreBluetooth
0x000000000c2fd000 	/System/Library/PrivateFrameworks/DebugSymbols.framework/Versions/A/DebugSymbols
0x000000000c2fd000 	/System/Library/PrivateFrameworks/CoreSymbolication.framework/Versions/A/CoreSymbolication
0x000000000c2fd000 	/System/Library/PrivateFrameworks/Symbolication.framework/Versions/A/Symbolication
0x000000000c2fd000 	/System/Library/PrivateFrameworks/SpeechRecognitionCore.framework/Versions/A/SpeechRecognitionCore
0x0000000107400000 	/Library/Java/JavaVirtualMachines/jdk1.7.0_07.jdk/Contents/Home/jre/lib/server/libjvm.dylib
0x000000000c2fd000 	/usr/lib/libstdc++.6.dylib
0x0000000106bf0000 	/Library/Java/JavaVirtualMachines/jdk1.7.0_07.jdk/Contents/Home/jre/lib/libverify.dylib
0x0000000107faa000 	/Library/Java/JavaVirtualMachines/jdk1.7.0_07.jdk/Contents/Home/jre/lib/libjava.dylib
0x0000000107fe2000 	/Library/Java/JavaVirtualMachines/jdk1.7.0_07.jdk/Contents/Home/jre/lib/libzip.dylib
0x000000010b78b000 	/System/Library/Frameworks/JavaVM.framework/Frameworks/JavaRuntimeSupport.framework/JavaRuntimeSupport
0x000000010b7a3000 	/System/Library/Frameworks/JavaVM.framework/Versions/A/Frameworks/JavaNativeFoundation.framework/Versions/A/JavaNativeFoundation
0x000000010b7b8000 	/System/Library/Frameworks/JavaVM.framework/Versions/A/JavaVM
0x000000000c2fd000 	/System/Library/Frameworks/Carbon.framework/Versions/A/Carbon
0x000000010b7c5000 	/System/Library/PrivateFrameworks/JavaLaunching.framework/Versions/A/JavaLaunching
0x000000000c2fd000 	/System/Library/Frameworks/Carbon.framework/Versions/A/Frameworks/CommonPanels.framework/Versions/A/CommonPanels
0x000000000c2fd000 	/System/Library/Frameworks/Carbon.framework/Versions/A/Frameworks/Help.framework/Versions/A/Help
0x000000000c2fd000 	/System/Library/Frameworks/Carbon.framework/Versions/A/Frameworks/ImageCapture.framework/Versions/A/ImageCapture
0x000000000c2fd000 	/System/Library/Frameworks/Carbon.framework/Versions/A/Frameworks/OpenScripting.framework/Versions/A/OpenScripting
0x000000000c2fd000 	/System/Library/Frameworks/Carbon.framework/Versions/A/Frameworks/Print.framework/Versions/A/Print
0x000000000c2fd000 	/System/Library/Frameworks/Carbon.framework/Versions/A/Frameworks/SecurityHI.framework/Versions/A/SecurityHI
0x000000010d541000 	/Library/Java/JavaVirtualMachines/jdk1.7.0_07.jdk/Contents/Home/jre/lib/libawt.dylib
0x000000010d5f0000 	/Library/Java/JavaVirtualMachines/jdk1.7.0_07.jdk/Contents/Home/jre/lib/./libmlib_image.dylib
0x000000010d6bc000 	/Library/Java/JavaVirtualMachines/jdk1.7.0_07.jdk/Contents/Home/jre/lib/lwawt/liblwawt.dylib
0x000000010d76e000 	/Library/Java/JavaVirtualMachines/jdk1.7.0_07.jdk/Contents/Home/jre/lib/libosxapp.dylib
0x000000000c2fd000 	/System/Library/Frameworks/ExceptionHandling.framework/Versions/A/ExceptionHandling
0x000000000c2fd000 	/System/Library/PrivateFrameworks/CoreServicesInternal.framework/Versions/A/CoreServicesInternal
0x000000000c2fd000 	/System/Library/PrivateFrameworks/CloudDocs.framework/Versions/A/CloudDocs
0x000000000c2fd000 	/System/Library/PrivateFrameworks/CoreDuet.framework/Versions/A/CoreDuet
0x000000000c2fd000 	/System/Library/Frameworks/CloudKit.framework/Versions/A/CloudKit
0x000000000c2fd000 	/System/Library/PrivateFrameworks/ProtocolBuffer.framework/Versions/A/ProtocolBuffer
0x000000000c2fd000 	/System/Library/PrivateFrameworks/CoreDuetDaemonProtocol.framework/Versions/A/CoreDuetDaemonProtocol
0x000000000c2fd000 	/System/Library/PrivateFrameworks/CoreDuetDebugLogging.framework/Versions/A/CoreDuetDebugLogging
0x000000000c2fd000 	/System/Library/Frameworks/CoreLocation.framework/Versions/A/CoreLocation
0x000000000c2fd000 	/System/Library/Frameworks/Accounts.framework/Versions/A/Accounts
0x000000000c2fd000 	/System/Library/PrivateFrameworks/ApplePushService.framework/Versions/A/ApplePushService
0x000000000c2fd000 	/System/Library/PrivateFrameworks/GeoServices.framework/Versions/A/GeoServices
0x000000000c2fd000 	/System/Library/PrivateFrameworks/OAuth.framework/Versions/A/OAuth
0x000000000c2fd000 	/System/Library/PrivateFrameworks/CoreDaemon.framework/Versions/B/CoreDaemon
0x000000000c2fd000 	/usr/lib/libcrypto.0.9.8.dylib
0x000000000c2fd000 	/System/Library/PrivateFrameworks/AppleSRP.framework/Versions/A/AppleSRP
0x000000000c2fd000 	/System/Library/PrivateFrameworks/TrustEvaluationAgent.framework/Versions/A/TrustEvaluationAgent
0x000000000c2fd000 	/System/Library/Frameworks/CoreGraphics.framework/Versions/A/Resources/libCGCMS.A.dylib
0x000000000c2fd000 	/System/Library/Frameworks/CoreGraphics.framework/Versions/A/Resources/libRIP.A.dylib
0x000000000c2fd000 	/System/Library/Frameworks/CoreGraphics.framework/Versions/A/Resources/libCGXType.A.dylib
0x000000000c2fd000 	/System/Library/Frameworks/OpenCL.framework/Versions/A/Libraries/libcldcpuengine.dylib
0x000000000c2fd000 	/System/Library/PrivateFrameworks/DiskImages.framework/Versions/A/DiskImages
0x000000000c2fd000 	/System/Library/Frameworks/DiscRecording.framework/Versions/A/DiscRecording
0x000000000c2fd000 	/usr/lib/libcsfde.dylib
0x000000000c2fd000 	/usr/lib/libcurl.4.dylib
0x000000000c2fd000 	/System/Library/PrivateFrameworks/MediaKit.framework/Versions/A/MediaKit
0x000000000c2fd000 	/System/Library/PrivateFrameworks/ProtectedCloudStorage.framework/Versions/A/ProtectedCloudStorage
0x000000000c2fd000 	/usr/lib/libCoreStorage.dylib
0x000000000c2fd000 	/System/Library/PrivateFrameworks/EFILogin.framework/Versions/A/EFILogin
0x000000000c2fd000 	/usr/lib/libutil.dylib
0x000000000c2fd000 	/System/Library/PrivateFrameworks/FindMyDevice.framework/Versions/A/FindMyDevice
0x000000000c2fd000 	/System/Library/Frameworks/LDAP.framework/Versions/A/LDAP
0x000000000c2fd000 	/usr/lib/libsasl2.2.dylib
0x000000011020c000 	cl_kernels
0x000000011020e000 	/System/Library/Frameworks/OpenCL.framework/Versions/A/Libraries/ImageFormats/unorm8_bgra.dylib
0x00000001101fd000 	cl_kernels
0x000000000c2fd000 	/System/Library/PrivateFrameworks/FamilyControls.framework/Versions/A/FamilyControls
0x000000000c2fd000 	/System/Library/PrivateFrameworks/CommerceKit.framework/Versions/A/Frameworks/CommerceCore.framework/Versions/A/CommerceCore
0x000000000c2fd000 	/System/Library/PrivateFrameworks/SystemAdministration.framework/Versions/A/SystemAdministration
0x000000000c2fd000 	/System/Library/PrivateFrameworks/AppContainer.framework/Versions/A/AppContainer
0x000000000c2fd000 	/System/Library/PrivateFrameworks/SecCodeWrapper.framework/Versions/A/SecCodeWrapper
0x000000000c2fd000 	/System/Library/Frameworks/DirectoryService.framework/Versions/A/DirectoryService
0x000000000c2fd000 	/System/Library/PrivateFrameworks/LoginUIKit.framework/Versions/A/Frameworks/LoginUICore.framework/Versions/A/LoginUICore
0x000000000c2fd000 	/usr/lib/libodfde.dylib
0x00000001114a7000 	/Library/Java/JavaVirtualMachines/jdk1.7.0_07.jdk/Contents/Home/jre/lib/libfontmanager.dylib
0x00000001114f3000 	/Users/eashaan/eclipse-and-more/repositories/Games/RPG Game/lwjgl-2.9.1/native/macosx/liblwjgl.jnilib
0x000000010f725000 	/Library/Java/JavaVirtualMachines/jdk1.7.0_07.jdk/Contents/Home/jre/lib/libjawt.dylib
0x000000000c2fd000 	/System/Library/Frameworks/OpenGL.framework/Versions/A/Resources/GLEngine.bundle/GLEngine
0x000000000c2fd000 	/System/Library/Frameworks/OpenGL.framework/Versions/A/Libraries/libGLProgrammability.dylib
0x0000000000000000 	/System/Library/Extensions/AMDRadeonX3000GLDriver.bundle/Contents/MacOS/AMDRadeonX3000GLDriver
0x000000000c2fd000 	/System/Library/PrivateFrameworks/IOAccelerator.framework/Versions/A/IOAccelerator
0x000000000c2fd000 	/System/Library/PrivateFrameworks/GPUSupport.framework/Versions/A/Libraries/libGPUSupportMercury.dylib
0x000000000c2fd000 	/System/Library/Frameworks/OpenGL.framework/Versions/A/Resources/GLRendererFloat.bundle/GLRendererFloat

VM Arguments:
jvm_args: -Djava.library.path=/Users/eashaan/eclipse-and-more/repositories/Games/RPG Game/lwjgl-2.9.1/native/macosx -Dfile.encoding=US-ASCII 
java_command: com.main.Window
Launcher Type: SUN_STANDARD

Environment Variables:
PATH=/usr/bin:/bin:/usr/sbin:/sbin
SHELL=/bin/bash

Signal Handlers:
SIGSEGV: [libjvm.dylib+0x4a3a1d], sa_mask[0]=0xfffefeff, sa_flags=0x00000042
SIGBUS: [libjvm.dylib+0x4a3a1d], sa_mask[0]=0xfffefeff, sa_flags=0x00000042
SIGFPE: [libjvm.dylib+0x3b3431], sa_mask[0]=0xfffefeff, sa_flags=0x00000042
SIGPIPE: [libjvm.dylib+0x3b3431], sa_mask[0]=0xfffefeff, sa_flags=0x00000042
SIGXFSZ: [libjvm.dylib+0x3b3431], sa_mask[0]=0xfffefeff, sa_flags=0x00000042
SIGILL: [libjvm.dylib+0x3b3431], sa_mask[0]=0xfffefeff, sa_flags=0x00000042
SIGUSR1: SIG_DFL, sa_mask[0]=0x00000000, sa_flags=0x00000000
SIGUSR2: [libjvm.dylib+0x3b2fca], sa_mask[0]=0x00000004, sa_flags=0x00000042
SIGHUP: [libjvm.dylib+0x3b122b], sa_mask[0]=0xfffefeff, sa_flags=0x00000042
SIGINT: [libjvm.dylib+0x3b122b], sa_mask[0]=0xfffefeff, sa_flags=0x00000042
SIGTERM: [libjvm.dylib+0x3b122b], sa_mask[0]=0xfffefeff, sa_flags=0x00000042
SIGQUIT: [libjvm.dylib+0x3b122b], sa_mask[0]=0xfffefeff, sa_flags=0x00000042


---------------  S Y S T E M  ---------------

OS:Bsduname:Darwin 14.0.0 Darwin Kernel Version 14.0.0: Fri Sep 19 00:26:44 PDT 2014; root:xnu-2782.1.97~2/RELEASE_X86_64 x86_64
rlimit: STACK 8192k, CORE 0k, NPROC 709, NOFILE 10240, AS infinity
load average:1.87 1.55 1.40

CPU:total 4 (4 cores per cpu, 1 threads per core) family 6 model 42 stepping 7, cmov, cx8, fxsr, mmx, sse, sse2, sse3, ssse3, sse4.1, sse4.2, popcnt, avx, tsc, tscinvbit

Memory: 4k page, physical 1268692k(317173k free)

/proc/meminfo:


vm_info: Java HotSpot(TM) 64-Bit Server VM (23.3-b01) for bsd-amd64 JRE (1.7.0_07-b10), built on Aug 28 2012 18:14:29 by "java_re" with gcc 4.2.1 (Based on Apple Inc. build 5658) (LLVM build 2336.9.00)

time: Sun Feb  1 22:10:51 2015
elapsed time: 4 seconds

